[100%] Built target sync_logger_node
-- Install configuration: ""
-- Up-to-date: /home/yufei/code/Palpation_smoother/ros2/install/sync_logger_node/lib/sync_logger_node/sync_logger_node
-- Up-to-date: /home/yufei/code/Palpation_smoother/ros2/install/sync_logger_node/share/sync_logger_node//launch
-- Up-to-date: /home/yufei/code/Palpation_smoother/ros2/install/sync_logger_node/share/sync_logger_node//launch/multi_sensor_logger_launch.py
-- Up-to-date: /home/yufei/code/Palpation_smoother/ros2/install/sync_logger_node/share/ament_index/resource_index/package_run_dependencies/sync_logger_node
-- Up-to-date: /home/yufei/code/Palpation_smoother/ros2/install/sync_logger_node/share/ament_index/resource_index/parent_prefix_path/sync_logger_node
-- Up-to-date: /home/yufei/code/Palpation_smoother/ros2/install/sync_logger_node/share/sync_logger_node/environment/ament_prefix_path.sh
-- Up-to-date: /home/yufei/code/Palpation_smoother/ros2/install/sync_logger_node/share/sync_logger_node/environment/ament_prefix_path.dsv
-- Up-to-date: /home/yufei/code/Palpation_smoother/ros2/install/sync_logger_node/share/sync_logger_node/environment/path.sh
-- Up-to-date: /home/yufei/code/Palpation_smoother/ros2/install/sync_logger_node/share/sync_logger_node/environment/path.dsv
-- Up-to-date: /home/yufei/code/Palpation_smoother/ros2/install/sync_logger_node/share/sync_logger_node/local_setup.bash
-- Up-to-date: /home/yufei/code/Palpation_smoother/ros2/install/sync_logger_node/share/sync_logger_node/local_setup.sh
-- Up-to-date: /home/yufei/code/Palpation_smoother/ros2/install/sync_logger_node/share/sync_logger_node/local_setup.zsh
-- Up-to-date: /home/yufei/code/Palpation_smoother/ros2/install/sync_logger_node/share/sync_logger_node/local_setup.dsv
-- Installing: /home/yufei/code/Palpation_smoother/ros2/install/sync_logger_node/share/sync_logger_node/package.dsv
-- Up-to-date: /home/yufei/code/Palpation_smoother/ros2/install/sync_logger_node/share/ament_index/resource_index/packages/sync_logger_node
-- Up-to-date: /home/yufei/code/Palpation_smoother/ros2/install/sync_logger_node/share/sync_logger_node/cmake/sync_logger_nodeConfig.cmake
-- Up-to-date: /home/yufei/code/Palpation_smoother/ros2/install/sync_logger_node/share/sync_logger_node/cmake/sync_logger_nodeConfig-version.cmake
-- Up-to-date: /home/yufei/code/Palpation_smoother/ros2/install/sync_logger_node/share/sync_logger_node/package.xml
