running egg_info
creating ../../build/palpation_calibration/palpation_calibration.egg-info
writing ../../build/palpation_calibration/palpation_calibration.egg-info/PKG-INFO
writing dependency_links to ../../build/palpation_calibration/palpation_calibration.egg-info/dependency_links.txt
writing requirements to ../../build/palpation_calibration/palpation_calibration.egg-info/requires.txt
writing top-level names to ../../build/palpation_calibration/palpation_calibration.egg-info/top_level.txt
writing manifest file '../../build/palpation_calibration/palpation_calibration.egg-info/SOURCES.txt'
reading manifest file '../../build/palpation_calibration/palpation_calibration.egg-info/SOURCES.txt'
writing manifest file '../../build/palpation_calibration/palpation_calibration.egg-info/SOURCES.txt'
running build
running build_py
creating /home/reach-lab/Palpation_smoother/ros2/build/palpation_calibration/build
creating /home/reach-lab/Palpation_smoother/ros2/build/palpation_calibration/build/lib
creating /home/reach-lab/Palpation_smoother/ros2/build/palpation_calibration/build/lib/palpation_calibration
copying palpation_calibration/kinematic_calibration_runner.py -> /home/reach-lab/Palpation_smoother/ros2/build/palpation_calibration/build/lib/palpation_calibration
copying palpation_calibration/__init__.py -> /home/reach-lab/Palpation_smoother/ros2/build/palpation_calibration/build/lib/palpation_calibration
running install
running install_lib
creating /home/reach-lab/Palpation_smoother/ros2/install/palpation_calibration/lib/python3.12/site-packages/palpation_calibration
copying /home/reach-lab/Palpation_smoother/ros2/build/palpation_calibration/build/lib/palpation_calibration/kinematic_calibration_runner.py -> /home/reach-lab/Palpation_smoother/ros2/install/palpation_calibration/lib/python3.12/site-packages/palpation_calibration
copying /home/reach-lab/Palpation_smoother/ros2/build/palpation_calibration/build/lib/palpation_calibration/__init__.py -> /home/reach-lab/Palpation_smoother/ros2/install/palpation_calibration/lib/python3.12/site-packages/palpation_calibration
byte-compiling /home/reach-lab/Palpation_smoother/ros2/install/palpation_calibration/lib/python3.12/site-packages/palpation_calibration/kinematic_calibration_runner.py to kinematic_calibration_runner.cpython-312.pyc
byte-compiling /home/reach-lab/Palpation_smoother/ros2/install/palpation_calibration/lib/python3.12/site-packages/palpation_calibration/__init__.py to __init__.cpython-312.pyc
running install_data
creating /home/reach-lab/Palpation_smoother/ros2/install/palpation_calibration/share/ament_index
creating /home/reach-lab/Palpation_smoother/ros2/install/palpation_calibration/share/ament_index/resource_index
creating /home/reach-lab/Palpation_smoother/ros2/install/palpation_calibration/share/ament_index/resource_index/packages
copying resource/palpation_calibration -> /home/reach-lab/Palpation_smoother/ros2/install/palpation_calibration/share/ament_index/resource_index/packages
copying package.xml -> /home/reach-lab/Palpation_smoother/ros2/install/palpation_calibration/share/palpation_calibration
running install_egg_info
Copying ../../build/palpation_calibration/palpation_calibration.egg-info to /home/reach-lab/Palpation_smoother/ros2/install/palpation_calibration/lib/python3.12/site-packages/palpation_calibration-0.0.0-py3.12.egg-info
running install_scripts
writing list of installed files to '/home/reach-lab/Palpation_smoother/ros2/build/palpation_calibration/install.log'
