[1.731s] Invoking command in '/home/yufei/code/Palpation_smoother/ros2/src/palpation_calibration': DEBUGINFOD_URLS=https://debuginfod.ubuntu.com PYTHONPATH=/home/yufei/code/Palpation_smoother/ros2/build/palpation_calibration/prefix_override:/usr/lib/python3/dist-packages/colcon_core/task/python/colcon_distutils_commands:/home/yufei/code/Palpation_smoother/ros2/install/palpation_calibration/lib/python3.12/site-packages:${PYTHONPATH} /usr/bin/python3 -W ignore:setup.py install is deprecated -W ignore:easy_install command is deprecated setup.py egg_info --egg-base ../../build/palpation_calibration build --build-base /home/yufei/code/Palpation_smoother/ros2/build/palpation_calibration/build install --record /home/yufei/code/Palpation_smoother/ros2/build/palpation_calibration/install.log --single-version-externally-managed install_data
[2.183s] running egg_info
[2.213s] writing ../../build/palpation_calibration/palpation_calibration.egg-info/PKG-INFO
[2.213s] writing dependency_links to ../../build/palpation_calibration/palpation_calibration.egg-info/dependency_links.txt
[2.213s] writing entry points to ../../build/palpation_calibration/palpation_calibration.egg-info/entry_points.txt
[2.214s] writing requirements to ../../build/palpation_calibration/palpation_calibration.egg-info/requires.txt
[2.214s] writing top-level names to ../../build/palpation_calibration/palpation_calibration.egg-info/top_level.txt
[2.272s] reading manifest file '../../build/palpation_calibration/palpation_calibration.egg-info/SOURCES.txt'
[2.274s] writing manifest file '../../build/palpation_calibration/palpation_calibration.egg-info/SOURCES.txt'
[2.274s] running build
[2.275s] running build_py
[2.275s] copying palpation_calibration/kinematic_calibration_runner.py -> /home/yufei/code/Palpation_smoother/ros2/build/palpation_calibration/build/lib/palpation_calibration
[2.275s] running install
[2.286s] running install_lib
[2.316s] copying /home/yufei/code/Palpation_smoother/ros2/build/palpation_calibration/build/lib/palpation_calibration/kinematic_calibration_runner.py -> /home/yufei/code/Palpation_smoother/ros2/install/palpation_calibration/lib/python3.12/site-packages/palpation_calibration
[2.317s] byte-compiling /home/yufei/code/Palpation_smoother/ros2/install/palpation_calibration/lib/python3.12/site-packages/palpation_calibration/kinematic_calibration_runner.py to kinematic_calibration_runner.cpython-312.pyc
[2.320s] running install_data
[2.321s] running install_egg_info
[2.352s] removing '/home/yufei/code/Palpation_smoother/ros2/install/palpation_calibration/lib/python3.12/site-packages/palpation_calibration-0.0.0-py3.12.egg-info' (and everything under it)
[2.353s] Copying ../../build/palpation_calibration/palpation_calibration.egg-info to /home/yufei/code/Palpation_smoother/ros2/install/palpation_calibration/lib/python3.12/site-packages/palpation_calibration-0.0.0-py3.12.egg-info
[2.354s] running install_scripts
[2.557s] Installing calibration_runner script to /home/yufei/code/Palpation_smoother/ros2/install/palpation_calibration/lib/palpation_calibration
[2.558s] writing list of installed files to '/home/yufei/code/Palpation_smoother/ros2/build/palpation_calibration/install.log'
[2.607s] Invoked command in '/home/yufei/code/Palpation_smoother/ros2/src/palpation_calibration' returned '0': DEBUGINFOD_URLS=https://debuginfod.ubuntu.com PYTHONPATH=/home/yufei/code/Palpation_smoother/ros2/build/palpation_calibration/prefix_override:/usr/lib/python3/dist-packages/colcon_core/task/python/colcon_distutils_commands:/home/yufei/code/Palpation_smoother/ros2/install/palpation_calibration/lib/python3.12/site-packages:${PYTHONPATH} /usr/bin/python3 -W ignore:setup.py install is deprecated -W ignore:easy_install command is deprecated setup.py egg_info --egg-base ../../build/palpation_calibration build --build-base /home/yufei/code/Palpation_smoother/ros2/build/palpation_calibration/build install --record /home/yufei/code/Palpation_smoother/ros2/build/palpation_calibration/install.log --single-version-externally-managed install_data
