[1.532s] Invoking command in '/home/yufei/code/Palpation_smoother/ros2/src/palpation_calibration': DEBUGINFOD_URLS=https://debuginfod.ubuntu.com PYTHONPATH=/home/yufei/code/Palpation_smoother/ros2/build/palpation_calibration/prefix_override:/usr/lib/python3/dist-packages/colcon_core/task/python/colcon_distutils_commands:/home/yufei/code/Palpation_smoother/ros2/install/palpation_calibration/lib/python3.12/site-packages:${PYTHONPATH} /usr/bin/python3 -W ignore:setup.py install is deprecated -W ignore:easy_install command is deprecated setup.py egg_info --egg-base ../../build/palpation_calibration build --build-base /home/yufei/code/Palpation_smoother/ros2/build/palpation_calibration/build install --record /home/yufei/code/Palpation_smoother/ros2/build/palpation_calibration/install.log --single-version-externally-managed install_data
[1.907s] running egg_info
[1.933s] writing ../../build/palpation_calibration/palpation_calibration.egg-info/PKG-INFO
[1.933s] writing dependency_links to ../../build/palpation_calibration/palpation_calibration.egg-info/dependency_links.txt
[1.933s] writing entry points to ../../build/palpation_calibration/palpation_calibration.egg-info/entry_points.txt
[1.934s] writing requirements to ../../build/palpation_calibration/palpation_calibration.egg-info/requires.txt
[1.934s] writing top-level names to ../../build/palpation_calibration/palpation_calibration.egg-info/top_level.txt
[1.986s] reading manifest file '../../build/palpation_calibration/palpation_calibration.egg-info/SOURCES.txt'
[1.987s] writing manifest file '../../build/palpation_calibration/palpation_calibration.egg-info/SOURCES.txt'
[1.987s] running build
[1.988s] running build_py
[1.988s] copying palpation_calibration/kinematic_calibration_runner.py -> /home/yufei/code/Palpation_smoother/ros2/build/palpation_calibration/build/lib/palpation_calibration
[1.988s] running install
[1.998s] running install_lib
[2.025s] copying /home/yufei/code/Palpation_smoother/ros2/build/palpation_calibration/build/lib/palpation_calibration/kinematic_calibration_runner.py -> /home/yufei/code/Palpation_smoother/ros2/install/palpation_calibration/lib/python3.12/site-packages/palpation_calibration
[2.025s] byte-compiling /home/yufei/code/Palpation_smoother/ros2/install/palpation_calibration/lib/python3.12/site-packages/palpation_calibration/kinematic_calibration_runner.py to kinematic_calibration_runner.cpython-312.pyc
[2.029s] running install_data
[2.029s] running install_egg_info
[2.056s] removing '/home/yufei/code/Palpation_smoother/ros2/install/palpation_calibration/lib/python3.12/site-packages/palpation_calibration-0.0.0-py3.12.egg-info' (and everything under it)
[2.057s] Copying ../../build/palpation_calibration/palpation_calibration.egg-info to /home/yufei/code/Palpation_smoother/ros2/install/palpation_calibration/lib/python3.12/site-packages/palpation_calibration-0.0.0-py3.12.egg-info
[2.057s] running install_scripts
[2.276s] Installing calibration_runner script to /home/yufei/code/Palpation_smoother/ros2/install/palpation_calibration/lib/palpation_calibration
[2.277s] writing list of installed files to '/home/yufei/code/Palpation_smoother/ros2/build/palpation_calibration/install.log'
[2.338s] Invoked command in '/home/yufei/code/Palpation_smoother/ros2/src/palpation_calibration' returned '0': DEBUGINFOD_URLS=https://debuginfod.ubuntu.com PYTHONPATH=/home/yufei/code/Palpation_smoother/ros2/build/palpation_calibration/prefix_override:/usr/lib/python3/dist-packages/colcon_core/task/python/colcon_distutils_commands:/home/yufei/code/Palpation_smoother/ros2/install/palpation_calibration/lib/python3.12/site-packages:${PYTHONPATH} /usr/bin/python3 -W ignore:setup.py install is deprecated -W ignore:easy_install command is deprecated setup.py egg_info --egg-base ../../build/palpation_calibration build --build-base /home/yufei/code/Palpation_smoother/ros2/build/palpation_calibration/build install --record /home/yufei/code/Palpation_smoother/ros2/build/palpation_calibration/install.log --single-version-externally-managed install_data
