[0.371s] Invoking command in '/home/reach-lab/Palpation_smoother/ros2/src/palpation_calibration': DEBUGINFOD_URLS=https://debuginfod.ubuntu.com PYTHONPATH=/home/reach-lab/Palpation_smoother/build/palpation_calibration/prefix_override:/usr/lib/python3/dist-packages/colcon_core/task/python/colcon_distutils_commands:/home/reach-lab/Palpation_smoother/install/palpation_calibration/lib/python3.12/site-packages:${PYTHONPATH} /usr/bin/python3 -W ignore:setup.py install is deprecated -W ignore:easy_install command is deprecated setup.py egg_info --egg-base ../../../build/palpation_calibration build --build-base /home/reach-lab/Palpation_smoother/build/palpation_calibration/build install --record /home/reach-lab/Palpation_smoother/build/palpation_calibration/install.log --single-version-externally-managed install_data
[0.606s] running egg_info
[0.606s] creating ../../../build/palpation_calibration/palpation_calibration.egg-info
[0.615s] writing ../../../build/palpation_calibration/palpation_calibration.egg-info/PKG-INFO
[0.616s] writing dependency_links to ../../../build/palpation_calibration/palpation_calibration.egg-info/dependency_links.txt
[0.616s] writing requirements to ../../../build/palpation_calibration/palpation_calibration.egg-info/requires.txt
[0.617s] writing top-level names to ../../../build/palpation_calibration/palpation_calibration.egg-info/top_level.txt
[0.617s] writing manifest file '../../../build/palpation_calibration/palpation_calibration.egg-info/SOURCES.txt'
[0.638s] reading manifest file '../../../build/palpation_calibration/palpation_calibration.egg-info/SOURCES.txt'
[0.639s] writing manifest file '../../../build/palpation_calibration/palpation_calibration.egg-info/SOURCES.txt'
[0.640s] running build
[0.640s] running build_py
[0.640s] creating /home/reach-lab/Palpation_smoother/build/palpation_calibration/build
[0.640s] creating /home/reach-lab/Palpation_smoother/build/palpation_calibration/build/lib
[0.640s] creating /home/reach-lab/Palpation_smoother/build/palpation_calibration/build/lib/palpation_calibration
[0.641s] copying palpation_calibration/kinematic_calibration_runner.py -> /home/reach-lab/Palpation_smoother/build/palpation_calibration/build/lib/palpation_calibration
[0.641s] copying palpation_calibration/__init__.py -> /home/reach-lab/Palpation_smoother/build/palpation_calibration/build/lib/palpation_calibration
[0.641s] running install
[0.647s] running install_lib
[0.664s] creating /home/reach-lab/Palpation_smoother/install/palpation_calibration/lib/python3.12/site-packages/palpation_calibration
[0.664s] copying /home/reach-lab/Palpation_smoother/build/palpation_calibration/build/lib/palpation_calibration/kinematic_calibration_runner.py -> /home/reach-lab/Palpation_smoother/install/palpation_calibration/lib/python3.12/site-packages/palpation_calibration
[0.664s] copying /home/reach-lab/Palpation_smoother/build/palpation_calibration/build/lib/palpation_calibration/__init__.py -> /home/reach-lab/Palpation_smoother/install/palpation_calibration/lib/python3.12/site-packages/palpation_calibration
[0.665s] byte-compiling /home/reach-lab/Palpation_smoother/install/palpation_calibration/lib/python3.12/site-packages/palpation_calibration/kinematic_calibration_runner.py to kinematic_calibration_runner.cpython-312.pyc
[0.671s] byte-compiling /home/reach-lab/Palpation_smoother/install/palpation_calibration/lib/python3.12/site-packages/palpation_calibration/__init__.py to __init__.cpython-312.pyc
[0.672s] running install_data
[0.672s] creating /home/reach-lab/Palpation_smoother/install/palpation_calibration/share/ament_index
[0.672s] creating /home/reach-lab/Palpation_smoother/install/palpation_calibration/share/ament_index/resource_index
[0.672s] creating /home/reach-lab/Palpation_smoother/install/palpation_calibration/share/ament_index/resource_index/packages
[0.672s] copying resource/palpation_calibration -> /home/reach-lab/Palpation_smoother/install/palpation_calibration/share/ament_index/resource_index/packages
[0.672s] copying package.xml -> /home/reach-lab/Palpation_smoother/install/palpation_calibration/share/palpation_calibration
[0.672s] running install_egg_info
[0.692s] Copying ../../../build/palpation_calibration/palpation_calibration.egg-info to /home/reach-lab/Palpation_smoother/install/palpation_calibration/lib/python3.12/site-packages/palpation_calibration-0.0.0-py3.12.egg-info
[0.693s] running install_scripts
[0.773s] writing list of installed files to '/home/reach-lab/Palpation_smoother/build/palpation_calibration/install.log'
[0.806s] Invoked command in '/home/reach-lab/Palpation_smoother/ros2/src/palpation_calibration' returned '0': DEBUGINFOD_URLS=https://debuginfod.ubuntu.com PYTHONPATH=/home/reach-lab/Palpation_smoother/build/palpation_calibration/prefix_override:/usr/lib/python3/dist-packages/colcon_core/task/python/colcon_distutils_commands:/home/reach-lab/Palpation_smoother/install/palpation_calibration/lib/python3.12/site-packages:${PYTHONPATH} /usr/bin/python3 -W ignore:setup.py install is deprecated -W ignore:easy_install command is deprecated setup.py egg_info --egg-base ../../../build/palpation_calibration build --build-base /home/reach-lab/Palpation_smoother/build/palpation_calibration/build install --record /home/reach-lab/Palpation_smoother/build/palpation_calibration/install.log --single-version-externally-managed install_data
