[0.013s] Invoking command in '/home/yufei/code/Palpation_smoother/build/sync_logger_node': AMENT_PREFIX_PATH=/home/yufei/code/Palpation_smoother/install/ndi_aurora_node:${AMENT_PREFIX_PATH} CMAKE_PREFIX_PATH=/home/yufei/code/Palpation_smoother/install/ndi_aurora_node:/home/yufei/code/Palpation_smoother/ros2/install/sync_logger_node:/home/yufei/code/Palpation_smoother/ros2/install/netft_reader:/home/yufei/code/Palpation_smoother/ros2/install/ndi_aurora_node:/home/yufei/palpation_ws/install/sync_logger_node:/home/yufei/palpation_ws/install/netft_reader:/home/yufei/palpation_ws/install/ndi_aurora_node:/opt/ros/jazzy/opt/gz_math_vendor:/opt/ros/jazzy/opt/gz_utils_vendor:/opt/ros/jazzy/opt/gz_cmake_vendor:/home/yufei/code/Palpation_smoother/ros2/install/palpation_calibration:/home/yufei/palpation_ws/install/ves_kinematic_calibration:/home/yufei/palpation_ws/install/sync_logger_py:/home/yufei/palpation_ws/install/palpation_force_pub:/home/yufei/palpation_ws/install/palpation_force_calibration:/opt/ros/jazzy DEBUGINFOD_URLS=https://debuginfod.ubuntu.com LD_LIBRARY_PATH=/home/yufei/code/Palpation_smoother/install/ndi_aurora_node/lib:${LD_LIBRARY_PATH} /usr/bin/cmake /home/yufei/code/Palpation_smoother/ros2/src/sync_logger_node -DCMAKE_INSTALL_PREFIX=/home/yufei/code/Palpation_smoother/install/sync_logger_node
[0.156s] -- The C compiler identification is GNU 13.3.0
[0.289s] -- The CXX compiler identification is GNU 13.3.0
[0.338s] -- Detecting C compiler ABI info
[0.568s] -- Detecting C compiler ABI info - done
[0.591s] -- Check for working C compiler: /usr/bin/cc - skipped
[0.594s] -- Detecting C compile features
[0.595s] -- Detecting C compile features - done
[0.622s] -- Detecting CXX compiler ABI info
[0.858s] -- Detecting CXX compiler ABI info - done
[0.888s] -- Check for working CXX compiler: /usr/bin/c++ - skipped
[0.888s] -- Detecting CXX compile features
[0.890s] -- Detecting CXX compile features - done
[0.904s] -- Found ament_cmake: 2.5.4 (/opt/ros/jazzy/share/ament_cmake/cmake)
[1.365s] -- Found Python3: /usr/bin/python3 (found version "3.12.3") found components: Interpreter 
[1.661s] -- Found rclcpp: 28.1.9 (/opt/ros/jazzy/share/rclcpp/cmake)
[1.806s] -- Found rosidl_generator_c: 4.6.5 (/opt/ros/jazzy/share/rosidl_generator_c/cmake)
[1.853s] -- Found rosidl_generator_cpp: 4.6.5 (/opt/ros/jazzy/share/rosidl_generator_cpp/cmake)
[1.905s] -- Using all available rosidl_typesupport_c: rosidl_typesupport_fastrtps_c;rosidl_typesupport_introspection_c
[1.948s] -- Using all available rosidl_typesupport_cpp: rosidl_typesupport_fastrtps_cpp;rosidl_typesupport_introspection_cpp
[2.140s] -- Found rmw_implementation_cmake: 7.3.2 (/opt/ros/jazzy/share/rmw_implementation_cmake/cmake)
[2.148s] -- Found rmw_fastrtps_cpp: 8.4.2 (/opt/ros/jazzy/share/rmw_fastrtps_cpp/cmake)
[2.353s] -- Found OpenSSL: /usr/lib/x86_64-linux-gnu/libcrypto.so (found version "3.0.13")  
[2.418s] -- Found FastRTPS: /opt/ros/jazzy/include (Required is at least version "2.13") 
[2.489s] -- Using RMW implementation 'rmw_fastrtps_cpp' as default
[2.719s] -- Found std_srvs: 5.3.6 (/opt/ros/jazzy/share/std_srvs/cmake)
[2.777s] -- Found geometry_msgs: 5.3.6 (/opt/ros/jazzy/share/geometry_msgs/cmake)
[2.857s] -- Found sensor_msgs: 5.3.6 (/opt/ros/jazzy/share/sensor_msgs/cmake)
[2.963s] -- Found message_filters: 4.11.6 (/opt/ros/jazzy/share/message_filters/cmake)
[3.242s] -- Configuring done (3.2s)
[3.270s] -- Generating done (0.0s)
[3.278s] -- Build files have been written to: /home/yufei/code/Palpation_smoother/build/sync_logger_node
[3.300s] Invoked command in '/home/yufei/code/Palpation_smoother/build/sync_logger_node' returned '0': AMENT_PREFIX_PATH=/home/yufei/code/Palpation_smoother/install/ndi_aurora_node:${AMENT_PREFIX_PATH} CMAKE_PREFIX_PATH=/home/yufei/code/Palpation_smoother/install/ndi_aurora_node:/home/yufei/code/Palpation_smoother/ros2/install/sync_logger_node:/home/yufei/code/Palpation_smoother/ros2/install/netft_reader:/home/yufei/code/Palpation_smoother/ros2/install/ndi_aurora_node:/home/yufei/palpation_ws/install/sync_logger_node:/home/yufei/palpation_ws/install/netft_reader:/home/yufei/palpation_ws/install/ndi_aurora_node:/opt/ros/jazzy/opt/gz_math_vendor:/opt/ros/jazzy/opt/gz_utils_vendor:/opt/ros/jazzy/opt/gz_cmake_vendor:/home/yufei/code/Palpation_smoother/ros2/install/palpation_calibration:/home/yufei/palpation_ws/install/ves_kinematic_calibration:/home/yufei/palpation_ws/install/sync_logger_py:/home/yufei/palpation_ws/install/palpation_force_pub:/home/yufei/palpation_ws/install/palpation_force_calibration:/opt/ros/jazzy DEBUGINFOD_URLS=https://debuginfod.ubuntu.com LD_LIBRARY_PATH=/home/yufei/code/Palpation_smoother/install/ndi_aurora_node/lib:${LD_LIBRARY_PATH} /usr/bin/cmake /home/yufei/code/Palpation_smoother/ros2/src/sync_logger_node -DCMAKE_INSTALL_PREFIX=/home/yufei/code/Palpation_smoother/install/sync_logger_node
[3.303s] Invoking command in '/home/yufei/code/Palpation_smoother/build/sync_logger_node': AMENT_PREFIX_PATH=/home/yufei/code/Palpation_smoother/install/ndi_aurora_node:${AMENT_PREFIX_PATH} CMAKE_PREFIX_PATH=/home/yufei/code/Palpation_smoother/install/ndi_aurora_node:/home/yufei/code/Palpation_smoother/ros2/install/sync_logger_node:/home/yufei/code/Palpation_smoother/ros2/install/netft_reader:/home/yufei/code/Palpation_smoother/ros2/install/ndi_aurora_node:/home/yufei/palpation_ws/install/sync_logger_node:/home/yufei/palpation_ws/install/netft_reader:/home/yufei/palpation_ws/install/ndi_aurora_node:/opt/ros/jazzy/opt/gz_math_vendor:/opt/ros/jazzy/opt/gz_utils_vendor:/opt/ros/jazzy/opt/gz_cmake_vendor:/home/yufei/code/Palpation_smoother/ros2/install/palpation_calibration:/home/yufei/palpation_ws/install/ves_kinematic_calibration:/home/yufei/palpation_ws/install/sync_logger_py:/home/yufei/palpation_ws/install/palpation_force_pub:/home/yufei/palpation_ws/install/palpation_force_calibration:/opt/ros/jazzy DEBUGINFOD_URLS=https://debuginfod.ubuntu.com LD_LIBRARY_PATH=/home/yufei/code/Palpation_smoother/install/ndi_aurora_node/lib:${LD_LIBRARY_PATH} /usr/bin/cmake --build /home/yufei/code/Palpation_smoother/build/sync_logger_node -- -j12 -l12
[3.426s] [ 50%] [32mBuilding CXX object CMakeFiles/sync_logger_node.dir/src/sync_logger_node.cpp.o[0m
[26.890s] [100%] [32m[1mLinking CXX executable sync_logger_node[0m
[27.730s] [100%] Built target sync_logger_node
[27.754s] Invoked command in '/home/yufei/code/Palpation_smoother/build/sync_logger_node' returned '0': AMENT_PREFIX_PATH=/home/yufei/code/Palpation_smoother/install/ndi_aurora_node:${AMENT_PREFIX_PATH} CMAKE_PREFIX_PATH=/home/yufei/code/Palpation_smoother/install/ndi_aurora_node:/home/yufei/code/Palpation_smoother/ros2/install/sync_logger_node:/home/yufei/code/Palpation_smoother/ros2/install/netft_reader:/home/yufei/code/Palpation_smoother/ros2/install/ndi_aurora_node:/home/yufei/palpation_ws/install/sync_logger_node:/home/yufei/palpation_ws/install/netft_reader:/home/yufei/palpation_ws/install/ndi_aurora_node:/opt/ros/jazzy/opt/gz_math_vendor:/opt/ros/jazzy/opt/gz_utils_vendor:/opt/ros/jazzy/opt/gz_cmake_vendor:/home/yufei/code/Palpation_smoother/ros2/install/palpation_calibration:/home/yufei/palpation_ws/install/ves_kinematic_calibration:/home/yufei/palpation_ws/install/sync_logger_py:/home/yufei/palpation_ws/install/palpation_force_pub:/home/yufei/palpation_ws/install/palpation_force_calibration:/opt/ros/jazzy DEBUGINFOD_URLS=https://debuginfod.ubuntu.com LD_LIBRARY_PATH=/home/yufei/code/Palpation_smoother/install/ndi_aurora_node/lib:${LD_LIBRARY_PATH} /usr/bin/cmake --build /home/yufei/code/Palpation_smoother/build/sync_logger_node -- -j12 -l12
[27.756s] Invoking command in '/home/yufei/code/Palpation_smoother/build/sync_logger_node': AMENT_PREFIX_PATH=/home/yufei/code/Palpation_smoother/install/ndi_aurora_node:${AMENT_PREFIX_PATH} CMAKE_PREFIX_PATH=/home/yufei/code/Palpation_smoother/install/ndi_aurora_node:/home/yufei/code/Palpation_smoother/ros2/install/sync_logger_node:/home/yufei/code/Palpation_smoother/ros2/install/netft_reader:/home/yufei/code/Palpation_smoother/ros2/install/ndi_aurora_node:/home/yufei/palpation_ws/install/sync_logger_node:/home/yufei/palpation_ws/install/netft_reader:/home/yufei/palpation_ws/install/ndi_aurora_node:/opt/ros/jazzy/opt/gz_math_vendor:/opt/ros/jazzy/opt/gz_utils_vendor:/opt/ros/jazzy/opt/gz_cmake_vendor:/home/yufei/code/Palpation_smoother/ros2/install/palpation_calibration:/home/yufei/palpation_ws/install/ves_kinematic_calibration:/home/yufei/palpation_ws/install/sync_logger_py:/home/yufei/palpation_ws/install/palpation_force_pub:/home/yufei/palpation_ws/install/palpation_force_calibration:/opt/ros/jazzy DEBUGINFOD_URLS=https://debuginfod.ubuntu.com LD_LIBRARY_PATH=/home/yufei/code/Palpation_smoother/install/ndi_aurora_node/lib:${LD_LIBRARY_PATH} /usr/bin/cmake --install /home/yufei/code/Palpation_smoother/build/sync_logger_node
[27.772s] -- Install configuration: ""
[27.773s] -- Installing: /home/yufei/code/Palpation_smoother/install/sync_logger_node/lib/sync_logger_node/sync_logger_node
[27.786s] -- Set non-toolchain portion of runtime path of "/home/yufei/code/Palpation_smoother/install/sync_logger_node/lib/sync_logger_node/sync_logger_node" to ""
[27.786s] -- Up-to-date: /home/yufei/code/Palpation_smoother/install/sync_logger_node/share/sync_logger_node//launch
[27.787s] -- Installing: /home/yufei/code/Palpation_smoother/install/sync_logger_node/share/sync_logger_node//launch/multi_sensor_logger_launch.py
[27.788s] -- Installing: /home/yufei/code/Palpation_smoother/install/sync_logger_node/share/ament_index/resource_index/package_run_dependencies/sync_logger_node
[27.788s] -- Installing: /home/yufei/code/Palpation_smoother/install/sync_logger_node/share/ament_index/resource_index/parent_prefix_path/sync_logger_node
[27.788s] -- Installing: /home/yufei/code/Palpation_smoother/install/sync_logger_node/share/sync_logger_node/environment/ament_prefix_path.sh
[27.789s] -- Installing: /home/yufei/code/Palpation_smoother/install/sync_logger_node/share/sync_logger_node/environment/ament_prefix_path.dsv
[27.789s] -- Installing: /home/yufei/code/Palpation_smoother/install/sync_logger_node/share/sync_logger_node/environment/path.sh
[27.789s] -- Installing: /home/yufei/code/Palpation_smoother/install/sync_logger_node/share/sync_logger_node/environment/path.dsv
[27.789s] -- Installing: /home/yufei/code/Palpation_smoother/install/sync_logger_node/share/sync_logger_node/local_setup.bash
[27.790s] -- Installing: /home/yufei/code/Palpation_smoother/install/sync_logger_node/share/sync_logger_node/local_setup.sh
[27.790s] -- Installing: /home/yufei/code/Palpation_smoother/install/sync_logger_node/share/sync_logger_node/local_setup.zsh
[27.790s] -- Installing: /home/yufei/code/Palpation_smoother/install/sync_logger_node/share/sync_logger_node/local_setup.dsv
[27.790s] -- Installing: /home/yufei/code/Palpation_smoother/install/sync_logger_node/share/sync_logger_node/package.dsv
[27.791s] -- Installing: /home/yufei/code/Palpation_smoother/install/sync_logger_node/share/ament_index/resource_index/packages/sync_logger_node
[27.791s] -- Installing: /home/yufei/code/Palpation_smoother/install/sync_logger_node/share/sync_logger_node/cmake/sync_logger_nodeConfig.cmake
[27.791s] -- Installing: /home/yufei/code/Palpation_smoother/install/sync_logger_node/share/sync_logger_node/cmake/sync_logger_nodeConfig-version.cmake
[27.791s] -- Installing: /home/yufei/code/Palpation_smoother/install/sync_logger_node/share/sync_logger_node/package.xml
[27.795s] Invoked command in '/home/yufei/code/Palpation_smoother/build/sync_logger_node' returned '0': AMENT_PREFIX_PATH=/home/yufei/code/Palpation_smoother/install/ndi_aurora_node:${AMENT_PREFIX_PATH} CMAKE_PREFIX_PATH=/home/yufei/code/Palpation_smoother/install/ndi_aurora_node:/home/yufei/code/Palpation_smoother/ros2/install/sync_logger_node:/home/yufei/code/Palpation_smoother/ros2/install/netft_reader:/home/yufei/code/Palpation_smoother/ros2/install/ndi_aurora_node:/home/yufei/palpation_ws/install/sync_logger_node:/home/yufei/palpation_ws/install/netft_reader:/home/yufei/palpation_ws/install/ndi_aurora_node:/opt/ros/jazzy/opt/gz_math_vendor:/opt/ros/jazzy/opt/gz_utils_vendor:/opt/ros/jazzy/opt/gz_cmake_vendor:/home/yufei/code/Palpation_smoother/ros2/install/palpation_calibration:/home/yufei/palpation_ws/install/ves_kinematic_calibration:/home/yufei/palpation_ws/install/sync_logger_py:/home/yufei/palpation_ws/install/palpation_force_pub:/home/yufei/palpation_ws/install/palpation_force_calibration:/opt/ros/jazzy DEBUGINFOD_URLS=https://debuginfod.ubuntu.com LD_LIBRARY_PATH=/home/yufei/code/Palpation_smoother/install/ndi_aurora_node/lib:${LD_LIBRARY_PATH} /usr/bin/cmake --install /home/yufei/code/Palpation_smoother/build/sync_logger_node
