[0.003s] Invoking command in '/home/reach-lab/Palpation_smoother/ros2/build/sync_logger_node': AMENT_PREFIX_PATH=/home/reach-lab/Palpation_smoother/ros2/install/ndi_aurora_node:${AMENT_PREFIX_PATH} CMAKE_PREFIX_PATH=/home/reach-lab/Palpation_smoother/ros2/install/ndi_aurora_node:/opt/ros/jazzy/opt/gz_math_vendor:/opt/ros/jazzy/opt/gz_utils_vendor:/opt/ros/jazzy/opt/gz_cmake_vendor:/opt/ros/jazzy DEBUGINFOD_URLS=https://debuginfod.ubuntu.com LD_LIBRARY_PATH=/home/reach-lab/Palpation_smoother/ros2/install/ndi_aurora_node/lib:${LD_LIBRARY_PATH} /usr/bin/cmake --build /home/reach-lab/Palpation_smoother/ros2/build/sync_logger_node -- -j12 -l12
[0.025s] [100%] Built target sync_logger_node
[0.029s] Invoked command in '/home/reach-lab/Palpation_smoother/ros2/build/sync_logger_node' returned '0': AMENT_PREFIX_PATH=/home/reach-lab/Palpation_smoother/ros2/install/ndi_aurora_node:${AMENT_PREFIX_PATH} CMAKE_PREFIX_PATH=/home/reach-lab/Palpation_smoother/ros2/install/ndi_aurora_node:/opt/ros/jazzy/opt/gz_math_vendor:/opt/ros/jazzy/opt/gz_utils_vendor:/opt/ros/jazzy/opt/gz_cmake_vendor:/opt/ros/jazzy DEBUGINFOD_URLS=https://debuginfod.ubuntu.com LD_LIBRARY_PATH=/home/reach-lab/Palpation_smoother/ros2/install/ndi_aurora_node/lib:${LD_LIBRARY_PATH} /usr/bin/cmake --build /home/reach-lab/Palpation_smoother/ros2/build/sync_logger_node -- -j12 -l12
[0.030s] Invoking command in '/home/reach-lab/Palpation_smoother/ros2/build/sync_logger_node': AMENT_PREFIX_PATH=/home/reach-lab/Palpation_smoother/ros2/install/ndi_aurora_node:${AMENT_PREFIX_PATH} CMAKE_PREFIX_PATH=/home/reach-lab/Palpation_smoother/ros2/install/ndi_aurora_node:/opt/ros/jazzy/opt/gz_math_vendor:/opt/ros/jazzy/opt/gz_utils_vendor:/opt/ros/jazzy/opt/gz_cmake_vendor:/opt/ros/jazzy DEBUGINFOD_URLS=https://debuginfod.ubuntu.com LD_LIBRARY_PATH=/home/reach-lab/Palpation_smoother/ros2/install/ndi_aurora_node/lib:${LD_LIBRARY_PATH} /usr/bin/cmake --install /home/reach-lab/Palpation_smoother/ros2/build/sync_logger_node
[0.033s] -- Install configuration: ""
[0.033s] -- Up-to-date: /home/reach-lab/Palpation_smoother/ros2/install/sync_logger_node/lib/sync_logger_node/sync_logger_node
[0.033s] -- Up-to-date: /home/reach-lab/Palpation_smoother/ros2/install/sync_logger_node/share/sync_logger_node//launch
[0.033s] -- Up-to-date: /home/reach-lab/Palpation_smoother/ros2/install/sync_logger_node/share/sync_logger_node//launch/multi_sensor_logger_launch.py
[0.033s] -- Up-to-date: /home/reach-lab/Palpation_smoother/ros2/install/sync_logger_node/share/ament_index/resource_index/package_run_dependencies/sync_logger_node
[0.033s] -- Up-to-date: /home/reach-lab/Palpation_smoother/ros2/install/sync_logger_node/share/ament_index/resource_index/parent_prefix_path/sync_logger_node
[0.033s] -- Up-to-date: /home/reach-lab/Palpation_smoother/ros2/install/sync_logger_node/share/sync_logger_node/environment/ament_prefix_path.sh
[0.033s] -- Up-to-date: /home/reach-lab/Palpation_smoother/ros2/install/sync_logger_node/share/sync_logger_node/environment/ament_prefix_path.dsv
[0.033s] -- Up-to-date: /home/reach-lab/Palpation_smoother/ros2/install/sync_logger_node/share/sync_logger_node/environment/path.sh
[0.033s] -- Up-to-date: /home/reach-lab/Palpation_smoother/ros2/install/sync_logger_node/share/sync_logger_node/environment/path.dsv
[0.033s] -- Up-to-date: /home/reach-lab/Palpation_smoother/ros2/install/sync_logger_node/share/sync_logger_node/local_setup.bash
[0.033s] -- Up-to-date: /home/reach-lab/Palpation_smoother/ros2/install/sync_logger_node/share/sync_logger_node/local_setup.sh
[0.033s] -- Up-to-date: /home/reach-lab/Palpation_smoother/ros2/install/sync_logger_node/share/sync_logger_node/local_setup.zsh
[0.033s] -- Up-to-date: /home/reach-lab/Palpation_smoother/ros2/install/sync_logger_node/share/sync_logger_node/local_setup.dsv
[0.033s] -- Installing: /home/reach-lab/Palpation_smoother/ros2/install/sync_logger_node/share/sync_logger_node/package.dsv
[0.033s] -- Up-to-date: /home/reach-lab/Palpation_smoother/ros2/install/sync_logger_node/share/ament_index/resource_index/packages/sync_logger_node
[0.033s] -- Up-to-date: /home/reach-lab/Palpation_smoother/ros2/install/sync_logger_node/share/sync_logger_node/cmake/sync_logger_nodeConfig.cmake
[0.033s] -- Up-to-date: /home/reach-lab/Palpation_smoother/ros2/install/sync_logger_node/share/sync_logger_node/cmake/sync_logger_nodeConfig-version.cmake
[0.033s] -- Up-to-date: /home/reach-lab/Palpation_smoother/ros2/install/sync_logger_node/share/sync_logger_node/package.xml
[0.034s] Invoked command in '/home/reach-lab/Palpation_smoother/ros2/build/sync_logger_node' returned '0': AMENT_PREFIX_PATH=/home/reach-lab/Palpation_smoother/ros2/install/ndi_aurora_node:${AMENT_PREFIX_PATH} CMAKE_PREFIX_PATH=/home/reach-lab/Palpation_smoother/ros2/install/ndi_aurora_node:/opt/ros/jazzy/opt/gz_math_vendor:/opt/ros/jazzy/opt/gz_utils_vendor:/opt/ros/jazzy/opt/gz_cmake_vendor:/opt/ros/jazzy DEBUGINFOD_URLS=https://debuginfod.ubuntu.com LD_LIBRARY_PATH=/home/reach-lab/Palpation_smoother/ros2/install/ndi_aurora_node/lib:${LD_LIBRARY_PATH} /usr/bin/cmake --install /home/reach-lab/Palpation_smoother/ros2/build/sync_logger_node
