[0.098s] DEBUG:colcon:Command line arguments: ['/usr/bin/colcon', 'build']
[0.098s] DEBUG:colcon:Parsed command line arguments: Namespace(log_base=None, log_level=None, verb_name='build', build_base='build', install_base='install', merge_install=False, symlink_install=False, test_result_base=None, continue_on_error=False, executor='parallel', parallel_workers=12, event_handlers=None, ignore_user_meta=False, metas=['./colcon.meta'], base_paths=['.'], packages_ignore=None, packages_ignore_regex=None, paths=None, packages_up_to=None, packages_up_to_regex=None, packages_above=None, packages_above_and_dependencies=None, packages_above_depth=None, packages_select_by_dep=None, packages_skip_by_dep=None, packages_skip_up_to=None, packages_select_build_failed=False, packages_skip_build_finished=False, packages_select_test_failures=False, packages_skip_test_passed=False, packages_select=None, packages_skip=None, packages_select_regex=None, packages_skip_regex=None, packages_start=None, packages_end=None, allow_overriding=[], cmake_args=None, cmake_target=None, cmake_target_skip_unavailable=False, cmake_clean_cache=False, cmake_clean_first=False, cmake_force_configure=False, ament_cmake_args=None, catkin_cmake_args=None, catkin_skip_building_tests=False, verb_parser=<colcon_defaults.argument_parser.defaults.DefaultArgumentsDecorator object at 0x73b31af89010>, verb_extension=<colcon_core.verb.build.BuildVerb object at 0x73b31b0ade20>, main=<bound method BuildVerb.main of <colcon_core.verb.build.BuildVerb object at 0x73b31b0ade20>>)
[0.127s] Level 1:colcon.colcon_core.package_discovery:discover_packages(colcon_meta) check parameters
[0.127s] Level 1:colcon.colcon_core.package_discovery:discover_packages(recursive) check parameters
[0.127s] Level 1:colcon.colcon_core.package_discovery:discover_packages(ignore) check parameters
[0.127s] Level 1:colcon.colcon_core.package_discovery:discover_packages(path) check parameters
[0.127s] Level 1:colcon.colcon_core.package_discovery:discover_packages(colcon_meta) discover
[0.127s] Level 1:colcon.colcon_core.package_discovery:discover_packages(recursive) discover
[0.127s] INFO:colcon.colcon_core.package_discovery:Crawling recursively for packages in '/home/reach-lab/Palpation_smoother/ros2'
[0.127s] Level 1:colcon.colcon_core.package_identification:_identify(.) by extensions ['ignore', 'ignore_ament_install']
[0.127s] Level 1:colcon.colcon_core.package_identification:_identify(.) by extension 'ignore'
[0.127s] Level 1:colcon.colcon_core.package_identification:_identify(.) by extension 'ignore_ament_install'
[0.127s] Level 1:colcon.colcon_core.package_identification:_identify(.) by extensions ['colcon_pkg']
[0.127s] Level 1:colcon.colcon_core.package_identification:_identify(.) by extension 'colcon_pkg'
[0.127s] Level 1:colcon.colcon_core.package_identification:_identify(.) by extensions ['colcon_meta']
[0.127s] Level 1:colcon.colcon_core.package_identification:_identify(.) by extension 'colcon_meta'
[0.127s] Level 1:colcon.colcon_core.package_identification:_identify(.) by extensions ['ros']
[0.127s] Level 1:colcon.colcon_core.package_identification:_identify(.) by extension 'ros'
[0.142s] Level 1:colcon.colcon_core.package_identification:_identify(.) by extensions ['cmake', 'python']
[0.142s] Level 1:colcon.colcon_core.package_identification:_identify(.) by extension 'cmake'
[0.142s] Level 1:colcon.colcon_core.package_identification:_identify(.) by extension 'python'
[0.142s] Level 1:colcon.colcon_core.package_identification:_identify(.) by extensions ['python_setup_py']
[0.142s] Level 1:colcon.colcon_core.package_identification:_identify(.) by extension 'python_setup_py'
[0.142s] Level 1:colcon.colcon_core.package_identification:_identify(build) by extensions ['ignore', 'ignore_ament_install']
[0.142s] Level 1:colcon.colcon_core.package_identification:_identify(build) by extension 'ignore'
[0.142s] Level 1:colcon.colcon_core.package_identification:_identify(build) ignored
[0.142s] Level 1:colcon.colcon_core.package_identification:_identify(install) by extensions ['ignore', 'ignore_ament_install']
[0.142s] Level 1:colcon.colcon_core.package_identification:_identify(install) by extension 'ignore'
[0.142s] Level 1:colcon.colcon_core.package_identification:_identify(install) ignored
[0.142s] Level 1:colcon.colcon_core.package_identification:_identify(log) by extensions ['ignore', 'ignore_ament_install']
[0.142s] Level 1:colcon.colcon_core.package_identification:_identify(log) by extension 'ignore'
[0.142s] Level 1:colcon.colcon_core.package_identification:_identify(log) ignored
[0.142s] Level 1:colcon.colcon_core.package_identification:_identify(src) by extensions ['ignore', 'ignore_ament_install']
[0.142s] Level 1:colcon.colcon_core.package_identification:_identify(src) by extension 'ignore'
[0.142s] Level 1:colcon.colcon_core.package_identification:_identify(src) by extension 'ignore_ament_install'
[0.142s] Level 1:colcon.colcon_core.package_identification:_identify(src) by extensions ['colcon_pkg']
[0.142s] Level 1:colcon.colcon_core.package_identification:_identify(src) by extension 'colcon_pkg'
[0.142s] Level 1:colcon.colcon_core.package_identification:_identify(src) by extensions ['colcon_meta']
[0.142s] Level 1:colcon.colcon_core.package_identification:_identify(src) by extension 'colcon_meta'
[0.142s] Level 1:colcon.colcon_core.package_identification:_identify(src) by extensions ['ros']
[0.142s] Level 1:colcon.colcon_core.package_identification:_identify(src) by extension 'ros'
[0.142s] Level 1:colcon.colcon_core.package_identification:_identify(src) by extensions ['cmake', 'python']
[0.142s] Level 1:colcon.colcon_core.package_identification:_identify(src) by extension 'cmake'
[0.142s] Level 1:colcon.colcon_core.package_identification:_identify(src) by extension 'python'
[0.142s] Level 1:colcon.colcon_core.package_identification:_identify(src) by extensions ['python_setup_py']
[0.142s] Level 1:colcon.colcon_core.package_identification:_identify(src) by extension 'python_setup_py'
[0.142s] Level 1:colcon.colcon_core.package_identification:_identify(src/build) by extensions ['ignore', 'ignore_ament_install']
[0.142s] Level 1:colcon.colcon_core.package_identification:_identify(src/build) by extension 'ignore'
[0.142s] Level 1:colcon.colcon_core.package_identification:_identify(src/build) ignored
[0.143s] Level 1:colcon.colcon_core.package_identification:_identify(src/install) by extensions ['ignore', 'ignore_ament_install']
[0.143s] Level 1:colcon.colcon_core.package_identification:_identify(src/install) by extension 'ignore'
[0.143s] Level 1:colcon.colcon_core.package_identification:_identify(src/install) ignored
[0.143s] Level 1:colcon.colcon_core.package_identification:_identify(src/log) by extensions ['ignore', 'ignore_ament_install']
[0.143s] Level 1:colcon.colcon_core.package_identification:_identify(src/log) by extension 'ignore'
[0.143s] Level 1:colcon.colcon_core.package_identification:_identify(src/log) ignored
[0.143s] Level 1:colcon.colcon_core.package_identification:_identify(src/ndi_aurora_node) by extensions ['ignore', 'ignore_ament_install']
[0.143s] Level 1:colcon.colcon_core.package_identification:_identify(src/ndi_aurora_node) by extension 'ignore'
[0.143s] Level 1:colcon.colcon_core.package_identification:_identify(src/ndi_aurora_node) by extension 'ignore_ament_install'
[0.143s] Level 1:colcon.colcon_core.package_identification:_identify(src/ndi_aurora_node) by extensions ['colcon_pkg']
[0.143s] Level 1:colcon.colcon_core.package_identification:_identify(src/ndi_aurora_node) by extension 'colcon_pkg'
[0.143s] Level 1:colcon.colcon_core.package_identification:_identify(src/ndi_aurora_node) by extensions ['colcon_meta']
[0.143s] Level 1:colcon.colcon_core.package_identification:_identify(src/ndi_aurora_node) by extension 'colcon_meta'
[0.143s] Level 1:colcon.colcon_core.package_identification:_identify(src/ndi_aurora_node) by extensions ['ros']
[0.143s] Level 1:colcon.colcon_core.package_identification:_identify(src/ndi_aurora_node) by extension 'ros'
[0.145s] DEBUG:colcon.colcon_core.package_identification:Package 'src/ndi_aurora_node' with type 'ros.ament_cmake' and name 'ndi_aurora_node'
[0.145s] Level 1:colcon.colcon_core.package_identification:_identify(src/netft_reader) by extensions ['ignore', 'ignore_ament_install']
[0.145s] Level 1:colcon.colcon_core.package_identification:_identify(src/netft_reader) by extension 'ignore'
[0.145s] Level 1:colcon.colcon_core.package_identification:_identify(src/netft_reader) by extension 'ignore_ament_install'
[0.145s] Level 1:colcon.colcon_core.package_identification:_identify(src/netft_reader) by extensions ['colcon_pkg']
[0.145s] Level 1:colcon.colcon_core.package_identification:_identify(src/netft_reader) by extension 'colcon_pkg'
[0.145s] Level 1:colcon.colcon_core.package_identification:_identify(src/netft_reader) by extensions ['colcon_meta']
[0.145s] Level 1:colcon.colcon_core.package_identification:_identify(src/netft_reader) by extension 'colcon_meta'
[0.145s] Level 1:colcon.colcon_core.package_identification:_identify(src/netft_reader) by extensions ['ros']
[0.145s] Level 1:colcon.colcon_core.package_identification:_identify(src/netft_reader) by extension 'ros'
[0.145s] DEBUG:colcon.colcon_core.package_identification:Package 'src/netft_reader' with type 'ros.ament_cmake' and name 'netft_reader'
[0.146s] Level 1:colcon.colcon_core.package_identification:_identify(src/palpation_calibration) by extensions ['ignore', 'ignore_ament_install']
[0.146s] Level 1:colcon.colcon_core.package_identification:_identify(src/palpation_calibration) by extension 'ignore'
[0.146s] Level 1:colcon.colcon_core.package_identification:_identify(src/palpation_calibration) by extension 'ignore_ament_install'
[0.146s] Level 1:colcon.colcon_core.package_identification:_identify(src/palpation_calibration) by extensions ['colcon_pkg']
[0.146s] Level 1:colcon.colcon_core.package_identification:_identify(src/palpation_calibration) by extension 'colcon_pkg'
[0.146s] Level 1:colcon.colcon_core.package_identification:_identify(src/palpation_calibration) by extensions ['colcon_meta']
[0.146s] Level 1:colcon.colcon_core.package_identification:_identify(src/palpation_calibration) by extension 'colcon_meta'
[0.146s] Level 1:colcon.colcon_core.package_identification:_identify(src/palpation_calibration) by extensions ['ros']
[0.146s] Level 1:colcon.colcon_core.package_identification:_identify(src/palpation_calibration) by extension 'ros'
[0.146s] DEBUG:colcon.colcon_core.package_identification:Package 'src/palpation_calibration' with type 'ros.ament_python' and name 'palpation_calibration'
[0.146s] Level 1:colcon.colcon_core.package_identification:_identify(src/sync_logger_node) by extensions ['ignore', 'ignore_ament_install']
[0.146s] Level 1:colcon.colcon_core.package_identification:_identify(src/sync_logger_node) by extension 'ignore'
[0.146s] Level 1:colcon.colcon_core.package_identification:_identify(src/sync_logger_node) by extension 'ignore_ament_install'
[0.146s] Level 1:colcon.colcon_core.package_identification:_identify(src/sync_logger_node) by extensions ['colcon_pkg']
[0.146s] Level 1:colcon.colcon_core.package_identification:_identify(src/sync_logger_node) by extension 'colcon_pkg'
[0.146s] Level 1:colcon.colcon_core.package_identification:_identify(src/sync_logger_node) by extensions ['colcon_meta']
[0.146s] Level 1:colcon.colcon_core.package_identification:_identify(src/sync_logger_node) by extension 'colcon_meta'
[0.146s] Level 1:colcon.colcon_core.package_identification:_identify(src/sync_logger_node) by extensions ['ros']
[0.146s] Level 1:colcon.colcon_core.package_identification:_identify(src/sync_logger_node) by extension 'ros'
[0.147s] DEBUG:colcon.colcon_core.package_identification:Package 'src/sync_logger_node' with type 'ros.ament_cmake' and name 'sync_logger_node'
[0.147s] Level 1:colcon.colcon_core.package_discovery:discover_packages(recursive) using defaults
[0.147s] Level 1:colcon.colcon_core.package_discovery:discover_packages(ignore) discover
[0.147s] Level 1:colcon.colcon_core.package_discovery:discover_packages(ignore) using defaults
[0.147s] Level 1:colcon.colcon_core.package_discovery:discover_packages(path) discover
[0.147s] Level 1:colcon.colcon_core.package_discovery:discover_packages(path) using defaults
[0.159s] Level 1:colcon.colcon_core.package_discovery:discover_packages(prefix_path) check parameters
[0.159s] Level 1:colcon.colcon_core.package_discovery:discover_packages(prefix_path) discover
[0.161s] DEBUG:colcon.colcon_installed_package_information.package_discovery:Found 285 installed packages in /opt/ros/jazzy
[0.161s] Level 1:colcon.colcon_core.package_discovery:discover_packages(prefix_path) using defaults
[0.180s] Level 5:colcon.colcon_core.verb:set package 'ndi_aurora_node' build argument 'cmake_args' from command line to 'None'
[0.180s] Level 5:colcon.colcon_core.verb:set package 'ndi_aurora_node' build argument 'cmake_target' from command line to 'None'
[0.180s] Level 5:colcon.colcon_core.verb:set package 'ndi_aurora_node' build argument 'cmake_target_skip_unavailable' from command line to 'False'
[0.180s] Level 5:colcon.colcon_core.verb:set package 'ndi_aurora_node' build argument 'cmake_clean_cache' from command line to 'False'
[0.180s] Level 5:colcon.colcon_core.verb:set package 'ndi_aurora_node' build argument 'cmake_clean_first' from command line to 'False'
[0.180s] Level 5:colcon.colcon_core.verb:set package 'ndi_aurora_node' build argument 'cmake_force_configure' from command line to 'False'
[0.180s] Level 5:colcon.colcon_core.verb:set package 'ndi_aurora_node' build argument 'ament_cmake_args' from command line to 'None'
[0.180s] Level 5:colcon.colcon_core.verb:set package 'ndi_aurora_node' build argument 'catkin_cmake_args' from command line to 'None'
[0.180s] Level 5:colcon.colcon_core.verb:set package 'ndi_aurora_node' build argument 'catkin_skip_building_tests' from command line to 'False'
[0.180s] DEBUG:colcon.colcon_core.verb:Building package 'ndi_aurora_node' with the following arguments: {'ament_cmake_args': None, 'build_base': '/home/reach-lab/Palpation_smoother/ros2/build/ndi_aurora_node', 'catkin_cmake_args': None, 'catkin_skip_building_tests': False, 'cmake_args': None, 'cmake_clean_cache': False, 'cmake_clean_first': False, 'cmake_force_configure': False, 'cmake_target': None, 'cmake_target_skip_unavailable': False, 'install_base': '/home/reach-lab/Palpation_smoother/ros2/install/ndi_aurora_node', 'merge_install': False, 'path': '/home/reach-lab/Palpation_smoother/ros2/src/ndi_aurora_node', 'symlink_install': False, 'test_result_base': None}
[0.180s] Level 5:colcon.colcon_core.verb:set package 'netft_reader' build argument 'cmake_args' from command line to 'None'
[0.180s] Level 5:colcon.colcon_core.verb:set package 'netft_reader' build argument 'cmake_target' from command line to 'None'
[0.180s] Level 5:colcon.colcon_core.verb:set package 'netft_reader' build argument 'cmake_target_skip_unavailable' from command line to 'False'
[0.180s] Level 5:colcon.colcon_core.verb:set package 'netft_reader' build argument 'cmake_clean_cache' from command line to 'False'
[0.180s] Level 5:colcon.colcon_core.verb:set package 'netft_reader' build argument 'cmake_clean_first' from command line to 'False'
[0.180s] Level 5:colcon.colcon_core.verb:set package 'netft_reader' build argument 'cmake_force_configure' from command line to 'False'
[0.180s] Level 5:colcon.colcon_core.verb:set package 'netft_reader' build argument 'ament_cmake_args' from command line to 'None'
[0.180s] Level 5:colcon.colcon_core.verb:set package 'netft_reader' build argument 'catkin_cmake_args' from command line to 'None'
[0.180s] Level 5:colcon.colcon_core.verb:set package 'netft_reader' build argument 'catkin_skip_building_tests' from command line to 'False'
[0.180s] DEBUG:colcon.colcon_core.verb:Building package 'netft_reader' with the following arguments: {'ament_cmake_args': None, 'build_base': '/home/reach-lab/Palpation_smoother/ros2/build/netft_reader', 'catkin_cmake_args': None, 'catkin_skip_building_tests': False, 'cmake_args': None, 'cmake_clean_cache': False, 'cmake_clean_first': False, 'cmake_force_configure': False, 'cmake_target': None, 'cmake_target_skip_unavailable': False, 'install_base': '/home/reach-lab/Palpation_smoother/ros2/install/netft_reader', 'merge_install': False, 'path': '/home/reach-lab/Palpation_smoother/ros2/src/netft_reader', 'symlink_install': False, 'test_result_base': None}
[0.180s] Level 5:colcon.colcon_core.verb:set package 'palpation_calibration' build argument 'cmake_args' from command line to 'None'
[0.180s] Level 5:colcon.colcon_core.verb:set package 'palpation_calibration' build argument 'cmake_target' from command line to 'None'
[0.180s] Level 5:colcon.colcon_core.verb:set package 'palpation_calibration' build argument 'cmake_target_skip_unavailable' from command line to 'False'
[0.180s] Level 5:colcon.colcon_core.verb:set package 'palpation_calibration' build argument 'cmake_clean_cache' from command line to 'False'
[0.180s] Level 5:colcon.colcon_core.verb:set package 'palpation_calibration' build argument 'cmake_clean_first' from command line to 'False'
[0.180s] Level 5:colcon.colcon_core.verb:set package 'palpation_calibration' build argument 'cmake_force_configure' from command line to 'False'
[0.180s] Level 5:colcon.colcon_core.verb:set package 'palpation_calibration' build argument 'ament_cmake_args' from command line to 'None'
[0.180s] Level 5:colcon.colcon_core.verb:set package 'palpation_calibration' build argument 'catkin_cmake_args' from command line to 'None'
[0.180s] Level 5:colcon.colcon_core.verb:set package 'palpation_calibration' build argument 'catkin_skip_building_tests' from command line to 'False'
[0.180s] DEBUG:colcon.colcon_core.verb:Building package 'palpation_calibration' with the following arguments: {'ament_cmake_args': None, 'build_base': '/home/reach-lab/Palpation_smoother/ros2/build/palpation_calibration', 'catkin_cmake_args': None, 'catkin_skip_building_tests': False, 'cmake_args': None, 'cmake_clean_cache': False, 'cmake_clean_first': False, 'cmake_force_configure': False, 'cmake_target': None, 'cmake_target_skip_unavailable': False, 'install_base': '/home/reach-lab/Palpation_smoother/ros2/install/palpation_calibration', 'merge_install': False, 'path': '/home/reach-lab/Palpation_smoother/ros2/src/palpation_calibration', 'symlink_install': False, 'test_result_base': None}
[0.180s] Level 5:colcon.colcon_core.verb:set package 'sync_logger_node' build argument 'cmake_args' from command line to 'None'
[0.180s] Level 5:colcon.colcon_core.verb:set package 'sync_logger_node' build argument 'cmake_target' from command line to 'None'
[0.180s] Level 5:colcon.colcon_core.verb:set package 'sync_logger_node' build argument 'cmake_target_skip_unavailable' from command line to 'False'
[0.180s] Level 5:colcon.colcon_core.verb:set package 'sync_logger_node' build argument 'cmake_clean_cache' from command line to 'False'
[0.180s] Level 5:colcon.colcon_core.verb:set package 'sync_logger_node' build argument 'cmake_clean_first' from command line to 'False'
[0.180s] Level 5:colcon.colcon_core.verb:set package 'sync_logger_node' build argument 'cmake_force_configure' from command line to 'False'
[0.180s] Level 5:colcon.colcon_core.verb:set package 'sync_logger_node' build argument 'ament_cmake_args' from command line to 'None'
[0.180s] Level 5:colcon.colcon_core.verb:set package 'sync_logger_node' build argument 'catkin_cmake_args' from command line to 'None'
[0.180s] Level 5:colcon.colcon_core.verb:set package 'sync_logger_node' build argument 'catkin_skip_building_tests' from command line to 'False'
[0.180s] DEBUG:colcon.colcon_core.verb:Building package 'sync_logger_node' with the following arguments: {'ament_cmake_args': None, 'build_base': '/home/reach-lab/Palpation_smoother/ros2/build/sync_logger_node', 'catkin_cmake_args': None, 'catkin_skip_building_tests': False, 'cmake_args': None, 'cmake_clean_cache': False, 'cmake_clean_first': False, 'cmake_force_configure': False, 'cmake_target': None, 'cmake_target_skip_unavailable': False, 'install_base': '/home/reach-lab/Palpation_smoother/ros2/install/sync_logger_node', 'merge_install': False, 'path': '/home/reach-lab/Palpation_smoother/ros2/src/sync_logger_node', 'symlink_install': False, 'test_result_base': None}
[0.180s] INFO:colcon.colcon_core.executor:Executing jobs using 'parallel' executor
[0.181s] DEBUG:colcon.colcon_parallel_executor.executor.parallel:run_until_complete
[0.181s] INFO:colcon.colcon_ros.task.ament_cmake.build:Building ROS package in '/home/reach-lab/Palpation_smoother/ros2/src/ndi_aurora_node' with build type 'ament_cmake'
[0.181s] INFO:colcon.colcon_cmake.task.cmake.build:Building CMake package in '/home/reach-lab/Palpation_smoother/ros2/src/ndi_aurora_node'
[0.183s] INFO:colcon.colcon_core.plugin_system:Skipping extension 'colcon_core.shell.bat': Not used on non-Windows systems
[0.183s] INFO:colcon.colcon_core.shell:Skip shell extension 'powershell' for command environment: Not usable outside of PowerShell
[0.183s] DEBUG:colcon.colcon_core.shell:Skip shell extension 'dsv' for command environment
[0.185s] INFO:colcon.colcon_ros.task.ament_cmake.build:Building ROS package in '/home/reach-lab/Palpation_smoother/ros2/src/netft_reader' with build type 'ament_cmake'
[0.185s] INFO:colcon.colcon_cmake.task.cmake.build:Building CMake package in '/home/reach-lab/Palpation_smoother/ros2/src/netft_reader'
[0.185s] INFO:colcon.colcon_core.shell:Skip shell extension 'powershell' for command environment: Not usable outside of PowerShell
[0.185s] DEBUG:colcon.colcon_core.shell:Skip shell extension 'dsv' for command environment
[0.186s] INFO:colcon.colcon_ros.task.ament_python.build:Building ROS package in '/home/reach-lab/Palpation_smoother/ros2/src/palpation_calibration' with build type 'ament_python'
[0.186s] Level 1:colcon.colcon_core.shell:create_environment_hook('palpation_calibration', 'ament_prefix_path')
[0.186s] INFO:colcon.colcon_core.shell:Creating environment hook '/home/reach-lab/Palpation_smoother/ros2/install/palpation_calibration/share/palpation_calibration/hook/ament_prefix_path.ps1'
[0.187s] INFO:colcon.colcon_core.shell:Creating environment descriptor '/home/reach-lab/Palpation_smoother/ros2/install/palpation_calibration/share/palpation_calibration/hook/ament_prefix_path.dsv'
[0.187s] INFO:colcon.colcon_core.shell:Creating environment hook '/home/reach-lab/Palpation_smoother/ros2/install/palpation_calibration/share/palpation_calibration/hook/ament_prefix_path.sh'
[0.187s] INFO:colcon.colcon_core.shell:Skip shell extension 'powershell' for command environment: Not usable outside of PowerShell
[0.188s] DEBUG:colcon.colcon_core.shell:Skip shell extension 'dsv' for command environment
[0.190s] DEBUG:colcon.colcon_core.event_handler.log_command:Invoking command in '/home/reach-lab/Palpation_smoother/ros2/build/ndi_aurora_node': CMAKE_PREFIX_PATH=${CMAKE_PREFIX_PATH}:/opt/ros/jazzy DEBUGINFOD_URLS=https://debuginfod.ubuntu.com /usr/bin/cmake /home/reach-lab/Palpation_smoother/ros2/src/ndi_aurora_node -DCMAKE_INSTALL_PREFIX=/home/reach-lab/Palpation_smoother/ros2/install/ndi_aurora_node
[0.191s] DEBUG:colcon.colcon_core.event_handler.log_command:Invoking command in '/home/reach-lab/Palpation_smoother/ros2/build/netft_reader': CMAKE_PREFIX_PATH=${CMAKE_PREFIX_PATH}:/opt/ros/jazzy DEBUGINFOD_URLS=https://debuginfod.ubuntu.com /usr/bin/cmake /home/reach-lab/Palpation_smoother/ros2/src/netft_reader -DCMAKE_INSTALL_PREFIX=/home/reach-lab/Palpation_smoother/ros2/install/netft_reader
[0.291s] INFO:colcon.colcon_core.task.python.build:Building Python package in '/home/reach-lab/Palpation_smoother/ros2/src/palpation_calibration'
[0.292s] INFO:colcon.colcon_core.shell:Skip shell extension 'powershell' for command environment: Not usable outside of PowerShell
[0.292s] DEBUG:colcon.colcon_core.shell:Skip shell extension 'dsv' for command environment
[0.557s] DEBUG:colcon.colcon_core.event_handler.log_command:Invoking command in '/home/reach-lab/Palpation_smoother/ros2/src/palpation_calibration': DEBUGINFOD_URLS=https://debuginfod.ubuntu.com PYTHONPATH=/home/reach-lab/Palpation_smoother/ros2/build/palpation_calibration/prefix_override:/usr/lib/python3/dist-packages/colcon_core/task/python/colcon_distutils_commands:/home/reach-lab/Palpation_smoother/ros2/install/palpation_calibration/lib/python3.12/site-packages:${PYTHONPATH} /usr/bin/python3 -W ignore:setup.py install is deprecated -W ignore:easy_install command is deprecated setup.py egg_info --egg-base ../../build/palpation_calibration build --build-base /home/reach-lab/Palpation_smoother/ros2/build/palpation_calibration/build install --record /home/reach-lab/Palpation_smoother/ros2/build/palpation_calibration/install.log --single-version-externally-managed install_data
[0.740s] DEBUG:colcon.colcon_core.event_handler.log_command:Invoked command in '/home/reach-lab/Palpation_smoother/ros2/src/palpation_calibration' returned '0': DEBUGINFOD_URLS=https://debuginfod.ubuntu.com PYTHONPATH=/home/reach-lab/Palpation_smoother/ros2/build/palpation_calibration/prefix_override:/usr/lib/python3/dist-packages/colcon_core/task/python/colcon_distutils_commands:/home/reach-lab/Palpation_smoother/ros2/install/palpation_calibration/lib/python3.12/site-packages:${PYTHONPATH} /usr/bin/python3 -W ignore:setup.py install is deprecated -W ignore:easy_install command is deprecated setup.py egg_info --egg-base ../../build/palpation_calibration build --build-base /home/reach-lab/Palpation_smoother/ros2/build/palpation_calibration/build install --record /home/reach-lab/Palpation_smoother/ros2/build/palpation_calibration/install.log --single-version-externally-managed install_data
[0.742s] Level 1:colcon.colcon_core.environment:checking '/home/reach-lab/Palpation_smoother/ros2/install/palpation_calibration' for CMake module files
[0.742s] Level 1:colcon.colcon_core.environment:checking '/home/reach-lab/Palpation_smoother/ros2/install/palpation_calibration' for CMake config files
[0.743s] Level 1:colcon.colcon_core.environment:checking '/home/reach-lab/Palpation_smoother/ros2/install/palpation_calibration/lib'
[0.743s] Level 1:colcon.colcon_core.environment:checking '/home/reach-lab/Palpation_smoother/ros2/install/palpation_calibration/bin'
[0.743s] Level 1:colcon.colcon_core.environment:checking '/home/reach-lab/Palpation_smoother/ros2/install/palpation_calibration/lib/pkgconfig/palpation_calibration.pc'
[0.743s] Level 1:colcon.colcon_core.environment:checking '/home/reach-lab/Palpation_smoother/ros2/install/palpation_calibration/lib/python3.12/site-packages'
[0.743s] Level 1:colcon.colcon_core.shell:create_environment_hook('palpation_calibration', 'pythonpath')
[0.743s] INFO:colcon.colcon_core.shell:Creating environment hook '/home/reach-lab/Palpation_smoother/ros2/install/palpation_calibration/share/palpation_calibration/hook/pythonpath.ps1'
[0.743s] INFO:colcon.colcon_core.shell:Creating environment descriptor '/home/reach-lab/Palpation_smoother/ros2/install/palpation_calibration/share/palpation_calibration/hook/pythonpath.dsv'
[0.743s] INFO:colcon.colcon_core.shell:Creating environment hook '/home/reach-lab/Palpation_smoother/ros2/install/palpation_calibration/share/palpation_calibration/hook/pythonpath.sh'
[0.744s] Level 1:colcon.colcon_core.environment:checking '/home/reach-lab/Palpation_smoother/ros2/install/palpation_calibration/bin'
[0.744s] Level 1:colcon.colcon_core.environment:create_environment_scripts_only(palpation_calibration)
[0.744s] INFO:colcon.colcon_core.shell:Creating package script '/home/reach-lab/Palpation_smoother/ros2/install/palpation_calibration/share/palpation_calibration/package.ps1'
[0.744s] INFO:colcon.colcon_core.shell:Creating package descriptor '/home/reach-lab/Palpation_smoother/ros2/install/palpation_calibration/share/palpation_calibration/package.dsv'
[0.744s] INFO:colcon.colcon_core.shell:Creating package script '/home/reach-lab/Palpation_smoother/ros2/install/palpation_calibration/share/palpation_calibration/package.sh'
[0.745s] INFO:colcon.colcon_core.shell:Creating package script '/home/reach-lab/Palpation_smoother/ros2/install/palpation_calibration/share/palpation_calibration/package.bash'
[0.745s] INFO:colcon.colcon_core.shell:Creating package script '/home/reach-lab/Palpation_smoother/ros2/install/palpation_calibration/share/palpation_calibration/package.zsh'
[0.745s] Level 1:colcon.colcon_core.environment:create_file_with_runtime_dependencies(/home/reach-lab/Palpation_smoother/ros2/install/palpation_calibration/share/colcon-core/packages/palpation_calibration)
[0.761s] DEBUG:colcon.colcon_core.event_handler.log_command:Invoked command in '/home/reach-lab/Palpation_smoother/ros2/build/ndi_aurora_node' returned '0': CMAKE_PREFIX_PATH=${CMAKE_PREFIX_PATH}:/opt/ros/jazzy DEBUGINFOD_URLS=https://debuginfod.ubuntu.com /usr/bin/cmake /home/reach-lab/Palpation_smoother/ros2/src/ndi_aurora_node -DCMAKE_INSTALL_PREFIX=/home/reach-lab/Palpation_smoother/ros2/install/ndi_aurora_node
[0.761s] DEBUG:colcon.colcon_core.event_handler.log_command:Invoking command in '/home/reach-lab/Palpation_smoother/ros2/build/ndi_aurora_node': CMAKE_PREFIX_PATH=${CMAKE_PREFIX_PATH}:/opt/ros/jazzy DEBUGINFOD_URLS=https://debuginfod.ubuntu.com /usr/bin/cmake --build /home/reach-lab/Palpation_smoother/ros2/build/ndi_aurora_node -- -j12 -l12
[0.835s] DEBUG:colcon.colcon_core.event_handler.log_command:Invoked command in '/home/reach-lab/Palpation_smoother/ros2/build/netft_reader' returned '0': CMAKE_PREFIX_PATH=${CMAKE_PREFIX_PATH}:/opt/ros/jazzy DEBUGINFOD_URLS=https://debuginfod.ubuntu.com /usr/bin/cmake /home/reach-lab/Palpation_smoother/ros2/src/netft_reader -DCMAKE_INSTALL_PREFIX=/home/reach-lab/Palpation_smoother/ros2/install/netft_reader
[0.835s] DEBUG:colcon.colcon_core.event_handler.log_command:Invoking command in '/home/reach-lab/Palpation_smoother/ros2/build/netft_reader': CMAKE_PREFIX_PATH=${CMAKE_PREFIX_PATH}:/opt/ros/jazzy DEBUGINFOD_URLS=https://debuginfod.ubuntu.com /usr/bin/cmake --build /home/reach-lab/Palpation_smoother/ros2/build/netft_reader -- -j12 -l12
[5.234s] DEBUG:colcon.colcon_core.event_handler.log_command:Invoked command in '/home/reach-lab/Palpation_smoother/ros2/build/netft_reader' returned '0': CMAKE_PREFIX_PATH=${CMAKE_PREFIX_PATH}:/opt/ros/jazzy DEBUGINFOD_URLS=https://debuginfod.ubuntu.com /usr/bin/cmake --build /home/reach-lab/Palpation_smoother/ros2/build/netft_reader -- -j12 -l12
[5.237s] DEBUG:colcon.colcon_core.event_handler.log_command:Invoking command in '/home/reach-lab/Palpation_smoother/ros2/build/netft_reader': CMAKE_PREFIX_PATH=${CMAKE_PREFIX_PATH}:/opt/ros/jazzy DEBUGINFOD_URLS=https://debuginfod.ubuntu.com /usr/bin/cmake --install /home/reach-lab/Palpation_smoother/ros2/build/netft_reader
[5.243s] Level 1:colcon.colcon_core.environment:create_environment_scripts_only(netft_reader)
[5.244s] Level 1:colcon.colcon_core.environment:checking '/home/reach-lab/Palpation_smoother/ros2/install/netft_reader' for CMake module files
[5.244s] DEBUG:colcon.colcon_core.event_handler.log_command:Invoked command in '/home/reach-lab/Palpation_smoother/ros2/build/netft_reader' returned '0': CMAKE_PREFIX_PATH=${CMAKE_PREFIX_PATH}:/opt/ros/jazzy DEBUGINFOD_URLS=https://debuginfod.ubuntu.com /usr/bin/cmake --install /home/reach-lab/Palpation_smoother/ros2/build/netft_reader
[5.244s] Level 1:colcon.colcon_core.environment:checking '/home/reach-lab/Palpation_smoother/ros2/install/netft_reader' for CMake config files
[5.244s] Level 1:colcon.colcon_core.shell:create_environment_hook('netft_reader', 'cmake_prefix_path')
[5.244s] INFO:colcon.colcon_core.shell:Creating environment hook '/home/reach-lab/Palpation_smoother/ros2/install/netft_reader/share/netft_reader/hook/cmake_prefix_path.ps1'
[5.244s] INFO:colcon.colcon_core.shell:Creating environment descriptor '/home/reach-lab/Palpation_smoother/ros2/install/netft_reader/share/netft_reader/hook/cmake_prefix_path.dsv'
[5.244s] INFO:colcon.colcon_core.shell:Creating environment hook '/home/reach-lab/Palpation_smoother/ros2/install/netft_reader/share/netft_reader/hook/cmake_prefix_path.sh'
[5.245s] Level 1:colcon.colcon_core.environment:checking '/home/reach-lab/Palpation_smoother/ros2/install/netft_reader/lib'
[5.245s] Level 1:colcon.colcon_core.environment:checking '/home/reach-lab/Palpation_smoother/ros2/install/netft_reader/bin'
[5.245s] Level 1:colcon.colcon_core.environment:checking '/home/reach-lab/Palpation_smoother/ros2/install/netft_reader/lib/pkgconfig/netft_reader.pc'
[5.245s] Level 1:colcon.colcon_core.environment:checking '/home/reach-lab/Palpation_smoother/ros2/install/netft_reader/lib/python3.12/site-packages'
[5.245s] Level 1:colcon.colcon_core.environment:checking '/home/reach-lab/Palpation_smoother/ros2/install/netft_reader/bin'
[5.245s] INFO:colcon.colcon_core.shell:Creating package script '/home/reach-lab/Palpation_smoother/ros2/install/netft_reader/share/netft_reader/package.ps1'
[5.245s] INFO:colcon.colcon_core.shell:Creating package descriptor '/home/reach-lab/Palpation_smoother/ros2/install/netft_reader/share/netft_reader/package.dsv'
[5.245s] INFO:colcon.colcon_core.shell:Creating package script '/home/reach-lab/Palpation_smoother/ros2/install/netft_reader/share/netft_reader/package.sh'
[5.245s] INFO:colcon.colcon_core.shell:Creating package script '/home/reach-lab/Palpation_smoother/ros2/install/netft_reader/share/netft_reader/package.bash'
[5.245s] INFO:colcon.colcon_core.shell:Creating package script '/home/reach-lab/Palpation_smoother/ros2/install/netft_reader/share/netft_reader/package.zsh'
[5.246s] Level 1:colcon.colcon_core.environment:create_file_with_runtime_dependencies(/home/reach-lab/Palpation_smoother/ros2/install/netft_reader/share/colcon-core/packages/netft_reader)
[5.246s] Level 1:colcon.colcon_core.environment:create_environment_scripts_only(netft_reader)
[5.246s] Level 1:colcon.colcon_core.environment:checking '/home/reach-lab/Palpation_smoother/ros2/install/netft_reader' for CMake module files
[5.246s] Level 1:colcon.colcon_core.environment:checking '/home/reach-lab/Palpation_smoother/ros2/install/netft_reader' for CMake config files
[5.246s] Level 1:colcon.colcon_core.shell:create_environment_hook('netft_reader', 'cmake_prefix_path')
[5.246s] INFO:colcon.colcon_core.shell:Creating environment hook '/home/reach-lab/Palpation_smoother/ros2/install/netft_reader/share/netft_reader/hook/cmake_prefix_path.ps1'
[5.246s] INFO:colcon.colcon_core.shell:Creating environment descriptor '/home/reach-lab/Palpation_smoother/ros2/install/netft_reader/share/netft_reader/hook/cmake_prefix_path.dsv'
[5.246s] INFO:colcon.colcon_core.shell:Creating environment hook '/home/reach-lab/Palpation_smoother/ros2/install/netft_reader/share/netft_reader/hook/cmake_prefix_path.sh'
[5.247s] Level 1:colcon.colcon_core.environment:checking '/home/reach-lab/Palpation_smoother/ros2/install/netft_reader/lib'
[5.247s] Level 1:colcon.colcon_core.environment:checking '/home/reach-lab/Palpation_smoother/ros2/install/netft_reader/bin'
[5.247s] Level 1:colcon.colcon_core.environment:checking '/home/reach-lab/Palpation_smoother/ros2/install/netft_reader/lib/pkgconfig/netft_reader.pc'
[5.247s] Level 1:colcon.colcon_core.environment:checking '/home/reach-lab/Palpation_smoother/ros2/install/netft_reader/lib/python3.12/site-packages'
[5.247s] Level 1:colcon.colcon_core.environment:checking '/home/reach-lab/Palpation_smoother/ros2/install/netft_reader/bin'
[5.247s] INFO:colcon.colcon_core.shell:Creating package script '/home/reach-lab/Palpation_smoother/ros2/install/netft_reader/share/netft_reader/package.ps1'
[5.247s] INFO:colcon.colcon_core.shell:Creating package descriptor '/home/reach-lab/Palpation_smoother/ros2/install/netft_reader/share/netft_reader/package.dsv'
[5.247s] INFO:colcon.colcon_core.shell:Creating package script '/home/reach-lab/Palpation_smoother/ros2/install/netft_reader/share/netft_reader/package.sh'
[5.248s] INFO:colcon.colcon_core.shell:Creating package script '/home/reach-lab/Palpation_smoother/ros2/install/netft_reader/share/netft_reader/package.bash'
[5.248s] INFO:colcon.colcon_core.shell:Creating package script '/home/reach-lab/Palpation_smoother/ros2/install/netft_reader/share/netft_reader/package.zsh'
[5.248s] Level 1:colcon.colcon_core.environment:create_file_with_runtime_dependencies(/home/reach-lab/Palpation_smoother/ros2/install/netft_reader/share/colcon-core/packages/netft_reader)
[5.511s] DEBUG:colcon.colcon_core.event_handler.log_command:Invoked command in '/home/reach-lab/Palpation_smoother/ros2/build/ndi_aurora_node' returned '0': CMAKE_PREFIX_PATH=${CMAKE_PREFIX_PATH}:/opt/ros/jazzy DEBUGINFOD_URLS=https://debuginfod.ubuntu.com /usr/bin/cmake --build /home/reach-lab/Palpation_smoother/ros2/build/ndi_aurora_node -- -j12 -l12
[5.511s] DEBUG:colcon.colcon_core.event_handler.log_command:Invoking command in '/home/reach-lab/Palpation_smoother/ros2/build/ndi_aurora_node': CMAKE_PREFIX_PATH=${CMAKE_PREFIX_PATH}:/opt/ros/jazzy DEBUGINFOD_URLS=https://debuginfod.ubuntu.com /usr/bin/cmake --install /home/reach-lab/Palpation_smoother/ros2/build/ndi_aurora_node
[5.516s] DEBUG:colcon.colcon_core.event_handler.log_command:Invoked command in '/home/reach-lab/Palpation_smoother/ros2/build/ndi_aurora_node' returned '1': CMAKE_PREFIX_PATH=${CMAKE_PREFIX_PATH}:/opt/ros/jazzy DEBUGINFOD_URLS=https://debuginfod.ubuntu.com /usr/bin/cmake --install /home/reach-lab/Palpation_smoother/ros2/build/ndi_aurora_node
[5.516s] Level 1:colcon.colcon_core.environment:create_environment_scripts_only(ndi_aurora_node)
[5.517s] Level 1:colcon.colcon_core.environment:checking '/home/reach-lab/Palpation_smoother/ros2/install/ndi_aurora_node' for CMake module files
[5.517s] Level 1:colcon.colcon_core.environment:checking '/home/reach-lab/Palpation_smoother/ros2/install/ndi_aurora_node' for CMake config files
[5.517s] Level 1:colcon.colcon_core.environment:checking '/home/reach-lab/Palpation_smoother/ros2/install/ndi_aurora_node/lib'
[5.517s] Level 1:colcon.colcon_core.environment:checking '/home/reach-lab/Palpation_smoother/ros2/install/ndi_aurora_node/bin'
[5.517s] Level 1:colcon.colcon_core.environment:checking '/home/reach-lab/Palpation_smoother/ros2/install/ndi_aurora_node/lib/pkgconfig/ndi_aurora_node.pc'
[5.517s] Level 1:colcon.colcon_core.environment:checking '/home/reach-lab/Palpation_smoother/ros2/install/ndi_aurora_node/lib/python3.12/site-packages'
[5.517s] Level 1:colcon.colcon_core.environment:checking '/home/reach-lab/Palpation_smoother/ros2/install/ndi_aurora_node/bin'
[5.517s] INFO:colcon.colcon_core.shell:Creating package script '/home/reach-lab/Palpation_smoother/ros2/install/ndi_aurora_node/share/ndi_aurora_node/package.ps1'
[5.517s] INFO:colcon.colcon_core.shell:Creating package descriptor '/home/reach-lab/Palpation_smoother/ros2/install/ndi_aurora_node/share/ndi_aurora_node/package.dsv'
[5.518s] INFO:colcon.colcon_core.shell:Creating package script '/home/reach-lab/Palpation_smoother/ros2/install/ndi_aurora_node/share/ndi_aurora_node/package.sh'
[5.518s] INFO:colcon.colcon_core.shell:Creating package script '/home/reach-lab/Palpation_smoother/ros2/install/ndi_aurora_node/share/ndi_aurora_node/package.bash'
[5.518s] INFO:colcon.colcon_core.shell:Creating package script '/home/reach-lab/Palpation_smoother/ros2/install/ndi_aurora_node/share/ndi_aurora_node/package.zsh'
[5.518s] Level 1:colcon.colcon_core.environment:create_file_with_runtime_dependencies(/home/reach-lab/Palpation_smoother/ros2/install/ndi_aurora_node/share/colcon-core/packages/ndi_aurora_node)
[5.528s] DEBUG:colcon.colcon_parallel_executor.executor.parallel:closing loop
[5.528s] DEBUG:colcon.colcon_parallel_executor.executor.parallel:loop closed
[5.528s] DEBUG:colcon.colcon_parallel_executor.executor.parallel:run_until_complete finished with '1'
[5.528s] DEBUG:colcon.colcon_core.event_reactor:joining thread
[5.531s] INFO:colcon.colcon_core.plugin_system:Skipping extension 'colcon_notification.desktop_notification.terminal_notifier': Not used on non-Darwin systems
[5.531s] INFO:colcon.colcon_core.plugin_system:Skipping extension 'colcon_notification.desktop_notification.win32': Not used on non-Windows systems
[5.531s] INFO:colcon.colcon_notification.desktop_notification:Sending desktop notification using 'notify2'
[5.539s] DEBUG:colcon.colcon_core.event_reactor:joined thread
[5.539s] INFO:colcon.colcon_core.shell:Creating prefix script '/home/reach-lab/Palpation_smoother/ros2/install/local_setup.ps1'
[5.539s] INFO:colcon.colcon_core.shell:Creating prefix util module '/home/reach-lab/Palpation_smoother/ros2/install/_local_setup_util_ps1.py'
[5.540s] INFO:colcon.colcon_core.shell:Creating prefix chain script '/home/reach-lab/Palpation_smoother/ros2/install/setup.ps1'
[5.540s] INFO:colcon.colcon_core.shell:Creating prefix script '/home/reach-lab/Palpation_smoother/ros2/install/local_setup.sh'
[5.540s] INFO:colcon.colcon_core.shell:Creating prefix util module '/home/reach-lab/Palpation_smoother/ros2/install/_local_setup_util_sh.py'
[5.540s] INFO:colcon.colcon_core.shell:Creating prefix chain script '/home/reach-lab/Palpation_smoother/ros2/install/setup.sh'
[5.541s] INFO:colcon.colcon_core.shell:Creating prefix script '/home/reach-lab/Palpation_smoother/ros2/install/local_setup.bash'
[5.541s] INFO:colcon.colcon_core.shell:Creating prefix chain script '/home/reach-lab/Palpation_smoother/ros2/install/setup.bash'
[5.541s] INFO:colcon.colcon_core.shell:Creating prefix script '/home/reach-lab/Palpation_smoother/ros2/install/local_setup.zsh'
[5.541s] INFO:colcon.colcon_core.shell:Creating prefix chain script '/home/reach-lab/Palpation_smoother/ros2/install/setup.zsh'
