[0.024s] Invoking command in '/home/yufei/code/Palpation_smoother/ros2/build/sync_logger_node': CMAKE_PREFIX_PATH=/home/yufei/code/Palpation_smoother/ros2/install/ndi_aurora_node:/home/yufei/code/Palpation_smoother/ros2/install/sync_logger_node:/home/yufei/code/Palpation_smoother/ros2/install/netft_reader:/home/yufei/palpation_ws/install/sync_logger_node:/home/yufei/palpation_ws/install/netft_reader:/home/yufei/palpation_ws/install/ndi_aurora_node:/opt/ros/jazzy/opt/gz_math_vendor:/opt/ros/jazzy/opt/gz_utils_vendor:/opt/ros/jazzy/opt/gz_cmake_vendor:/home/yufei/code/Palpation_smoother/ros2/install/palpation_calibration:/home/yufei/palpation_ws/install/ves_kinematic_calibration:/home/yufei/palpation_ws/install/sync_logger_py:/home/yufei/palpation_ws/install/palpation_force_pub:/home/yufei/palpation_ws/install/palpation_force_calibration:/opt/ros/jazzy DEBUGINFOD_URLS=https://debuginfod.ubuntu.com /usr/bin/cmake --build /home/yufei/code/Palpation_smoother/ros2/build/sync_logger_node -- -j12 -l12
[0.142s] [100%] Built target sync_logger_node
[0.161s] Invoked command in '/home/yufei/code/Palpation_smoother/ros2/build/sync_logger_node' returned '0': CMAKE_PREFIX_PATH=/home/yufei/code/Palpation_smoother/ros2/install/ndi_aurora_node:/home/yufei/code/Palpation_smoother/ros2/install/sync_logger_node:/home/yufei/code/Palpation_smoother/ros2/install/netft_reader:/home/yufei/palpation_ws/install/sync_logger_node:/home/yufei/palpation_ws/install/netft_reader:/home/yufei/palpation_ws/install/ndi_aurora_node:/opt/ros/jazzy/opt/gz_math_vendor:/opt/ros/jazzy/opt/gz_utils_vendor:/opt/ros/jazzy/opt/gz_cmake_vendor:/home/yufei/code/Palpation_smoother/ros2/install/palpation_calibration:/home/yufei/palpation_ws/install/ves_kinematic_calibration:/home/yufei/palpation_ws/install/sync_logger_py:/home/yufei/palpation_ws/install/palpation_force_pub:/home/yufei/palpation_ws/install/palpation_force_calibration:/opt/ros/jazzy DEBUGINFOD_URLS=https://debuginfod.ubuntu.com /usr/bin/cmake --build /home/yufei/code/Palpation_smoother/ros2/build/sync_logger_node -- -j12 -l12
[0.164s] Invoking command in '/home/yufei/code/Palpation_smoother/ros2/build/sync_logger_node': CMAKE_PREFIX_PATH=/home/yufei/code/Palpation_smoother/ros2/install/ndi_aurora_node:/home/yufei/code/Palpation_smoother/ros2/install/sync_logger_node:/home/yufei/code/Palpation_smoother/ros2/install/netft_reader:/home/yufei/palpation_ws/install/sync_logger_node:/home/yufei/palpation_ws/install/netft_reader:/home/yufei/palpation_ws/install/ndi_aurora_node:/opt/ros/jazzy/opt/gz_math_vendor:/opt/ros/jazzy/opt/gz_utils_vendor:/opt/ros/jazzy/opt/gz_cmake_vendor:/home/yufei/code/Palpation_smoother/ros2/install/palpation_calibration:/home/yufei/palpation_ws/install/ves_kinematic_calibration:/home/yufei/palpation_ws/install/sync_logger_py:/home/yufei/palpation_ws/install/palpation_force_pub:/home/yufei/palpation_ws/install/palpation_force_calibration:/opt/ros/jazzy DEBUGINFOD_URLS=https://debuginfod.ubuntu.com /usr/bin/cmake --install /home/yufei/code/Palpation_smoother/ros2/build/sync_logger_node
[0.178s] -- Install configuration: ""
[0.179s] -- Up-to-date: /home/yufei/code/Palpation_smoother/ros2/install/sync_logger_node/lib/sync_logger_node/sync_logger_node
[0.179s] -- Up-to-date: /home/yufei/code/Palpation_smoother/ros2/install/sync_logger_node/share/sync_logger_node//launch
[0.180s] -- Up-to-date: /home/yufei/code/Palpation_smoother/ros2/install/sync_logger_node/share/sync_logger_node//launch/multi_sensor_logger_launch.py
[0.180s] -- Up-to-date: /home/yufei/code/Palpation_smoother/ros2/install/sync_logger_node/share/ament_index/resource_index/package_run_dependencies/sync_logger_node
[0.180s] -- Up-to-date: /home/yufei/code/Palpation_smoother/ros2/install/sync_logger_node/share/ament_index/resource_index/parent_prefix_path/sync_logger_node
[0.180s] -- Up-to-date: /home/yufei/code/Palpation_smoother/ros2/install/sync_logger_node/share/sync_logger_node/environment/ament_prefix_path.sh
[0.180s] -- Up-to-date: /home/yufei/code/Palpation_smoother/ros2/install/sync_logger_node/share/sync_logger_node/environment/ament_prefix_path.dsv
[0.180s] -- Up-to-date: /home/yufei/code/Palpation_smoother/ros2/install/sync_logger_node/share/sync_logger_node/environment/path.sh
[0.181s] -- Up-to-date: /home/yufei/code/Palpation_smoother/ros2/install/sync_logger_node/share/sync_logger_node/environment/path.dsv
[0.181s] -- Up-to-date: /home/yufei/code/Palpation_smoother/ros2/install/sync_logger_node/share/sync_logger_node/local_setup.bash
[0.181s] -- Up-to-date: /home/yufei/code/Palpation_smoother/ros2/install/sync_logger_node/share/sync_logger_node/local_setup.sh
[0.181s] -- Up-to-date: /home/yufei/code/Palpation_smoother/ros2/install/sync_logger_node/share/sync_logger_node/local_setup.zsh
[0.181s] -- Up-to-date: /home/yufei/code/Palpation_smoother/ros2/install/sync_logger_node/share/sync_logger_node/local_setup.dsv
[0.182s] -- Installing: /home/yufei/code/Palpation_smoother/ros2/install/sync_logger_node/share/sync_logger_node/package.dsv
[0.182s] -- Up-to-date: /home/yufei/code/Palpation_smoother/ros2/install/sync_logger_node/share/ament_index/resource_index/packages/sync_logger_node
[0.182s] -- Up-to-date: /home/yufei/code/Palpation_smoother/ros2/install/sync_logger_node/share/sync_logger_node/cmake/sync_logger_nodeConfig.cmake
[0.183s] -- Up-to-date: /home/yufei/code/Palpation_smoother/ros2/install/sync_logger_node/share/sync_logger_node/cmake/sync_logger_nodeConfig-version.cmake
[0.183s] -- Up-to-date: /home/yufei/code/Palpation_smoother/ros2/install/sync_logger_node/share/sync_logger_node/package.xml
[0.184s] Invoked command in '/home/yufei/code/Palpation_smoother/ros2/build/sync_logger_node' returned '0': CMAKE_PREFIX_PATH=/home/yufei/code/Palpation_smoother/ros2/install/ndi_aurora_node:/home/yufei/code/Palpation_smoother/ros2/install/sync_logger_node:/home/yufei/code/Palpation_smoother/ros2/install/netft_reader:/home/yufei/palpation_ws/install/sync_logger_node:/home/yufei/palpation_ws/install/netft_reader:/home/yufei/palpation_ws/install/ndi_aurora_node:/opt/ros/jazzy/opt/gz_math_vendor:/opt/ros/jazzy/opt/gz_utils_vendor:/opt/ros/jazzy/opt/gz_cmake_vendor:/home/yufei/code/Palpation_smoother/ros2/install/palpation_calibration:/home/yufei/palpation_ws/install/ves_kinematic_calibration:/home/yufei/palpation_ws/install/sync_logger_py:/home/yufei/palpation_ws/install/palpation_force_pub:/home/yufei/palpation_ws/install/palpation_force_calibration:/opt/ros/jazzy DEBUGINFOD_URLS=https://debuginfod.ubuntu.com /usr/bin/cmake --install /home/yufei/code/Palpation_smoother/ros2/build/sync_logger_node
