-- The C compiler identification is GNU 13.3.0
-- The CXX compiler identification is GNU 13.3.0
-- Detecting C compiler ABI info
-- Detecting C compiler ABI info - done
-- Check for working C compiler: /usr/bin/cc - skipped
-- Detecting C compile features
-- Detecting C compile features - done
-- Detecting CXX compiler ABI info
-- Detecting CXX compiler ABI info - done
-- Check for working CXX compiler: /usr/bin/c++ - skipped
-- Detecting CXX compile features
-- Detecting CXX compile features - done
-- Found ament_cmake: 2.5.4 (/opt/ros/jazzy/share/ament_cmake/cmake)
-- Found Python3: /usr/bin/python3 (found version "3.12.3") found components: Interpreter 
-- Found rclcpp: 28.1.9 (/opt/ros/jazzy/share/rclcpp/cmake)
-- Found rosidl_generator_c: 4.6.5 (/opt/ros/jazzy/share/rosidl_generator_c/cmake)
-- Found rosidl_generator_cpp: 4.6.5 (/opt/ros/jazzy/share/rosidl_generator_cpp/cmake)
-- Using all available rosidl_typesupport_c: rosidl_typesupport_fastrtps_c;rosidl_typesupport_introspection_c
-- Using all available rosidl_typesupport_cpp: rosidl_typesupport_fastrtps_cpp;rosidl_typesupport_introspection_cpp
-- Found rmw_implementation_cmake: 7.3.2 (/opt/ros/jazzy/share/rmw_implementation_cmake/cmake)
-- Found rmw_fastrtps_cpp: 8.4.2 (/opt/ros/jazzy/share/rmw_fastrtps_cpp/cmake)
-- Found OpenSSL: /usr/lib/x86_64-linux-gnu/libcrypto.so (found version "3.0.13")  
-- Found FastRTPS: /opt/ros/jazzy/include (Required is at least version "2.13") 
-- Using RMW implementation 'rmw_fastrtps_cpp' as default
-- Found std_srvs: 5.3.6 (/opt/ros/jazzy/share/std_srvs/cmake)
-- Found geometry_msgs: 5.3.6 (/opt/ros/jazzy/share/geometry_msgs/cmake)
-- Found sensor_msgs: 5.3.6 (/opt/ros/jazzy/share/sensor_msgs/cmake)
-- Found message_filters: 4.11.6 (/opt/ros/jazzy/share/message_filters/cmake)
-- Configuring done (2.1s)
-- Generating done (0.0s)
-- Build files have been written to: /home/yufei/code/Palpation_smoother/ros2/build/sync_logger_node
[ 50%] [32mBuilding CXX object CMakeFiles/sync_logger_node.dir/src/sync_logger_node.cpp.o[0m
[100%] [32m[1mLinking CXX executable sync_logger_node[0m
[100%] Built target sync_logger_node
-- Install configuration: ""
-- Installing: /home/yufei/code/Palpation_smoother/ros2/install/sync_logger_node/lib/sync_logger_node/sync_logger_node
-- Set non-toolchain portion of runtime path of "/home/yufei/code/Palpation_smoother/ros2/install/sync_logger_node/lib/sync_logger_node/sync_logger_node" to ""
-- Up-to-date: /home/yufei/code/Palpation_smoother/ros2/install/sync_logger_node/share/sync_logger_node//launch
-- Installing: /home/yufei/code/Palpation_smoother/ros2/install/sync_logger_node/share/sync_logger_node//launch/multi_sensor_logger_launch.py
-- Installing: /home/yufei/code/Palpation_smoother/ros2/install/sync_logger_node/share/ament_index/resource_index/package_run_dependencies/sync_logger_node
-- Installing: /home/yufei/code/Palpation_smoother/ros2/install/sync_logger_node/share/ament_index/resource_index/parent_prefix_path/sync_logger_node
-- Installing: /home/yufei/code/Palpation_smoother/ros2/install/sync_logger_node/share/sync_logger_node/environment/ament_prefix_path.sh
-- Installing: /home/yufei/code/Palpation_smoother/ros2/install/sync_logger_node/share/sync_logger_node/environment/ament_prefix_path.dsv
-- Installing: /home/yufei/code/Palpation_smoother/ros2/install/sync_logger_node/share/sync_logger_node/environment/path.sh
-- Installing: /home/yufei/code/Palpation_smoother/ros2/install/sync_logger_node/share/sync_logger_node/environment/path.dsv
-- Installing: /home/yufei/code/Palpation_smoother/ros2/install/sync_logger_node/share/sync_logger_node/local_setup.bash
-- Installing: /home/yufei/code/Palpation_smoother/ros2/install/sync_logger_node/share/sync_logger_node/local_setup.sh
-- Installing: /home/yufei/code/Palpation_smoother/ros2/install/sync_logger_node/share/sync_logger_node/local_setup.zsh
-- Installing: /home/yufei/code/Palpation_smoother/ros2/install/sync_logger_node/share/sync_logger_node/local_setup.dsv
-- Installing: /home/yufei/code/Palpation_smoother/ros2/install/sync_logger_node/share/sync_logger_node/package.dsv
-- Installing: /home/yufei/code/Palpation_smoother/ros2/install/sync_logger_node/share/ament_index/resource_index/packages/sync_logger_node
-- Installing: /home/yufei/code/Palpation_smoother/ros2/install/sync_logger_node/share/sync_logger_node/cmake/sync_logger_nodeConfig.cmake
-- Installing: /home/yufei/code/Palpation_smoother/ros2/install/sync_logger_node/share/sync_logger_node/cmake/sync_logger_nodeConfig-version.cmake
-- Installing: /home/yufei/code/Palpation_smoother/ros2/install/sync_logger_node/share/sync_logger_node/package.xml
