[0.006s] Invoking command in '/home/reach-lab/Palpation_smoother/ros2/build/sync_logger_node': CMAKE_PREFIX_PATH=/home/reach-lab/Palpation_smoother/ros2/install/ndi_aurora_node:/home/reach-lab/Palpation_smoother/ros2/install/sync_logger_node:/home/reach-lab/Palpation_smoother/ros2/install/netft_reader:/opt/ros/jazzy/opt/gz_math_vendor:/opt/ros/jazzy/opt/gz_utils_vendor:/opt/ros/jazzy/opt/gz_cmake_vendor:/home/reach-lab/Palpation_smoother/ros2/install/palpation_calibration:/opt/ros/jazzy DEBUGINFOD_URLS=https://debuginfod.ubuntu.com /usr/bin/cmake --build /home/reach-lab/Palpation_smoother/ros2/build/sync_logger_node -- -j12 -l12
[0.028s] [100%] Built target sync_logger_node
[0.032s] Invoked command in '/home/reach-lab/Palpation_smoother/ros2/build/sync_logger_node' returned '0': CMAKE_PREFIX_PATH=/home/reach-lab/Palpation_smoother/ros2/install/ndi_aurora_node:/home/reach-lab/Palpation_smoother/ros2/install/sync_logger_node:/home/reach-lab/Palpation_smoother/ros2/install/netft_reader:/opt/ros/jazzy/opt/gz_math_vendor:/opt/ros/jazzy/opt/gz_utils_vendor:/opt/ros/jazzy/opt/gz_cmake_vendor:/home/reach-lab/Palpation_smoother/ros2/install/palpation_calibration:/opt/ros/jazzy DEBUGINFOD_URLS=https://debuginfod.ubuntu.com /usr/bin/cmake --build /home/reach-lab/Palpation_smoother/ros2/build/sync_logger_node -- -j12 -l12
[0.032s] Invoking command in '/home/reach-lab/Palpation_smoother/ros2/build/sync_logger_node': CMAKE_PREFIX_PATH=/home/reach-lab/Palpation_smoother/ros2/install/ndi_aurora_node:/home/reach-lab/Palpation_smoother/ros2/install/sync_logger_node:/home/reach-lab/Palpation_smoother/ros2/install/netft_reader:/opt/ros/jazzy/opt/gz_math_vendor:/opt/ros/jazzy/opt/gz_utils_vendor:/opt/ros/jazzy/opt/gz_cmake_vendor:/home/reach-lab/Palpation_smoother/ros2/install/palpation_calibration:/opt/ros/jazzy DEBUGINFOD_URLS=https://debuginfod.ubuntu.com /usr/bin/cmake --install /home/reach-lab/Palpation_smoother/ros2/build/sync_logger_node
[0.035s] -- Install configuration: ""
[0.035s] -- Up-to-date: /home/reach-lab/Palpation_smoother/ros2/install/sync_logger_node/lib/sync_logger_node/sync_logger_node
[0.035s] -- Up-to-date: /home/reach-lab/Palpation_smoother/ros2/install/sync_logger_node/share/sync_logger_node//launch
[0.035s] -- Up-to-date: /home/reach-lab/Palpation_smoother/ros2/install/sync_logger_node/share/sync_logger_node//launch/multi_sensor_logger_launch.py
[0.035s] -- Up-to-date: /home/reach-lab/Palpation_smoother/ros2/install/sync_logger_node/share/ament_index/resource_index/package_run_dependencies/sync_logger_node
[0.035s] -- Up-to-date: /home/reach-lab/Palpation_smoother/ros2/install/sync_logger_node/share/ament_index/resource_index/parent_prefix_path/sync_logger_node
[0.035s] -- Up-to-date: /home/reach-lab/Palpation_smoother/ros2/install/sync_logger_node/share/sync_logger_node/environment/ament_prefix_path.sh
[0.035s] -- Up-to-date: /home/reach-lab/Palpation_smoother/ros2/install/sync_logger_node/share/sync_logger_node/environment/ament_prefix_path.dsv
[0.035s] -- Up-to-date: /home/reach-lab/Palpation_smoother/ros2/install/sync_logger_node/share/sync_logger_node/environment/path.sh
[0.035s] -- Up-to-date: /home/reach-lab/Palpation_smoother/ros2/install/sync_logger_node/share/sync_logger_node/environment/path.dsv
[0.035s] -- Up-to-date: /home/reach-lab/Palpation_smoother/ros2/install/sync_logger_node/share/sync_logger_node/local_setup.bash
[0.035s] -- Up-to-date: /home/reach-lab/Palpation_smoother/ros2/install/sync_logger_node/share/sync_logger_node/local_setup.sh
[0.035s] -- Up-to-date: /home/reach-lab/Palpation_smoother/ros2/install/sync_logger_node/share/sync_logger_node/local_setup.zsh
[0.035s] -- Up-to-date: /home/reach-lab/Palpation_smoother/ros2/install/sync_logger_node/share/sync_logger_node/local_setup.dsv
[0.035s] -- Installing: /home/reach-lab/Palpation_smoother/ros2/install/sync_logger_node/share/sync_logger_node/package.dsv
[0.035s] -- Up-to-date: /home/reach-lab/Palpation_smoother/ros2/install/sync_logger_node/share/ament_index/resource_index/packages/sync_logger_node
[0.035s] -- Up-to-date: /home/reach-lab/Palpation_smoother/ros2/install/sync_logger_node/share/sync_logger_node/cmake/sync_logger_nodeConfig.cmake
[0.036s] -- Up-to-date: /home/reach-lab/Palpation_smoother/ros2/install/sync_logger_node/share/sync_logger_node/cmake/sync_logger_nodeConfig-version.cmake
[0.036s] -- Up-to-date: /home/reach-lab/Palpation_smoother/ros2/install/sync_logger_node/share/sync_logger_node/package.xml
[0.036s] Invoked command in '/home/reach-lab/Palpation_smoother/ros2/build/sync_logger_node' returned '0': CMAKE_PREFIX_PATH=/home/reach-lab/Palpation_smoother/ros2/install/ndi_aurora_node:/home/reach-lab/Palpation_smoother/ros2/install/sync_logger_node:/home/reach-lab/Palpation_smoother/ros2/install/netft_reader:/opt/ros/jazzy/opt/gz_math_vendor:/opt/ros/jazzy/opt/gz_utils_vendor:/opt/ros/jazzy/opt/gz_cmake_vendor:/home/reach-lab/Palpation_smoother/ros2/install/palpation_calibration:/opt/ros/jazzy DEBUGINFOD_URLS=https://debuginfod.ubuntu.com /usr/bin/cmake --install /home/reach-lab/Palpation_smoother/ros2/build/sync_logger_node
