[0.035s] Invoking command in '/home/yufei/code/Palpation_smoother/ros2/build/netft_reader': CMAKE_PREFIX_PATH=${CMAKE_PREFIX_PATH}:/home/yufei/code/Palpation_smoother/ros2/install/palpation_calibration:/home/yufei/palpation_ws/install/ves_kinematic_calibration:/home/yufei/palpation_ws/install/sync_logger_py:/home/yufei/palpation_ws/install/palpation_force_pub:/home/yufei/palpation_ws/install/palpation_force_calibration:/opt/ros/jazzy DEBUGINFOD_URLS=https://debuginfod.ubuntu.com /usr/bin/cmake --build /home/yufei/code/Palpation_smoother/ros2/build/netft_reader -- -j12 -l12
[0.192s] [ 33%] Built target netft_node
[0.201s] [ 66%] Built target netft_raw_node
[0.202s] [100%] Built target netft_baseraw_node
[0.484s] Invoked command in '/home/yufei/code/Palpation_smoother/ros2/build/netft_reader' returned '0': CMAKE_PREFIX_PATH=${CMAKE_PREFIX_PATH}:/home/yufei/code/Palpation_smoother/ros2/install/palpation_calibration:/home/yufei/palpation_ws/install/ves_kinematic_calibration:/home/yufei/palpation_ws/install/sync_logger_py:/home/yufei/palpation_ws/install/palpation_force_pub:/home/yufei/palpation_ws/install/palpation_force_calibration:/opt/ros/jazzy DEBUGINFOD_URLS=https://debuginfod.ubuntu.com /usr/bin/cmake --build /home/yufei/code/Palpation_smoother/ros2/build/netft_reader -- -j12 -l12
[0.506s] Invoking command in '/home/yufei/code/Palpation_smoother/ros2/build/netft_reader': CMAKE_PREFIX_PATH=${CMAKE_PREFIX_PATH}:/home/yufei/code/Palpation_smoother/ros2/install/palpation_calibration:/home/yufei/palpation_ws/install/ves_kinematic_calibration:/home/yufei/palpation_ws/install/sync_logger_py:/home/yufei/palpation_ws/install/palpation_force_pub:/home/yufei/palpation_ws/install/palpation_force_calibration:/opt/ros/jazzy DEBUGINFOD_URLS=https://debuginfod.ubuntu.com /usr/bin/cmake --install /home/yufei/code/Palpation_smoother/ros2/build/netft_reader
[0.530s] -- Install configuration: ""
[0.531s] -- Up-to-date: /home/yufei/code/Palpation_smoother/ros2/install/netft_reader/lib/netft_reader/netft_node
[0.532s] -- Up-to-date: /home/yufei/code/Palpation_smoother/ros2/install/netft_reader/lib/netft_reader/netft_raw_node
[0.533s] -- Up-to-date: /home/yufei/code/Palpation_smoother/ros2/install/netft_reader/lib/netft_reader/netft_baseraw_node
[0.534s] -- Up-to-date: /home/yufei/code/Palpation_smoother/ros2/install/netft_reader/include
[0.534s] -- Up-to-date: /home/yufei/code/Palpation_smoother/ros2/install/netft_reader/include/netft_reader
[0.535s] -- Up-to-date: /home/yufei/code/Palpation_smoother/ros2/install/netft_reader/include/netft_reader/netft_utils.h
[0.535s] -- Up-to-date: /home/yufei/code/Palpation_smoother/ros2/install/netft_reader/include/netft_reader/netft_rdt_driver.h
[0.536s] -- Up-to-date: /home/yufei/code/Palpation_smoother/ros2/install/netft_reader/share/ament_index/resource_index/package_run_dependencies/netft_reader
[0.536s] -- Up-to-date: /home/yufei/code/Palpation_smoother/ros2/install/netft_reader/share/ament_index/resource_index/parent_prefix_path/netft_reader
[0.536s] -- Up-to-date: /home/yufei/code/Palpation_smoother/ros2/install/netft_reader/share/netft_reader/environment/ament_prefix_path.sh
[0.537s] -- Up-to-date: /home/yufei/code/Palpation_smoother/ros2/install/netft_reader/share/netft_reader/environment/ament_prefix_path.dsv
[0.537s] -- Up-to-date: /home/yufei/code/Palpation_smoother/ros2/install/netft_reader/share/netft_reader/environment/path.sh
[0.538s] -- Up-to-date: /home/yufei/code/Palpation_smoother/ros2/install/netft_reader/share/netft_reader/environment/path.dsv
[0.538s] -- Up-to-date: /home/yufei/code/Palpation_smoother/ros2/install/netft_reader/share/netft_reader/local_setup.bash
[0.539s] -- Up-to-date: /home/yufei/code/Palpation_smoother/ros2/install/netft_reader/share/netft_reader/local_setup.sh
[0.541s] -- Up-to-date: /home/yufei/code/Palpation_smoother/ros2/install/netft_reader/share/netft_reader/local_setup.zsh
[0.543s] -- Up-to-date: /home/yufei/code/Palpation_smoother/ros2/install/netft_reader/share/netft_reader/local_setup.dsv
[0.545s] -- Installing: /home/yufei/code/Palpation_smoother/ros2/install/netft_reader/share/netft_reader/package.dsv
[0.546s] -- Up-to-date: /home/yufei/code/Palpation_smoother/ros2/install/netft_reader/share/ament_index/resource_index/packages/netft_reader
[0.546s] -- Up-to-date: /home/yufei/code/Palpation_smoother/ros2/install/netft_reader/share/netft_reader/cmake/netft_readerConfig.cmake
[0.546s] -- Up-to-date: /home/yufei/code/Palpation_smoother/ros2/install/netft_reader/share/netft_reader/cmake/netft_readerConfig-version.cmake
[0.546s] -- Up-to-date: /home/yufei/code/Palpation_smoother/ros2/install/netft_reader/share/netft_reader/package.xml
[0.566s] Invoked command in '/home/yufei/code/Palpation_smoother/ros2/build/netft_reader' returned '0': CMAKE_PREFIX_PATH=${CMAKE_PREFIX_PATH}:/home/yufei/code/Palpation_smoother/ros2/install/palpation_calibration:/home/yufei/palpation_ws/install/ves_kinematic_calibration:/home/yufei/palpation_ws/install/sync_logger_py:/home/yufei/palpation_ws/install/palpation_force_pub:/home/yufei/palpation_ws/install/palpation_force_calibration:/opt/ros/jazzy DEBUGINFOD_URLS=https://debuginfod.ubuntu.com /usr/bin/cmake --install /home/yufei/code/Palpation_smoother/ros2/build/netft_reader
