[0.244s] DEBUG:colcon:Command line arguments: ['/usr/bin/colcon', 'build']
[0.244s] DEBUG:colcon:Parsed command line arguments: Namespace(log_base=None, log_level=None, verb_name='build', build_base='build', install_base='install', merge_install=False, symlink_install=False, test_result_base=None, continue_on_error=False, executor='parallel', parallel_workers=12, event_handlers=None, ignore_user_meta=False, metas=['./colcon.meta'], base_paths=['.'], packages_ignore=None, packages_ignore_regex=None, paths=None, packages_up_to=None, packages_up_to_regex=None, packages_above=None, packages_above_and_dependencies=None, packages_above_depth=None, packages_select_by_dep=None, packages_skip_by_dep=None, packages_skip_up_to=None, packages_select_build_failed=False, packages_skip_build_finished=False, packages_select_test_failures=False, packages_skip_test_passed=False, packages_select=None, packages_skip=None, packages_select_regex=None, packages_skip_regex=None, packages_start=None, packages_end=None, allow_overriding=[], cmake_args=None, cmake_target=None, cmake_target_skip_unavailable=False, cmake_clean_cache=False, cmake_clean_first=False, cmake_force_configure=False, ament_cmake_args=None, catkin_cmake_args=None, catkin_skip_building_tests=False, mixin_files=None, mixin=None, verb_parser=<colcon_mixin.mixin.mixin_argument.MixinArgumentDecorator object at 0x757af78a2390>, verb_extension=<colcon_core.verb.build.BuildVerb object at 0x757af7962b40>, main=<bound method BuildVerb.main of <colcon_core.verb.build.BuildVerb object at 0x757af7962b40>>, mixin_verb=('build',))
[0.331s] Level 1:colcon.colcon_core.package_discovery:discover_packages(colcon_meta) check parameters
[0.332s] Level 1:colcon.colcon_core.package_discovery:discover_packages(recursive) check parameters
[0.332s] Level 1:colcon.colcon_core.package_discovery:discover_packages(ignore) check parameters
[0.332s] Level 1:colcon.colcon_core.package_discovery:discover_packages(path) check parameters
[0.332s] Level 1:colcon.colcon_core.package_discovery:discover_packages(colcon_meta) discover
[0.332s] Level 1:colcon.colcon_core.package_discovery:discover_packages(recursive) discover
[0.332s] INFO:colcon.colcon_core.package_discovery:Crawling recursively for packages in '/home/yufei/code/Palpation_smoother/ros2'
[0.332s] Level 1:colcon.colcon_core.package_identification:_identify(.) by extensions ['ignore', 'ignore_ament_install']
[0.333s] Level 1:colcon.colcon_core.package_identification:_identify(.) by extension 'ignore'
[0.333s] Level 1:colcon.colcon_core.package_identification:_identify(.) by extension 'ignore_ament_install'
[0.333s] Level 1:colcon.colcon_core.package_identification:_identify(.) by extensions ['colcon_pkg']
[0.333s] Level 1:colcon.colcon_core.package_identification:_identify(.) by extension 'colcon_pkg'
[0.333s] Level 1:colcon.colcon_core.package_identification:_identify(.) by extensions ['colcon_meta']
[0.333s] Level 1:colcon.colcon_core.package_identification:_identify(.) by extension 'colcon_meta'
[0.333s] Level 1:colcon.colcon_core.package_identification:_identify(.) by extensions ['ros']
[0.333s] Level 1:colcon.colcon_core.package_identification:_identify(.) by extension 'ros'
[0.389s] Level 1:colcon.colcon_core.package_identification:_identify(.) by extensions ['cmake', 'python']
[0.390s] Level 1:colcon.colcon_core.package_identification:_identify(.) by extension 'cmake'
[0.390s] Level 1:colcon.colcon_core.package_identification:_identify(.) by extension 'python'
[0.390s] Level 1:colcon.colcon_core.package_identification:_identify(.) by extensions ['python_setup_py']
[0.390s] Level 1:colcon.colcon_core.package_identification:_identify(.) by extension 'python_setup_py'
[0.390s] Level 1:colcon.colcon_core.package_identification:_identify(build) by extensions ['ignore', 'ignore_ament_install']
[0.390s] Level 1:colcon.colcon_core.package_identification:_identify(build) by extension 'ignore'
[0.391s] Level 1:colcon.colcon_core.package_identification:_identify(build) ignored
[0.391s] Level 1:colcon.colcon_core.package_identification:_identify(install) by extensions ['ignore', 'ignore_ament_install']
[0.391s] Level 1:colcon.colcon_core.package_identification:_identify(install) by extension 'ignore'
[0.391s] Level 1:colcon.colcon_core.package_identification:_identify(install) ignored
[0.391s] Level 1:colcon.colcon_core.package_identification:_identify(log) by extensions ['ignore', 'ignore_ament_install']
[0.392s] Level 1:colcon.colcon_core.package_identification:_identify(log) by extension 'ignore'
[0.392s] Level 1:colcon.colcon_core.package_identification:_identify(log) ignored
[0.392s] Level 1:colcon.colcon_core.package_identification:_identify(src) by extensions ['ignore', 'ignore_ament_install']
[0.392s] Level 1:colcon.colcon_core.package_identification:_identify(src) by extension 'ignore'
[0.392s] Level 1:colcon.colcon_core.package_identification:_identify(src) by extension 'ignore_ament_install'
[0.392s] Level 1:colcon.colcon_core.package_identification:_identify(src) by extensions ['colcon_pkg']
[0.392s] Level 1:colcon.colcon_core.package_identification:_identify(src) by extension 'colcon_pkg'
[0.393s] Level 1:colcon.colcon_core.package_identification:_identify(src) by extensions ['colcon_meta']
[0.393s] Level 1:colcon.colcon_core.package_identification:_identify(src) by extension 'colcon_meta'
[0.393s] Level 1:colcon.colcon_core.package_identification:_identify(src) by extensions ['ros']
[0.393s] Level 1:colcon.colcon_core.package_identification:_identify(src) by extension 'ros'
[0.393s] Level 1:colcon.colcon_core.package_identification:_identify(src) by extensions ['cmake', 'python']
[0.393s] Level 1:colcon.colcon_core.package_identification:_identify(src) by extension 'cmake'
[0.393s] Level 1:colcon.colcon_core.package_identification:_identify(src) by extension 'python'
[0.393s] Level 1:colcon.colcon_core.package_identification:_identify(src) by extensions ['python_setup_py']
[0.393s] Level 1:colcon.colcon_core.package_identification:_identify(src) by extension 'python_setup_py'
[0.394s] Level 1:colcon.colcon_core.package_identification:_identify(src/install) by extensions ['ignore', 'ignore_ament_install']
[0.394s] Level 1:colcon.colcon_core.package_identification:_identify(src/install) by extension 'ignore'
[0.394s] Level 1:colcon.colcon_core.package_identification:_identify(src/install) ignored
[0.394s] Level 1:colcon.colcon_core.package_identification:_identify(src/log) by extensions ['ignore', 'ignore_ament_install']
[0.394s] Level 1:colcon.colcon_core.package_identification:_identify(src/log) by extension 'ignore'
[0.394s] Level 1:colcon.colcon_core.package_identification:_identify(src/log) ignored
[0.394s] Level 1:colcon.colcon_core.package_identification:_identify(src/ndi_aurora_node) by extensions ['ignore', 'ignore_ament_install']
[0.395s] Level 1:colcon.colcon_core.package_identification:_identify(src/ndi_aurora_node) by extension 'ignore'
[0.395s] Level 1:colcon.colcon_core.package_identification:_identify(src/ndi_aurora_node) by extension 'ignore_ament_install'
[0.395s] Level 1:colcon.colcon_core.package_identification:_identify(src/ndi_aurora_node) by extensions ['colcon_pkg']
[0.395s] Level 1:colcon.colcon_core.package_identification:_identify(src/ndi_aurora_node) by extension 'colcon_pkg'
[0.395s] Level 1:colcon.colcon_core.package_identification:_identify(src/ndi_aurora_node) by extensions ['colcon_meta']
[0.395s] Level 1:colcon.colcon_core.package_identification:_identify(src/ndi_aurora_node) by extension 'colcon_meta'
[0.395s] Level 1:colcon.colcon_core.package_identification:_identify(src/ndi_aurora_node) by extensions ['ros']
[0.395s] Level 1:colcon.colcon_core.package_identification:_identify(src/ndi_aurora_node) by extension 'ros'
[0.401s] DEBUG:colcon.colcon_core.package_identification:Package 'src/ndi_aurora_node' with type 'ros.ament_cmake' and name 'ndi_aurora_node'
[0.401s] Level 1:colcon.colcon_core.package_identification:_identify(src/netft_reader) by extensions ['ignore', 'ignore_ament_install']
[0.401s] Level 1:colcon.colcon_core.package_identification:_identify(src/netft_reader) by extension 'ignore'
[0.401s] Level 1:colcon.colcon_core.package_identification:_identify(src/netft_reader) by extension 'ignore_ament_install'
[0.401s] Level 1:colcon.colcon_core.package_identification:_identify(src/netft_reader) by extensions ['colcon_pkg']
[0.401s] Level 1:colcon.colcon_core.package_identification:_identify(src/netft_reader) by extension 'colcon_pkg'
[0.401s] Level 1:colcon.colcon_core.package_identification:_identify(src/netft_reader) by extensions ['colcon_meta']
[0.402s] Level 1:colcon.colcon_core.package_identification:_identify(src/netft_reader) by extension 'colcon_meta'
[0.402s] Level 1:colcon.colcon_core.package_identification:_identify(src/netft_reader) by extensions ['ros']
[0.402s] Level 1:colcon.colcon_core.package_identification:_identify(src/netft_reader) by extension 'ros'
[0.403s] DEBUG:colcon.colcon_core.package_identification:Package 'src/netft_reader' with type 'ros.ament_cmake' and name 'netft_reader'
[0.403s] Level 1:colcon.colcon_core.package_identification:_identify(src/palpation_calibration) by extensions ['ignore', 'ignore_ament_install']
[0.404s] Level 1:colcon.colcon_core.package_identification:_identify(src/palpation_calibration) by extension 'ignore'
[0.404s] Level 1:colcon.colcon_core.package_identification:_identify(src/palpation_calibration) by extension 'ignore_ament_install'
[0.404s] Level 1:colcon.colcon_core.package_identification:_identify(src/palpation_calibration) by extensions ['colcon_pkg']
[0.404s] Level 1:colcon.colcon_core.package_identification:_identify(src/palpation_calibration) by extension 'colcon_pkg'
[0.404s] Level 1:colcon.colcon_core.package_identification:_identify(src/palpation_calibration) by extensions ['colcon_meta']
[0.404s] Level 1:colcon.colcon_core.package_identification:_identify(src/palpation_calibration) by extension 'colcon_meta'
[0.404s] Level 1:colcon.colcon_core.package_identification:_identify(src/palpation_calibration) by extensions ['ros']
[0.404s] Level 1:colcon.colcon_core.package_identification:_identify(src/palpation_calibration) by extension 'ros'
[0.405s] DEBUG:colcon.colcon_core.package_identification:Package 'src/palpation_calibration' with type 'ros.ament_python' and name 'palpation_calibration'
[0.405s] Level 1:colcon.colcon_core.package_identification:_identify(src/sync_logger_node) by extensions ['ignore', 'ignore_ament_install']
[0.405s] Level 1:colcon.colcon_core.package_identification:_identify(src/sync_logger_node) by extension 'ignore'
[0.405s] Level 1:colcon.colcon_core.package_identification:_identify(src/sync_logger_node) by extension 'ignore_ament_install'
[0.406s] Level 1:colcon.colcon_core.package_identification:_identify(src/sync_logger_node) by extensions ['colcon_pkg']
[0.406s] Level 1:colcon.colcon_core.package_identification:_identify(src/sync_logger_node) by extension 'colcon_pkg'
[0.406s] Level 1:colcon.colcon_core.package_identification:_identify(src/sync_logger_node) by extensions ['colcon_meta']
[0.406s] Level 1:colcon.colcon_core.package_identification:_identify(src/sync_logger_node) by extension 'colcon_meta'
[0.406s] Level 1:colcon.colcon_core.package_identification:_identify(src/sync_logger_node) by extensions ['ros']
[0.406s] Level 1:colcon.colcon_core.package_identification:_identify(src/sync_logger_node) by extension 'ros'
[0.408s] DEBUG:colcon.colcon_core.package_identification:Package 'src/sync_logger_node' with type 'ros.ament_cmake' and name 'sync_logger_node'
[0.408s] Level 1:colcon.colcon_core.package_discovery:discover_packages(recursive) using defaults
[0.408s] Level 1:colcon.colcon_core.package_discovery:discover_packages(ignore) discover
[0.408s] Level 1:colcon.colcon_core.package_discovery:discover_packages(ignore) using defaults
[0.408s] Level 1:colcon.colcon_core.package_discovery:discover_packages(path) discover
[0.408s] Level 1:colcon.colcon_core.package_discovery:discover_packages(path) using defaults
[0.447s] Level 1:colcon.colcon_core.package_discovery:discover_packages(prefix_path) check parameters
[0.447s] Level 1:colcon.colcon_core.package_discovery:discover_packages(prefix_path) discover
[0.452s] DEBUG:colcon.colcon_installed_package_information.package_discovery:Found 4 installed packages in /home/yufei/code/Palpation_smoother/ros2/install
[0.453s] DEBUG:colcon.colcon_installed_package_information.package_discovery:Found 7 installed packages in /home/yufei/palpation_ws/install
[0.457s] DEBUG:colcon.colcon_installed_package_information.package_discovery:Found 300 installed packages in /opt/ros/jazzy
[0.461s] Level 1:colcon.colcon_core.package_discovery:discover_packages(prefix_path) using defaults
[0.560s] Level 5:colcon.colcon_core.verb:set package 'ndi_aurora_node' build argument 'cmake_args' from command line to 'None'
[0.561s] Level 5:colcon.colcon_core.verb:set package 'ndi_aurora_node' build argument 'cmake_target' from command line to 'None'
[0.561s] Level 5:colcon.colcon_core.verb:set package 'ndi_aurora_node' build argument 'cmake_target_skip_unavailable' from command line to 'False'
[0.561s] Level 5:colcon.colcon_core.verb:set package 'ndi_aurora_node' build argument 'cmake_clean_cache' from command line to 'False'
[0.561s] Level 5:colcon.colcon_core.verb:set package 'ndi_aurora_node' build argument 'cmake_clean_first' from command line to 'False'
[0.561s] Level 5:colcon.colcon_core.verb:set package 'ndi_aurora_node' build argument 'cmake_force_configure' from command line to 'False'
[0.561s] Level 5:colcon.colcon_core.verb:set package 'ndi_aurora_node' build argument 'ament_cmake_args' from command line to 'None'
[0.561s] Level 5:colcon.colcon_core.verb:set package 'ndi_aurora_node' build argument 'catkin_cmake_args' from command line to 'None'
[0.561s] Level 5:colcon.colcon_core.verb:set package 'ndi_aurora_node' build argument 'catkin_skip_building_tests' from command line to 'False'
[0.561s] DEBUG:colcon.colcon_core.verb:Building package 'ndi_aurora_node' with the following arguments: {'ament_cmake_args': None, 'build_base': '/home/yufei/code/Palpation_smoother/ros2/build/ndi_aurora_node', 'catkin_cmake_args': None, 'catkin_skip_building_tests': False, 'cmake_args': None, 'cmake_clean_cache': False, 'cmake_clean_first': False, 'cmake_force_configure': False, 'cmake_target': None, 'cmake_target_skip_unavailable': False, 'install_base': '/home/yufei/code/Palpation_smoother/ros2/install/ndi_aurora_node', 'merge_install': False, 'path': '/home/yufei/code/Palpation_smoother/ros2/src/ndi_aurora_node', 'symlink_install': False, 'test_result_base': None}
[0.562s] Level 5:colcon.colcon_core.verb:set package 'netft_reader' build argument 'cmake_args' from command line to 'None'
[0.562s] Level 5:colcon.colcon_core.verb:set package 'netft_reader' build argument 'cmake_target' from command line to 'None'
[0.562s] Level 5:colcon.colcon_core.verb:set package 'netft_reader' build argument 'cmake_target_skip_unavailable' from command line to 'False'
[0.562s] Level 5:colcon.colcon_core.verb:set package 'netft_reader' build argument 'cmake_clean_cache' from command line to 'False'
[0.562s] Level 5:colcon.colcon_core.verb:set package 'netft_reader' build argument 'cmake_clean_first' from command line to 'False'
[0.562s] Level 5:colcon.colcon_core.verb:set package 'netft_reader' build argument 'cmake_force_configure' from command line to 'False'
[0.562s] Level 5:colcon.colcon_core.verb:set package 'netft_reader' build argument 'ament_cmake_args' from command line to 'None'
[0.562s] Level 5:colcon.colcon_core.verb:set package 'netft_reader' build argument 'catkin_cmake_args' from command line to 'None'
[0.562s] Level 5:colcon.colcon_core.verb:set package 'netft_reader' build argument 'catkin_skip_building_tests' from command line to 'False'
[0.562s] DEBUG:colcon.colcon_core.verb:Building package 'netft_reader' with the following arguments: {'ament_cmake_args': None, 'build_base': '/home/yufei/code/Palpation_smoother/ros2/build/netft_reader', 'catkin_cmake_args': None, 'catkin_skip_building_tests': False, 'cmake_args': None, 'cmake_clean_cache': False, 'cmake_clean_first': False, 'cmake_force_configure': False, 'cmake_target': None, 'cmake_target_skip_unavailable': False, 'install_base': '/home/yufei/code/Palpation_smoother/ros2/install/netft_reader', 'merge_install': False, 'path': '/home/yufei/code/Palpation_smoother/ros2/src/netft_reader', 'symlink_install': False, 'test_result_base': None}
[0.563s] Level 5:colcon.colcon_core.verb:set package 'palpation_calibration' build argument 'cmake_args' from command line to 'None'
[0.563s] Level 5:colcon.colcon_core.verb:set package 'palpation_calibration' build argument 'cmake_target' from command line to 'None'
[0.563s] Level 5:colcon.colcon_core.verb:set package 'palpation_calibration' build argument 'cmake_target_skip_unavailable' from command line to 'False'
[0.563s] Level 5:colcon.colcon_core.verb:set package 'palpation_calibration' build argument 'cmake_clean_cache' from command line to 'False'
[0.563s] Level 5:colcon.colcon_core.verb:set package 'palpation_calibration' build argument 'cmake_clean_first' from command line to 'False'
[0.563s] Level 5:colcon.colcon_core.verb:set package 'palpation_calibration' build argument 'cmake_force_configure' from command line to 'False'
[0.563s] Level 5:colcon.colcon_core.verb:set package 'palpation_calibration' build argument 'ament_cmake_args' from command line to 'None'
[0.563s] Level 5:colcon.colcon_core.verb:set package 'palpation_calibration' build argument 'catkin_cmake_args' from command line to 'None'
[0.563s] Level 5:colcon.colcon_core.verb:set package 'palpation_calibration' build argument 'catkin_skip_building_tests' from command line to 'False'
[0.563s] DEBUG:colcon.colcon_core.verb:Building package 'palpation_calibration' with the following arguments: {'ament_cmake_args': None, 'build_base': '/home/yufei/code/Palpation_smoother/ros2/build/palpation_calibration', 'catkin_cmake_args': None, 'catkin_skip_building_tests': False, 'cmake_args': None, 'cmake_clean_cache': False, 'cmake_clean_first': False, 'cmake_force_configure': False, 'cmake_target': None, 'cmake_target_skip_unavailable': False, 'install_base': '/home/yufei/code/Palpation_smoother/ros2/install/palpation_calibration', 'merge_install': False, 'path': '/home/yufei/code/Palpation_smoother/ros2/src/palpation_calibration', 'symlink_install': False, 'test_result_base': None}
[0.564s] Level 5:colcon.colcon_core.verb:set package 'sync_logger_node' build argument 'cmake_args' from command line to 'None'
[0.564s] Level 5:colcon.colcon_core.verb:set package 'sync_logger_node' build argument 'cmake_target' from command line to 'None'
[0.564s] Level 5:colcon.colcon_core.verb:set package 'sync_logger_node' build argument 'cmake_target_skip_unavailable' from command line to 'False'
[0.564s] Level 5:colcon.colcon_core.verb:set package 'sync_logger_node' build argument 'cmake_clean_cache' from command line to 'False'
[0.564s] Level 5:colcon.colcon_core.verb:set package 'sync_logger_node' build argument 'cmake_clean_first' from command line to 'False'
[0.564s] Level 5:colcon.colcon_core.verb:set package 'sync_logger_node' build argument 'cmake_force_configure' from command line to 'False'
[0.564s] Level 5:colcon.colcon_core.verb:set package 'sync_logger_node' build argument 'ament_cmake_args' from command line to 'None'
[0.564s] Level 5:colcon.colcon_core.verb:set package 'sync_logger_node' build argument 'catkin_cmake_args' from command line to 'None'
[0.564s] Level 5:colcon.colcon_core.verb:set package 'sync_logger_node' build argument 'catkin_skip_building_tests' from command line to 'False'
[0.564s] DEBUG:colcon.colcon_core.verb:Building package 'sync_logger_node' with the following arguments: {'ament_cmake_args': None, 'build_base': '/home/yufei/code/Palpation_smoother/ros2/build/sync_logger_node', 'catkin_cmake_args': None, 'catkin_skip_building_tests': False, 'cmake_args': None, 'cmake_clean_cache': False, 'cmake_clean_first': False, 'cmake_force_configure': False, 'cmake_target': None, 'cmake_target_skip_unavailable': False, 'install_base': '/home/yufei/code/Palpation_smoother/ros2/install/sync_logger_node', 'merge_install': False, 'path': '/home/yufei/code/Palpation_smoother/ros2/src/sync_logger_node', 'symlink_install': False, 'test_result_base': None}
[0.564s] INFO:colcon.colcon_core.executor:Executing jobs using 'parallel' executor
[0.566s] DEBUG:colcon.colcon_parallel_executor.executor.parallel:run_until_complete
[0.567s] INFO:colcon.colcon_ros.task.ament_cmake.build:Building ROS package in '/home/yufei/code/Palpation_smoother/ros2/src/ndi_aurora_node' with build type 'ament_cmake'
[0.567s] INFO:colcon.colcon_cmake.task.cmake.build:Building CMake package in '/home/yufei/code/Palpation_smoother/ros2/src/ndi_aurora_node'
[0.571s] INFO:colcon.colcon_core.plugin_system:Skipping extension 'colcon_core.shell.bat': Not used on non-Windows systems
[0.572s] INFO:colcon.colcon_core.shell:Skip shell extension 'powershell' for command environment: Not usable outside of PowerShell
[0.572s] DEBUG:colcon.colcon_core.shell:Skip shell extension 'dsv' for command environment
[0.583s] INFO:colcon.colcon_ros.task.ament_cmake.build:Building ROS package in '/home/yufei/code/Palpation_smoother/ros2/src/netft_reader' with build type 'ament_cmake'
[0.584s] INFO:colcon.colcon_cmake.task.cmake.build:Building CMake package in '/home/yufei/code/Palpation_smoother/ros2/src/netft_reader'
[0.584s] INFO:colcon.colcon_core.shell:Skip shell extension 'powershell' for command environment: Not usable outside of PowerShell
[0.584s] DEBUG:colcon.colcon_core.shell:Skip shell extension 'dsv' for command environment
[0.594s] INFO:colcon.colcon_ros.task.ament_python.build:Building ROS package in '/home/yufei/code/Palpation_smoother/ros2/src/palpation_calibration' with build type 'ament_python'
[0.594s] Level 1:colcon.colcon_core.shell:create_environment_hook('palpation_calibration', 'ament_prefix_path')
[0.595s] INFO:colcon.colcon_core.shell:Creating environment hook '/home/yufei/code/Palpation_smoother/ros2/install/palpation_calibration/share/palpation_calibration/hook/ament_prefix_path.ps1'
[0.596s] INFO:colcon.colcon_core.shell:Creating environment descriptor '/home/yufei/code/Palpation_smoother/ros2/install/palpation_calibration/share/palpation_calibration/hook/ament_prefix_path.dsv'
[0.597s] INFO:colcon.colcon_core.shell:Creating environment hook '/home/yufei/code/Palpation_smoother/ros2/install/palpation_calibration/share/palpation_calibration/hook/ament_prefix_path.sh'
[0.598s] INFO:colcon.colcon_core.shell:Skip shell extension 'powershell' for command environment: Not usable outside of PowerShell
[0.599s] DEBUG:colcon.colcon_core.shell:Skip shell extension 'dsv' for command environment
[0.618s] DEBUG:colcon.colcon_core.event_handler.log_command:Invoking command in '/home/yufei/code/Palpation_smoother/ros2/build/ndi_aurora_node': CMAKE_PREFIX_PATH=${CMAKE_PREFIX_PATH}:/home/yufei/code/Palpation_smoother/ros2/install/palpation_calibration:/home/yufei/palpation_ws/install/ves_kinematic_calibration:/home/yufei/palpation_ws/install/sync_logger_py:/home/yufei/palpation_ws/install/palpation_force_pub:/home/yufei/palpation_ws/install/palpation_force_calibration:/opt/ros/jazzy DEBUGINFOD_URLS=https://debuginfod.ubuntu.com /usr/bin/cmake --build /home/yufei/code/Palpation_smoother/ros2/build/ndi_aurora_node -- -j12 -l12
[0.627s] DEBUG:colcon.colcon_core.event_handler.log_command:Invoking command in '/home/yufei/code/Palpation_smoother/ros2/build/netft_reader': CMAKE_PREFIX_PATH=${CMAKE_PREFIX_PATH}:/home/yufei/code/Palpation_smoother/ros2/install/palpation_calibration:/home/yufei/palpation_ws/install/ves_kinematic_calibration:/home/yufei/palpation_ws/install/sync_logger_py:/home/yufei/palpation_ws/install/palpation_force_pub:/home/yufei/palpation_ws/install/palpation_force_calibration:/opt/ros/jazzy DEBUGINFOD_URLS=https://debuginfod.ubuntu.com /usr/bin/cmake --build /home/yufei/code/Palpation_smoother/ros2/build/netft_reader -- -j12 -l12
[1.297s] INFO:colcon.colcon_core.task.python.build:Building Python package in '/home/yufei/code/Palpation_smoother/ros2/src/palpation_calibration'
[1.298s] INFO:colcon.colcon_core.shell:Skip shell extension 'powershell' for command environment: Not usable outside of PowerShell
[1.298s] DEBUG:colcon.colcon_core.shell:Skip shell extension 'dsv' for command environment
[1.307s] DEBUG:colcon.colcon_core.event_handler.log_command:Invoked command in '/home/yufei/code/Palpation_smoother/ros2/build/netft_reader' returned '0': CMAKE_PREFIX_PATH=${CMAKE_PREFIX_PATH}:/home/yufei/code/Palpation_smoother/ros2/install/palpation_calibration:/home/yufei/palpation_ws/install/ves_kinematic_calibration:/home/yufei/palpation_ws/install/sync_logger_py:/home/yufei/palpation_ws/install/palpation_force_pub:/home/yufei/palpation_ws/install/palpation_force_calibration:/opt/ros/jazzy DEBUGINFOD_URLS=https://debuginfod.ubuntu.com /usr/bin/cmake --build /home/yufei/code/Palpation_smoother/ros2/build/netft_reader -- -j12 -l12
[1.326s] DEBUG:colcon.colcon_core.event_handler.log_command:Invoking command in '/home/yufei/code/Palpation_smoother/ros2/build/netft_reader': CMAKE_PREFIX_PATH=${CMAKE_PREFIX_PATH}:/home/yufei/code/Palpation_smoother/ros2/install/palpation_calibration:/home/yufei/palpation_ws/install/ves_kinematic_calibration:/home/yufei/palpation_ws/install/sync_logger_py:/home/yufei/palpation_ws/install/palpation_force_pub:/home/yufei/palpation_ws/install/palpation_force_calibration:/opt/ros/jazzy DEBUGINFOD_URLS=https://debuginfod.ubuntu.com /usr/bin/cmake --install /home/yufei/code/Palpation_smoother/ros2/build/netft_reader
[1.327s] DEBUG:colcon.colcon_core.event_handler.log_command:Invoked command in '/home/yufei/code/Palpation_smoother/ros2/build/ndi_aurora_node' returned '0': CMAKE_PREFIX_PATH=${CMAKE_PREFIX_PATH}:/home/yufei/code/Palpation_smoother/ros2/install/palpation_calibration:/home/yufei/palpation_ws/install/ves_kinematic_calibration:/home/yufei/palpation_ws/install/sync_logger_py:/home/yufei/palpation_ws/install/palpation_force_pub:/home/yufei/palpation_ws/install/palpation_force_calibration:/opt/ros/jazzy DEBUGINFOD_URLS=https://debuginfod.ubuntu.com /usr/bin/cmake --build /home/yufei/code/Palpation_smoother/ros2/build/ndi_aurora_node -- -j12 -l12
[1.330s] DEBUG:colcon.colcon_core.event_handler.log_command:Invoking command in '/home/yufei/code/Palpation_smoother/ros2/build/ndi_aurora_node': CMAKE_PREFIX_PATH=${CMAKE_PREFIX_PATH}:/home/yufei/code/Palpation_smoother/ros2/install/palpation_calibration:/home/yufei/palpation_ws/install/ves_kinematic_calibration:/home/yufei/palpation_ws/install/sync_logger_py:/home/yufei/palpation_ws/install/palpation_force_pub:/home/yufei/palpation_ws/install/palpation_force_calibration:/opt/ros/jazzy DEBUGINFOD_URLS=https://debuginfod.ubuntu.com /usr/bin/cmake --install /home/yufei/code/Palpation_smoother/ros2/build/ndi_aurora_node
[1.356s] Level 1:colcon.colcon_core.environment:create_environment_scripts_only(ndi_aurora_node)
[1.374s] Level 1:colcon.colcon_core.environment:checking '/home/yufei/code/Palpation_smoother/ros2/install/ndi_aurora_node' for CMake module files
[1.378s] DEBUG:colcon.colcon_core.event_handler.log_command:Invoked command in '/home/yufei/code/Palpation_smoother/ros2/build/ndi_aurora_node' returned '0': CMAKE_PREFIX_PATH=${CMAKE_PREFIX_PATH}:/home/yufei/code/Palpation_smoother/ros2/install/palpation_calibration:/home/yufei/palpation_ws/install/ves_kinematic_calibration:/home/yufei/palpation_ws/install/sync_logger_py:/home/yufei/palpation_ws/install/palpation_force_pub:/home/yufei/palpation_ws/install/palpation_force_calibration:/opt/ros/jazzy DEBUGINFOD_URLS=https://debuginfod.ubuntu.com /usr/bin/cmake --install /home/yufei/code/Palpation_smoother/ros2/build/ndi_aurora_node
[1.379s] Level 1:colcon.colcon_core.environment:checking '/home/yufei/code/Palpation_smoother/ros2/install/ndi_aurora_node' for CMake config files
[1.380s] Level 1:colcon.colcon_core.shell:create_environment_hook('ndi_aurora_node', 'cmake_prefix_path')
[1.380s] INFO:colcon.colcon_core.shell:Creating environment hook '/home/yufei/code/Palpation_smoother/ros2/install/ndi_aurora_node/share/ndi_aurora_node/hook/cmake_prefix_path.ps1'
[1.382s] INFO:colcon.colcon_core.shell:Creating environment descriptor '/home/yufei/code/Palpation_smoother/ros2/install/ndi_aurora_node/share/ndi_aurora_node/hook/cmake_prefix_path.dsv'
[1.383s] INFO:colcon.colcon_core.shell:Creating environment hook '/home/yufei/code/Palpation_smoother/ros2/install/ndi_aurora_node/share/ndi_aurora_node/hook/cmake_prefix_path.sh'
[1.385s] Level 1:colcon.colcon_core.environment:checking '/home/yufei/code/Palpation_smoother/ros2/install/ndi_aurora_node/lib'
[1.385s] Level 1:colcon.colcon_core.environment:checking '/home/yufei/code/Palpation_smoother/ros2/install/ndi_aurora_node/bin'
[1.385s] Level 1:colcon.colcon_core.environment:checking '/home/yufei/code/Palpation_smoother/ros2/install/ndi_aurora_node/lib/pkgconfig/ndi_aurora_node.pc'
[1.386s] Level 1:colcon.colcon_core.environment:checking '/home/yufei/code/Palpation_smoother/ros2/install/ndi_aurora_node/lib/python3.12/site-packages'
[1.387s] Level 1:colcon.colcon_core.environment:checking '/home/yufei/code/Palpation_smoother/ros2/install/ndi_aurora_node/bin'
[1.387s] INFO:colcon.colcon_core.shell:Creating package script '/home/yufei/code/Palpation_smoother/ros2/install/ndi_aurora_node/share/ndi_aurora_node/package.ps1'
[1.390s] INFO:colcon.colcon_core.shell:Creating package descriptor '/home/yufei/code/Palpation_smoother/ros2/install/ndi_aurora_node/share/ndi_aurora_node/package.dsv'
[1.391s] INFO:colcon.colcon_core.shell:Creating package script '/home/yufei/code/Palpation_smoother/ros2/install/ndi_aurora_node/share/ndi_aurora_node/package.sh'
[1.393s] INFO:colcon.colcon_core.shell:Creating package script '/home/yufei/code/Palpation_smoother/ros2/install/ndi_aurora_node/share/ndi_aurora_node/package.bash'
[1.395s] INFO:colcon.colcon_core.shell:Creating package script '/home/yufei/code/Palpation_smoother/ros2/install/ndi_aurora_node/share/ndi_aurora_node/package.zsh'
[1.396s] Level 1:colcon.colcon_core.environment:create_file_with_runtime_dependencies(/home/yufei/code/Palpation_smoother/ros2/install/ndi_aurora_node/share/colcon-core/packages/ndi_aurora_node)
[1.397s] Level 1:colcon.colcon_core.environment:create_environment_scripts_only(ndi_aurora_node)
[1.398s] Level 1:colcon.colcon_core.environment:checking '/home/yufei/code/Palpation_smoother/ros2/install/ndi_aurora_node' for CMake module files
[1.399s] Level 1:colcon.colcon_core.environment:checking '/home/yufei/code/Palpation_smoother/ros2/install/ndi_aurora_node' for CMake config files
[1.400s] Level 1:colcon.colcon_core.shell:create_environment_hook('ndi_aurora_node', 'cmake_prefix_path')
[1.401s] INFO:colcon.colcon_core.shell:Creating environment hook '/home/yufei/code/Palpation_smoother/ros2/install/ndi_aurora_node/share/ndi_aurora_node/hook/cmake_prefix_path.ps1'
[1.402s] INFO:colcon.colcon_core.shell:Creating environment descriptor '/home/yufei/code/Palpation_smoother/ros2/install/ndi_aurora_node/share/ndi_aurora_node/hook/cmake_prefix_path.dsv'
[1.403s] INFO:colcon.colcon_core.shell:Creating environment hook '/home/yufei/code/Palpation_smoother/ros2/install/ndi_aurora_node/share/ndi_aurora_node/hook/cmake_prefix_path.sh'
[1.404s] Level 1:colcon.colcon_core.environment:checking '/home/yufei/code/Palpation_smoother/ros2/install/ndi_aurora_node/lib'
[1.405s] Level 1:colcon.colcon_core.environment:checking '/home/yufei/code/Palpation_smoother/ros2/install/ndi_aurora_node/bin'
[1.405s] Level 1:colcon.colcon_core.environment:checking '/home/yufei/code/Palpation_smoother/ros2/install/ndi_aurora_node/lib/pkgconfig/ndi_aurora_node.pc'
[1.406s] Level 1:colcon.colcon_core.environment:checking '/home/yufei/code/Palpation_smoother/ros2/install/ndi_aurora_node/lib/python3.12/site-packages'
[1.406s] Level 1:colcon.colcon_core.environment:checking '/home/yufei/code/Palpation_smoother/ros2/install/ndi_aurora_node/bin'
[1.407s] INFO:colcon.colcon_core.shell:Creating package script '/home/yufei/code/Palpation_smoother/ros2/install/ndi_aurora_node/share/ndi_aurora_node/package.ps1'
[1.408s] INFO:colcon.colcon_core.shell:Creating package descriptor '/home/yufei/code/Palpation_smoother/ros2/install/ndi_aurora_node/share/ndi_aurora_node/package.dsv'
[1.409s] INFO:colcon.colcon_core.shell:Creating package script '/home/yufei/code/Palpation_smoother/ros2/install/ndi_aurora_node/share/ndi_aurora_node/package.sh'
[1.410s] INFO:colcon.colcon_core.shell:Creating package script '/home/yufei/code/Palpation_smoother/ros2/install/ndi_aurora_node/share/ndi_aurora_node/package.bash'
[1.411s] INFO:colcon.colcon_core.shell:Creating package script '/home/yufei/code/Palpation_smoother/ros2/install/ndi_aurora_node/share/ndi_aurora_node/package.zsh'
[1.413s] Level 1:colcon.colcon_core.environment:create_file_with_runtime_dependencies(/home/yufei/code/Palpation_smoother/ros2/install/ndi_aurora_node/share/colcon-core/packages/ndi_aurora_node)
[1.414s] Level 1:colcon.colcon_core.environment:create_environment_scripts_only(netft_reader)
[1.415s] Level 1:colcon.colcon_core.environment:checking '/home/yufei/code/Palpation_smoother/ros2/install/netft_reader' for CMake module files
[1.418s] DEBUG:colcon.colcon_core.event_handler.log_command:Invoked command in '/home/yufei/code/Palpation_smoother/ros2/build/netft_reader' returned '0': CMAKE_PREFIX_PATH=${CMAKE_PREFIX_PATH}:/home/yufei/code/Palpation_smoother/ros2/install/palpation_calibration:/home/yufei/palpation_ws/install/ves_kinematic_calibration:/home/yufei/palpation_ws/install/sync_logger_py:/home/yufei/palpation_ws/install/palpation_force_pub:/home/yufei/palpation_ws/install/palpation_force_calibration:/opt/ros/jazzy DEBUGINFOD_URLS=https://debuginfod.ubuntu.com /usr/bin/cmake --install /home/yufei/code/Palpation_smoother/ros2/build/netft_reader
[1.418s] Level 1:colcon.colcon_core.environment:checking '/home/yufei/code/Palpation_smoother/ros2/install/netft_reader' for CMake config files
[1.419s] Level 1:colcon.colcon_core.shell:create_environment_hook('netft_reader', 'cmake_prefix_path')
[1.420s] INFO:colcon.colcon_core.shell:Creating environment hook '/home/yufei/code/Palpation_smoother/ros2/install/netft_reader/share/netft_reader/hook/cmake_prefix_path.ps1'
[1.421s] INFO:colcon.colcon_core.shell:Creating environment descriptor '/home/yufei/code/Palpation_smoother/ros2/install/netft_reader/share/netft_reader/hook/cmake_prefix_path.dsv'
[1.422s] INFO:colcon.colcon_core.shell:Creating environment hook '/home/yufei/code/Palpation_smoother/ros2/install/netft_reader/share/netft_reader/hook/cmake_prefix_path.sh'
[1.424s] Level 1:colcon.colcon_core.environment:checking '/home/yufei/code/Palpation_smoother/ros2/install/netft_reader/lib'
[1.424s] Level 1:colcon.colcon_core.environment:checking '/home/yufei/code/Palpation_smoother/ros2/install/netft_reader/bin'
[1.424s] Level 1:colcon.colcon_core.environment:checking '/home/yufei/code/Palpation_smoother/ros2/install/netft_reader/lib/pkgconfig/netft_reader.pc'
[1.425s] Level 1:colcon.colcon_core.environment:checking '/home/yufei/code/Palpation_smoother/ros2/install/netft_reader/lib/python3.12/site-packages'
[1.426s] Level 1:colcon.colcon_core.environment:checking '/home/yufei/code/Palpation_smoother/ros2/install/netft_reader/bin'
[1.426s] INFO:colcon.colcon_core.shell:Creating package script '/home/yufei/code/Palpation_smoother/ros2/install/netft_reader/share/netft_reader/package.ps1'
[1.427s] INFO:colcon.colcon_core.shell:Creating package descriptor '/home/yufei/code/Palpation_smoother/ros2/install/netft_reader/share/netft_reader/package.dsv'
[1.428s] INFO:colcon.colcon_core.shell:Creating package script '/home/yufei/code/Palpation_smoother/ros2/install/netft_reader/share/netft_reader/package.sh'
[1.429s] INFO:colcon.colcon_core.shell:Creating package script '/home/yufei/code/Palpation_smoother/ros2/install/netft_reader/share/netft_reader/package.bash'
[1.430s] INFO:colcon.colcon_core.shell:Creating package script '/home/yufei/code/Palpation_smoother/ros2/install/netft_reader/share/netft_reader/package.zsh'
[1.431s] Level 1:colcon.colcon_core.environment:create_file_with_runtime_dependencies(/home/yufei/code/Palpation_smoother/ros2/install/netft_reader/share/colcon-core/packages/netft_reader)
[1.433s] Level 1:colcon.colcon_core.environment:create_environment_scripts_only(netft_reader)
[1.433s] Level 1:colcon.colcon_core.environment:checking '/home/yufei/code/Palpation_smoother/ros2/install/netft_reader' for CMake module files
[1.435s] Level 1:colcon.colcon_core.environment:checking '/home/yufei/code/Palpation_smoother/ros2/install/netft_reader' for CMake config files
[1.436s] Level 1:colcon.colcon_core.shell:create_environment_hook('netft_reader', 'cmake_prefix_path')
[1.436s] INFO:colcon.colcon_core.shell:Creating environment hook '/home/yufei/code/Palpation_smoother/ros2/install/netft_reader/share/netft_reader/hook/cmake_prefix_path.ps1'
[1.437s] INFO:colcon.colcon_core.shell:Creating environment descriptor '/home/yufei/code/Palpation_smoother/ros2/install/netft_reader/share/netft_reader/hook/cmake_prefix_path.dsv'
[1.438s] INFO:colcon.colcon_core.shell:Creating environment hook '/home/yufei/code/Palpation_smoother/ros2/install/netft_reader/share/netft_reader/hook/cmake_prefix_path.sh'
[1.441s] Level 1:colcon.colcon_core.environment:checking '/home/yufei/code/Palpation_smoother/ros2/install/netft_reader/lib'
[1.441s] Level 1:colcon.colcon_core.environment:checking '/home/yufei/code/Palpation_smoother/ros2/install/netft_reader/bin'
[1.441s] Level 1:colcon.colcon_core.environment:checking '/home/yufei/code/Palpation_smoother/ros2/install/netft_reader/lib/pkgconfig/netft_reader.pc'
[1.442s] Level 1:colcon.colcon_core.environment:checking '/home/yufei/code/Palpation_smoother/ros2/install/netft_reader/lib/python3.12/site-packages'
[1.442s] Level 1:colcon.colcon_core.environment:checking '/home/yufei/code/Palpation_smoother/ros2/install/netft_reader/bin'
[1.443s] INFO:colcon.colcon_core.shell:Creating package script '/home/yufei/code/Palpation_smoother/ros2/install/netft_reader/share/netft_reader/package.ps1'
[1.444s] INFO:colcon.colcon_core.shell:Creating package descriptor '/home/yufei/code/Palpation_smoother/ros2/install/netft_reader/share/netft_reader/package.dsv'
[1.446s] INFO:colcon.colcon_core.shell:Creating package script '/home/yufei/code/Palpation_smoother/ros2/install/netft_reader/share/netft_reader/package.sh'
[1.447s] INFO:colcon.colcon_core.shell:Creating package script '/home/yufei/code/Palpation_smoother/ros2/install/netft_reader/share/netft_reader/package.bash'
[1.448s] INFO:colcon.colcon_core.shell:Creating package script '/home/yufei/code/Palpation_smoother/ros2/install/netft_reader/share/netft_reader/package.zsh'
[1.449s] Level 1:colcon.colcon_core.environment:create_file_with_runtime_dependencies(/home/yufei/code/Palpation_smoother/ros2/install/netft_reader/share/colcon-core/packages/netft_reader)
[1.450s] INFO:colcon.colcon_ros.task.ament_cmake.build:Building ROS package in '/home/yufei/code/Palpation_smoother/ros2/src/sync_logger_node' with build type 'ament_cmake'
[1.450s] INFO:colcon.colcon_cmake.task.cmake.build:Building CMake package in '/home/yufei/code/Palpation_smoother/ros2/src/sync_logger_node'
[1.451s] INFO:colcon.colcon_core.shell:Skip shell extension 'powershell' for command environment: Not usable outside of PowerShell
[1.451s] DEBUG:colcon.colcon_core.shell:Skip shell extension 'dsv' for command environment
[1.480s] DEBUG:colcon.colcon_core.event_handler.log_command:Invoking command in '/home/yufei/code/Palpation_smoother/ros2/build/sync_logger_node': CMAKE_PREFIX_PATH=/home/yufei/code/Palpation_smoother/ros2/install/ndi_aurora_node:/home/yufei/code/Palpation_smoother/ros2/install/sync_logger_node:/home/yufei/code/Palpation_smoother/ros2/install/netft_reader:/home/yufei/palpation_ws/install/sync_logger_node:/home/yufei/palpation_ws/install/netft_reader:/home/yufei/palpation_ws/install/ndi_aurora_node:/opt/ros/jazzy/opt/gz_math_vendor:/opt/ros/jazzy/opt/gz_utils_vendor:/opt/ros/jazzy/opt/gz_cmake_vendor:/home/yufei/code/Palpation_smoother/ros2/install/palpation_calibration:/home/yufei/palpation_ws/install/ves_kinematic_calibration:/home/yufei/palpation_ws/install/sync_logger_py:/home/yufei/palpation_ws/install/palpation_force_pub:/home/yufei/palpation_ws/install/palpation_force_calibration:/opt/ros/jazzy DEBUGINFOD_URLS=https://debuginfod.ubuntu.com /usr/bin/cmake --build /home/yufei/code/Palpation_smoother/ros2/build/sync_logger_node -- -j12 -l12
[1.641s] DEBUG:colcon.colcon_core.event_handler.log_command:Invoked command in '/home/yufei/code/Palpation_smoother/ros2/build/sync_logger_node' returned '0': CMAKE_PREFIX_PATH=/home/yufei/code/Palpation_smoother/ros2/install/ndi_aurora_node:/home/yufei/code/Palpation_smoother/ros2/install/sync_logger_node:/home/yufei/code/Palpation_smoother/ros2/install/netft_reader:/home/yufei/palpation_ws/install/sync_logger_node:/home/yufei/palpation_ws/install/netft_reader:/home/yufei/palpation_ws/install/ndi_aurora_node:/opt/ros/jazzy/opt/gz_math_vendor:/opt/ros/jazzy/opt/gz_utils_vendor:/opt/ros/jazzy/opt/gz_cmake_vendor:/home/yufei/code/Palpation_smoother/ros2/install/palpation_calibration:/home/yufei/palpation_ws/install/ves_kinematic_calibration:/home/yufei/palpation_ws/install/sync_logger_py:/home/yufei/palpation_ws/install/palpation_force_pub:/home/yufei/palpation_ws/install/palpation_force_calibration:/opt/ros/jazzy DEBUGINFOD_URLS=https://debuginfod.ubuntu.com /usr/bin/cmake --build /home/yufei/code/Palpation_smoother/ros2/build/sync_logger_node -- -j12 -l12
[1.643s] DEBUG:colcon.colcon_core.event_handler.log_command:Invoking command in '/home/yufei/code/Palpation_smoother/ros2/build/sync_logger_node': CMAKE_PREFIX_PATH=/home/yufei/code/Palpation_smoother/ros2/install/ndi_aurora_node:/home/yufei/code/Palpation_smoother/ros2/install/sync_logger_node:/home/yufei/code/Palpation_smoother/ros2/install/netft_reader:/home/yufei/palpation_ws/install/sync_logger_node:/home/yufei/palpation_ws/install/netft_reader:/home/yufei/palpation_ws/install/ndi_aurora_node:/opt/ros/jazzy/opt/gz_math_vendor:/opt/ros/jazzy/opt/gz_utils_vendor:/opt/ros/jazzy/opt/gz_cmake_vendor:/home/yufei/code/Palpation_smoother/ros2/install/palpation_calibration:/home/yufei/palpation_ws/install/ves_kinematic_calibration:/home/yufei/palpation_ws/install/sync_logger_py:/home/yufei/palpation_ws/install/palpation_force_pub:/home/yufei/palpation_ws/install/palpation_force_calibration:/opt/ros/jazzy DEBUGINFOD_URLS=https://debuginfod.ubuntu.com /usr/bin/cmake --install /home/yufei/code/Palpation_smoother/ros2/build/sync_logger_node
[1.665s] Level 1:colcon.colcon_core.environment:create_environment_scripts_only(sync_logger_node)
[1.665s] Level 1:colcon.colcon_core.environment:checking '/home/yufei/code/Palpation_smoother/ros2/install/sync_logger_node' for CMake module files
[1.666s] DEBUG:colcon.colcon_core.event_handler.log_command:Invoked command in '/home/yufei/code/Palpation_smoother/ros2/build/sync_logger_node' returned '0': CMAKE_PREFIX_PATH=/home/yufei/code/Palpation_smoother/ros2/install/ndi_aurora_node:/home/yufei/code/Palpation_smoother/ros2/install/sync_logger_node:/home/yufei/code/Palpation_smoother/ros2/install/netft_reader:/home/yufei/palpation_ws/install/sync_logger_node:/home/yufei/palpation_ws/install/netft_reader:/home/yufei/palpation_ws/install/ndi_aurora_node:/opt/ros/jazzy/opt/gz_math_vendor:/opt/ros/jazzy/opt/gz_utils_vendor:/opt/ros/jazzy/opt/gz_cmake_vendor:/home/yufei/code/Palpation_smoother/ros2/install/palpation_calibration:/home/yufei/palpation_ws/install/ves_kinematic_calibration:/home/yufei/palpation_ws/install/sync_logger_py:/home/yufei/palpation_ws/install/palpation_force_pub:/home/yufei/palpation_ws/install/palpation_force_calibration:/opt/ros/jazzy DEBUGINFOD_URLS=https://debuginfod.ubuntu.com /usr/bin/cmake --install /home/yufei/code/Palpation_smoother/ros2/build/sync_logger_node
[1.667s] Level 1:colcon.colcon_core.environment:checking '/home/yufei/code/Palpation_smoother/ros2/install/sync_logger_node' for CMake config files
[1.668s] Level 1:colcon.colcon_core.shell:create_environment_hook('sync_logger_node', 'cmake_prefix_path')
[1.669s] INFO:colcon.colcon_core.shell:Creating environment hook '/home/yufei/code/Palpation_smoother/ros2/install/sync_logger_node/share/sync_logger_node/hook/cmake_prefix_path.ps1'
[1.670s] INFO:colcon.colcon_core.shell:Creating environment descriptor '/home/yufei/code/Palpation_smoother/ros2/install/sync_logger_node/share/sync_logger_node/hook/cmake_prefix_path.dsv'
[1.672s] INFO:colcon.colcon_core.shell:Creating environment hook '/home/yufei/code/Palpation_smoother/ros2/install/sync_logger_node/share/sync_logger_node/hook/cmake_prefix_path.sh'
[1.673s] Level 1:colcon.colcon_core.environment:checking '/home/yufei/code/Palpation_smoother/ros2/install/sync_logger_node/lib'
[1.674s] Level 1:colcon.colcon_core.environment:checking '/home/yufei/code/Palpation_smoother/ros2/install/sync_logger_node/bin'
[1.674s] Level 1:colcon.colcon_core.environment:checking '/home/yufei/code/Palpation_smoother/ros2/install/sync_logger_node/lib/pkgconfig/sync_logger_node.pc'
[1.675s] Level 1:colcon.colcon_core.environment:checking '/home/yufei/code/Palpation_smoother/ros2/install/sync_logger_node/lib/python3.12/site-packages'
[1.675s] Level 1:colcon.colcon_core.environment:checking '/home/yufei/code/Palpation_smoother/ros2/install/sync_logger_node/bin'
[1.676s] INFO:colcon.colcon_core.shell:Creating package script '/home/yufei/code/Palpation_smoother/ros2/install/sync_logger_node/share/sync_logger_node/package.ps1'
[1.677s] INFO:colcon.colcon_core.shell:Creating package descriptor '/home/yufei/code/Palpation_smoother/ros2/install/sync_logger_node/share/sync_logger_node/package.dsv'
[1.678s] INFO:colcon.colcon_core.shell:Creating package script '/home/yufei/code/Palpation_smoother/ros2/install/sync_logger_node/share/sync_logger_node/package.sh'
[1.679s] INFO:colcon.colcon_core.shell:Creating package script '/home/yufei/code/Palpation_smoother/ros2/install/sync_logger_node/share/sync_logger_node/package.bash'
[1.679s] INFO:colcon.colcon_core.shell:Creating package script '/home/yufei/code/Palpation_smoother/ros2/install/sync_logger_node/share/sync_logger_node/package.zsh'
[1.680s] Level 1:colcon.colcon_core.environment:create_file_with_runtime_dependencies(/home/yufei/code/Palpation_smoother/ros2/install/sync_logger_node/share/colcon-core/packages/sync_logger_node)
[1.681s] Level 1:colcon.colcon_core.environment:create_environment_scripts_only(sync_logger_node)
[1.681s] Level 1:colcon.colcon_core.environment:checking '/home/yufei/code/Palpation_smoother/ros2/install/sync_logger_node' for CMake module files
[1.682s] Level 1:colcon.colcon_core.environment:checking '/home/yufei/code/Palpation_smoother/ros2/install/sync_logger_node' for CMake config files
[1.683s] Level 1:colcon.colcon_core.shell:create_environment_hook('sync_logger_node', 'cmake_prefix_path')
[1.683s] INFO:colcon.colcon_core.shell:Creating environment hook '/home/yufei/code/Palpation_smoother/ros2/install/sync_logger_node/share/sync_logger_node/hook/cmake_prefix_path.ps1'
[1.684s] INFO:colcon.colcon_core.shell:Creating environment descriptor '/home/yufei/code/Palpation_smoother/ros2/install/sync_logger_node/share/sync_logger_node/hook/cmake_prefix_path.dsv'
[1.685s] INFO:colcon.colcon_core.shell:Creating environment hook '/home/yufei/code/Palpation_smoother/ros2/install/sync_logger_node/share/sync_logger_node/hook/cmake_prefix_path.sh'
[1.686s] Level 1:colcon.colcon_core.environment:checking '/home/yufei/code/Palpation_smoother/ros2/install/sync_logger_node/lib'
[1.686s] Level 1:colcon.colcon_core.environment:checking '/home/yufei/code/Palpation_smoother/ros2/install/sync_logger_node/bin'
[1.686s] Level 1:colcon.colcon_core.environment:checking '/home/yufei/code/Palpation_smoother/ros2/install/sync_logger_node/lib/pkgconfig/sync_logger_node.pc'
[1.686s] Level 1:colcon.colcon_core.environment:checking '/home/yufei/code/Palpation_smoother/ros2/install/sync_logger_node/lib/python3.12/site-packages'
[1.687s] Level 1:colcon.colcon_core.environment:checking '/home/yufei/code/Palpation_smoother/ros2/install/sync_logger_node/bin'
[1.687s] INFO:colcon.colcon_core.shell:Creating package script '/home/yufei/code/Palpation_smoother/ros2/install/sync_logger_node/share/sync_logger_node/package.ps1'
[1.688s] INFO:colcon.colcon_core.shell:Creating package descriptor '/home/yufei/code/Palpation_smoother/ros2/install/sync_logger_node/share/sync_logger_node/package.dsv'
[1.689s] INFO:colcon.colcon_core.shell:Creating package script '/home/yufei/code/Palpation_smoother/ros2/install/sync_logger_node/share/sync_logger_node/package.sh'
[1.690s] INFO:colcon.colcon_core.shell:Creating package script '/home/yufei/code/Palpation_smoother/ros2/install/sync_logger_node/share/sync_logger_node/package.bash'
[1.691s] INFO:colcon.colcon_core.shell:Creating package script '/home/yufei/code/Palpation_smoother/ros2/install/sync_logger_node/share/sync_logger_node/package.zsh'
[1.691s] Level 1:colcon.colcon_core.environment:create_file_with_runtime_dependencies(/home/yufei/code/Palpation_smoother/ros2/install/sync_logger_node/share/colcon-core/packages/sync_logger_node)
[2.523s] DEBUG:colcon.colcon_core.event_handler.log_command:Invoking command in '/home/yufei/code/Palpation_smoother/ros2/src/palpation_calibration': DEBUGINFOD_URLS=https://debuginfod.ubuntu.com PYTHONPATH=/home/yufei/code/Palpation_smoother/ros2/build/palpation_calibration/prefix_override:/usr/lib/python3/dist-packages/colcon_core/task/python/colcon_distutils_commands:/home/yufei/code/Palpation_smoother/ros2/install/palpation_calibration/lib/python3.12/site-packages:${PYTHONPATH} /usr/bin/python3 -W ignore:setup.py install is deprecated -W ignore:easy_install command is deprecated setup.py egg_info --egg-base ../../build/palpation_calibration build --build-base /home/yufei/code/Palpation_smoother/ros2/build/palpation_calibration/build install --record /home/yufei/code/Palpation_smoother/ros2/build/palpation_calibration/install.log --single-version-externally-managed install_data
[3.476s] Level 1:colcon.colcon_core.environment:checking '/home/yufei/code/Palpation_smoother/ros2/install/palpation_calibration' for CMake module files
[3.477s] DEBUG:colcon.colcon_core.event_handler.log_command:Invoked command in '/home/yufei/code/Palpation_smoother/ros2/src/palpation_calibration' returned '0': DEBUGINFOD_URLS=https://debuginfod.ubuntu.com PYTHONPATH=/home/yufei/code/Palpation_smoother/ros2/build/palpation_calibration/prefix_override:/usr/lib/python3/dist-packages/colcon_core/task/python/colcon_distutils_commands:/home/yufei/code/Palpation_smoother/ros2/install/palpation_calibration/lib/python3.12/site-packages:${PYTHONPATH} /usr/bin/python3 -W ignore:setup.py install is deprecated -W ignore:easy_install command is deprecated setup.py egg_info --egg-base ../../build/palpation_calibration build --build-base /home/yufei/code/Palpation_smoother/ros2/build/palpation_calibration/build install --record /home/yufei/code/Palpation_smoother/ros2/build/palpation_calibration/install.log --single-version-externally-managed install_data
[3.478s] Level 1:colcon.colcon_core.environment:checking '/home/yufei/code/Palpation_smoother/ros2/install/palpation_calibration' for CMake config files
[3.480s] Level 1:colcon.colcon_core.environment:checking '/home/yufei/code/Palpation_smoother/ros2/install/palpation_calibration/lib'
[3.480s] Level 1:colcon.colcon_core.environment:checking '/home/yufei/code/Palpation_smoother/ros2/install/palpation_calibration/bin'
[3.480s] Level 1:colcon.colcon_core.environment:checking '/home/yufei/code/Palpation_smoother/ros2/install/palpation_calibration/lib/pkgconfig/palpation_calibration.pc'
[3.481s] Level 1:colcon.colcon_core.environment:checking '/home/yufei/code/Palpation_smoother/ros2/install/palpation_calibration/lib/python3.12/site-packages'
[3.481s] Level 1:colcon.colcon_core.shell:create_environment_hook('palpation_calibration', 'pythonpath')
[3.482s] INFO:colcon.colcon_core.shell:Creating environment hook '/home/yufei/code/Palpation_smoother/ros2/install/palpation_calibration/share/palpation_calibration/hook/pythonpath.ps1'
[3.483s] INFO:colcon.colcon_core.shell:Creating environment descriptor '/home/yufei/code/Palpation_smoother/ros2/install/palpation_calibration/share/palpation_calibration/hook/pythonpath.dsv'
[3.484s] INFO:colcon.colcon_core.shell:Creating environment hook '/home/yufei/code/Palpation_smoother/ros2/install/palpation_calibration/share/palpation_calibration/hook/pythonpath.sh'
[3.485s] Level 1:colcon.colcon_core.environment:checking '/home/yufei/code/Palpation_smoother/ros2/install/palpation_calibration/bin'
[3.485s] Level 1:colcon.colcon_core.environment:create_environment_scripts_only(palpation_calibration)
[3.486s] INFO:colcon.colcon_core.shell:Creating package script '/home/yufei/code/Palpation_smoother/ros2/install/palpation_calibration/share/palpation_calibration/package.ps1'
[3.487s] INFO:colcon.colcon_core.shell:Creating package descriptor '/home/yufei/code/Palpation_smoother/ros2/install/palpation_calibration/share/palpation_calibration/package.dsv'
[3.488s] INFO:colcon.colcon_core.shell:Creating package script '/home/yufei/code/Palpation_smoother/ros2/install/palpation_calibration/share/palpation_calibration/package.sh'
[3.488s] INFO:colcon.colcon_core.shell:Creating package script '/home/yufei/code/Palpation_smoother/ros2/install/palpation_calibration/share/palpation_calibration/package.bash'
[3.489s] INFO:colcon.colcon_core.shell:Creating package script '/home/yufei/code/Palpation_smoother/ros2/install/palpation_calibration/share/palpation_calibration/package.zsh'
[3.489s] Level 1:colcon.colcon_core.environment:create_file_with_runtime_dependencies(/home/yufei/code/Palpation_smoother/ros2/install/palpation_calibration/share/colcon-core/packages/palpation_calibration)
[3.490s] DEBUG:colcon.colcon_parallel_executor.executor.parallel:closing loop
[3.490s] DEBUG:colcon.colcon_parallel_executor.executor.parallel:loop closed
[3.490s] DEBUG:colcon.colcon_parallel_executor.executor.parallel:run_until_complete finished with '0'
[3.490s] DEBUG:colcon.colcon_core.event_reactor:joining thread
[3.507s] INFO:colcon.colcon_core.plugin_system:Skipping extension 'colcon_notification.desktop_notification.terminal_notifier': Not used on non-Darwin systems
[3.507s] INFO:colcon.colcon_core.plugin_system:Skipping extension 'colcon_notification.desktop_notification.win32': Not used on non-Windows systems
[3.507s] INFO:colcon.colcon_notification.desktop_notification:Sending desktop notification using 'notify2'
[3.537s] DEBUG:colcon.colcon_core.event_reactor:joined thread
[3.538s] INFO:colcon.colcon_core.shell:Creating prefix script '/home/yufei/code/Palpation_smoother/ros2/install/local_setup.ps1'
[3.540s] INFO:colcon.colcon_core.shell:Creating prefix util module '/home/yufei/code/Palpation_smoother/ros2/install/_local_setup_util_ps1.py'
[3.545s] INFO:colcon.colcon_core.shell:Creating prefix chain script '/home/yufei/code/Palpation_smoother/ros2/install/setup.ps1'
[3.549s] INFO:colcon.colcon_core.shell:Creating prefix script '/home/yufei/code/Palpation_smoother/ros2/install/local_setup.sh'
[3.551s] INFO:colcon.colcon_core.shell:Creating prefix util module '/home/yufei/code/Palpation_smoother/ros2/install/_local_setup_util_sh.py'
[3.553s] INFO:colcon.colcon_core.shell:Creating prefix chain script '/home/yufei/code/Palpation_smoother/ros2/install/setup.sh'
[3.558s] INFO:colcon.colcon_core.shell:Creating prefix script '/home/yufei/code/Palpation_smoother/ros2/install/local_setup.bash'
[3.560s] INFO:colcon.colcon_core.shell:Creating prefix chain script '/home/yufei/code/Palpation_smoother/ros2/install/setup.bash'
[3.565s] INFO:colcon.colcon_core.shell:Creating prefix script '/home/yufei/code/Palpation_smoother/ros2/install/local_setup.zsh'
[3.567s] INFO:colcon.colcon_core.shell:Creating prefix chain script '/home/yufei/code/Palpation_smoother/ros2/install/setup.zsh'
