[0.049s] Invoking command in '/home/yufei/code/Palpation_smoother/ros2/build/netft_reader': CMAKE_PREFIX_PATH=${CMAKE_PREFIX_PATH}:/home/yufei/code/Palpation_smoother/ros2/install/palpation_calibration:/home/yufei/palpation_ws/install/ves_kinematic_calibration:/home/yufei/palpation_ws/install/sync_logger_py:/home/yufei/palpation_ws/install/palpation_force_pub:/home/yufei/palpation_ws/install/palpation_force_calibration:/opt/ros/jazzy DEBUGINFOD_URLS=https://debuginfod.ubuntu.com /usr/bin/cmake --build /home/yufei/code/Palpation_smoother/ros2/build/netft_reader -- -j12 -l12
[0.256s] [ 33%] Built target netft_node
[0.271s] [ 66%] Built target netft_raw_node
[0.272s] [100%] Built target netft_baseraw_node
[0.696s] Invoked command in '/home/yufei/code/Palpation_smoother/ros2/build/netft_reader' returned '0': CMAKE_PREFIX_PATH=${CMAKE_PREFIX_PATH}:/home/yufei/code/Palpation_smoother/ros2/install/palpation_calibration:/home/yufei/palpation_ws/install/ves_kinematic_calibration:/home/yufei/palpation_ws/install/sync_logger_py:/home/yufei/palpation_ws/install/palpation_force_pub:/home/yufei/palpation_ws/install/palpation_force_calibration:/opt/ros/jazzy DEBUGINFOD_URLS=https://debuginfod.ubuntu.com /usr/bin/cmake --build /home/yufei/code/Palpation_smoother/ros2/build/netft_reader -- -j12 -l12
[0.713s] Invoking command in '/home/yufei/code/Palpation_smoother/ros2/build/netft_reader': CMAKE_PREFIX_PATH=${CMAKE_PREFIX_PATH}:/home/yufei/code/Palpation_smoother/ros2/install/palpation_calibration:/home/yufei/palpation_ws/install/ves_kinematic_calibration:/home/yufei/palpation_ws/install/sync_logger_py:/home/yufei/palpation_ws/install/palpation_force_pub:/home/yufei/palpation_ws/install/palpation_force_calibration:/opt/ros/jazzy DEBUGINFOD_URLS=https://debuginfod.ubuntu.com /usr/bin/cmake --install /home/yufei/code/Palpation_smoother/ros2/build/netft_reader
[0.730s] -- Install configuration: ""
[0.731s] -- Up-to-date: /home/yufei/code/Palpation_smoother/ros2/install/netft_reader/lib/netft_reader/netft_node
[0.731s] -- Up-to-date: /home/yufei/code/Palpation_smoother/ros2/install/netft_reader/lib/netft_reader/netft_raw_node
[0.732s] -- Up-to-date: /home/yufei/code/Palpation_smoother/ros2/install/netft_reader/lib/netft_reader/netft_baseraw_node
[0.732s] -- Up-to-date: /home/yufei/code/Palpation_smoother/ros2/install/netft_reader/include
[0.733s] -- Up-to-date: /home/yufei/code/Palpation_smoother/ros2/install/netft_reader/include/netft_reader
[0.733s] -- Up-to-date: /home/yufei/code/Palpation_smoother/ros2/install/netft_reader/include/netft_reader/netft_utils.h
[0.733s] -- Up-to-date: /home/yufei/code/Palpation_smoother/ros2/install/netft_reader/include/netft_reader/netft_rdt_driver.h
[0.733s] -- Up-to-date: /home/yufei/code/Palpation_smoother/ros2/install/netft_reader/share/ament_index/resource_index/package_run_dependencies/netft_reader
[0.734s] -- Up-to-date: /home/yufei/code/Palpation_smoother/ros2/install/netft_reader/share/ament_index/resource_index/parent_prefix_path/netft_reader
[0.734s] -- Up-to-date: /home/yufei/code/Palpation_smoother/ros2/install/netft_reader/share/netft_reader/environment/ament_prefix_path.sh
[0.734s] -- Up-to-date: /home/yufei/code/Palpation_smoother/ros2/install/netft_reader/share/netft_reader/environment/ament_prefix_path.dsv
[0.734s] -- Up-to-date: /home/yufei/code/Palpation_smoother/ros2/install/netft_reader/share/netft_reader/environment/path.sh
[0.736s] -- Up-to-date: /home/yufei/code/Palpation_smoother/ros2/install/netft_reader/share/netft_reader/environment/path.dsv
[0.738s] -- Up-to-date: /home/yufei/code/Palpation_smoother/ros2/install/netft_reader/share/netft_reader/local_setup.bash
[0.738s] -- Up-to-date: /home/yufei/code/Palpation_smoother/ros2/install/netft_reader/share/netft_reader/local_setup.sh
[0.738s] -- Up-to-date: /home/yufei/code/Palpation_smoother/ros2/install/netft_reader/share/netft_reader/local_setup.zsh
[0.738s] -- Up-to-date: /home/yufei/code/Palpation_smoother/ros2/install/netft_reader/share/netft_reader/local_setup.dsv
[0.739s] -- Installing: /home/yufei/code/Palpation_smoother/ros2/install/netft_reader/share/netft_reader/package.dsv
[0.739s] -- Up-to-date: /home/yufei/code/Palpation_smoother/ros2/install/netft_reader/share/ament_index/resource_index/packages/netft_reader
[0.740s] -- Up-to-date: /home/yufei/code/Palpation_smoother/ros2/install/netft_reader/share/netft_reader/cmake/netft_readerConfig.cmake
[0.740s] -- Up-to-date: /home/yufei/code/Palpation_smoother/ros2/install/netft_reader/share/netft_reader/cmake/netft_readerConfig-version.cmake
[0.740s] -- Up-to-date: /home/yufei/code/Palpation_smoother/ros2/install/netft_reader/share/netft_reader/package.xml
[0.751s] Invoked command in '/home/yufei/code/Palpation_smoother/ros2/build/netft_reader' returned '0': CMAKE_PREFIX_PATH=${CMAKE_PREFIX_PATH}:/home/yufei/code/Palpation_smoother/ros2/install/palpation_calibration:/home/yufei/palpation_ws/install/ves_kinematic_calibration:/home/yufei/palpation_ws/install/sync_logger_py:/home/yufei/palpation_ws/install/palpation_force_pub:/home/yufei/palpation_ws/install/palpation_force_calibration:/opt/ros/jazzy DEBUGINFOD_URLS=https://debuginfod.ubuntu.com /usr/bin/cmake --install /home/yufei/code/Palpation_smoother/ros2/build/netft_reader
