[0.050s] DEBUG:colcon:Command line arguments: ['/usr/bin/colcon', 'build']
[0.050s] DEBUG:colcon:Parsed command line arguments: Namespace(log_base=None, log_level=None, verb_name='build', build_base='build', install_base='install', merge_install=False, symlink_install=False, test_result_base=None, continue_on_error=False, executor='parallel', parallel_workers=12, event_handlers=None, ignore_user_meta=False, metas=['./colcon.meta'], base_paths=['.'], packages_ignore=None, packages_ignore_regex=None, paths=None, packages_up_to=None, packages_up_to_regex=None, packages_above=None, packages_above_and_dependencies=None, packages_above_depth=None, packages_select_by_dep=None, packages_skip_by_dep=None, packages_skip_up_to=None, packages_select_build_failed=False, packages_skip_build_finished=False, packages_select_test_failures=False, packages_skip_test_passed=False, packages_select=None, packages_skip=None, packages_select_regex=None, packages_skip_regex=None, packages_start=None, packages_end=None, allow_overriding=[], cmake_args=None, cmake_target=None, cmake_target_skip_unavailable=False, cmake_clean_cache=False, cmake_clean_first=False, cmake_force_configure=False, ament_cmake_args=None, catkin_cmake_args=None, catkin_skip_building_tests=False, verb_parser=<colcon_defaults.argument_parser.defaults.DefaultArgumentsDecorator object at 0x742ceb761400>, verb_extension=<colcon_core.verb.build.BuildVerb object at 0x742ceb8a5790>, main=<bound method BuildVerb.main of <colcon_core.verb.build.BuildVerb object at 0x742ceb8a5790>>)
[0.070s] Level 1:colcon.colcon_core.package_discovery:discover_packages(colcon_meta) check parameters
[0.070s] Level 1:colcon.colcon_core.package_discovery:discover_packages(recursive) check parameters
[0.070s] Level 1:colcon.colcon_core.package_discovery:discover_packages(ignore) check parameters
[0.070s] Level 1:colcon.colcon_core.package_discovery:discover_packages(path) check parameters
[0.070s] Level 1:colcon.colcon_core.package_discovery:discover_packages(colcon_meta) discover
[0.070s] Level 1:colcon.colcon_core.package_discovery:discover_packages(recursive) discover
[0.070s] INFO:colcon.colcon_core.package_discovery:Crawling recursively for packages in '/home/reach-lab/Palpation_smoother/ros2'
[0.070s] Level 1:colcon.colcon_core.package_identification:_identify(.) by extensions ['ignore', 'ignore_ament_install']
[0.071s] Level 1:colcon.colcon_core.package_identification:_identify(.) by extension 'ignore'
[0.071s] Level 1:colcon.colcon_core.package_identification:_identify(.) by extension 'ignore_ament_install'
[0.071s] Level 1:colcon.colcon_core.package_identification:_identify(.) by extensions ['colcon_pkg']
[0.071s] Level 1:colcon.colcon_core.package_identification:_identify(.) by extension 'colcon_pkg'
[0.071s] Level 1:colcon.colcon_core.package_identification:_identify(.) by extensions ['colcon_meta']
[0.071s] Level 1:colcon.colcon_core.package_identification:_identify(.) by extension 'colcon_meta'
[0.071s] Level 1:colcon.colcon_core.package_identification:_identify(.) by extensions ['ros']
[0.071s] Level 1:colcon.colcon_core.package_identification:_identify(.) by extension 'ros'
[0.085s] Level 1:colcon.colcon_core.package_identification:_identify(.) by extensions ['cmake', 'python']
[0.085s] Level 1:colcon.colcon_core.package_identification:_identify(.) by extension 'cmake'
[0.085s] Level 1:colcon.colcon_core.package_identification:_identify(.) by extension 'python'
[0.085s] Level 1:colcon.colcon_core.package_identification:_identify(.) by extensions ['python_setup_py']
[0.085s] Level 1:colcon.colcon_core.package_identification:_identify(.) by extension 'python_setup_py'
[0.085s] Level 1:colcon.colcon_core.package_identification:_identify(build) by extensions ['ignore', 'ignore_ament_install']
[0.085s] Level 1:colcon.colcon_core.package_identification:_identify(build) by extension 'ignore'
[0.085s] Level 1:colcon.colcon_core.package_identification:_identify(build) ignored
[0.085s] Level 1:colcon.colcon_core.package_identification:_identify(install) by extensions ['ignore', 'ignore_ament_install']
[0.086s] Level 1:colcon.colcon_core.package_identification:_identify(install) by extension 'ignore'
[0.086s] Level 1:colcon.colcon_core.package_identification:_identify(install) ignored
[0.086s] Level 1:colcon.colcon_core.package_identification:_identify(log) by extensions ['ignore', 'ignore_ament_install']
[0.086s] Level 1:colcon.colcon_core.package_identification:_identify(log) by extension 'ignore'
[0.086s] Level 1:colcon.colcon_core.package_identification:_identify(log) ignored
[0.086s] Level 1:colcon.colcon_core.package_identification:_identify(src) by extensions ['ignore', 'ignore_ament_install']
[0.086s] Level 1:colcon.colcon_core.package_identification:_identify(src) by extension 'ignore'
[0.086s] Level 1:colcon.colcon_core.package_identification:_identify(src) by extension 'ignore_ament_install'
[0.086s] Level 1:colcon.colcon_core.package_identification:_identify(src) by extensions ['colcon_pkg']
[0.086s] Level 1:colcon.colcon_core.package_identification:_identify(src) by extension 'colcon_pkg'
[0.086s] Level 1:colcon.colcon_core.package_identification:_identify(src) by extensions ['colcon_meta']
[0.086s] Level 1:colcon.colcon_core.package_identification:_identify(src) by extension 'colcon_meta'
[0.086s] Level 1:colcon.colcon_core.package_identification:_identify(src) by extensions ['ros']
[0.086s] Level 1:colcon.colcon_core.package_identification:_identify(src) by extension 'ros'
[0.086s] Level 1:colcon.colcon_core.package_identification:_identify(src) by extensions ['cmake', 'python']
[0.086s] Level 1:colcon.colcon_core.package_identification:_identify(src) by extension 'cmake'
[0.086s] Level 1:colcon.colcon_core.package_identification:_identify(src) by extension 'python'
[0.086s] Level 1:colcon.colcon_core.package_identification:_identify(src) by extensions ['python_setup_py']
[0.086s] Level 1:colcon.colcon_core.package_identification:_identify(src) by extension 'python_setup_py'
[0.086s] Level 1:colcon.colcon_core.package_identification:_identify(src/build) by extensions ['ignore', 'ignore_ament_install']
[0.086s] Level 1:colcon.colcon_core.package_identification:_identify(src/build) by extension 'ignore'
[0.086s] Level 1:colcon.colcon_core.package_identification:_identify(src/build) ignored
[0.086s] Level 1:colcon.colcon_core.package_identification:_identify(src/install) by extensions ['ignore', 'ignore_ament_install']
[0.086s] Level 1:colcon.colcon_core.package_identification:_identify(src/install) by extension 'ignore'
[0.086s] Level 1:colcon.colcon_core.package_identification:_identify(src/install) ignored
[0.086s] Level 1:colcon.colcon_core.package_identification:_identify(src/log) by extensions ['ignore', 'ignore_ament_install']
[0.086s] Level 1:colcon.colcon_core.package_identification:_identify(src/log) by extension 'ignore'
[0.086s] Level 1:colcon.colcon_core.package_identification:_identify(src/log) ignored
[0.086s] Level 1:colcon.colcon_core.package_identification:_identify(src/ndi_aurora_node) by extensions ['ignore', 'ignore_ament_install']
[0.086s] Level 1:colcon.colcon_core.package_identification:_identify(src/ndi_aurora_node) by extension 'ignore'
[0.086s] Level 1:colcon.colcon_core.package_identification:_identify(src/ndi_aurora_node) by extension 'ignore_ament_install'
[0.086s] Level 1:colcon.colcon_core.package_identification:_identify(src/ndi_aurora_node) by extensions ['colcon_pkg']
[0.086s] Level 1:colcon.colcon_core.package_identification:_identify(src/ndi_aurora_node) by extension 'colcon_pkg'
[0.086s] Level 1:colcon.colcon_core.package_identification:_identify(src/ndi_aurora_node) by extensions ['colcon_meta']
[0.086s] Level 1:colcon.colcon_core.package_identification:_identify(src/ndi_aurora_node) by extension 'colcon_meta'
[0.086s] Level 1:colcon.colcon_core.package_identification:_identify(src/ndi_aurora_node) by extensions ['ros']
[0.086s] Level 1:colcon.colcon_core.package_identification:_identify(src/ndi_aurora_node) by extension 'ros'
[0.088s] DEBUG:colcon.colcon_core.package_identification:Package 'src/ndi_aurora_node' with type 'ros.ament_cmake' and name 'ndi_aurora_node'
[0.088s] Level 1:colcon.colcon_core.package_identification:_identify(src/netft_reader) by extensions ['ignore', 'ignore_ament_install']
[0.088s] Level 1:colcon.colcon_core.package_identification:_identify(src/netft_reader) by extension 'ignore'
[0.088s] Level 1:colcon.colcon_core.package_identification:_identify(src/netft_reader) by extension 'ignore_ament_install'
[0.088s] Level 1:colcon.colcon_core.package_identification:_identify(src/netft_reader) by extensions ['colcon_pkg']
[0.088s] Level 1:colcon.colcon_core.package_identification:_identify(src/netft_reader) by extension 'colcon_pkg'
[0.088s] Level 1:colcon.colcon_core.package_identification:_identify(src/netft_reader) by extensions ['colcon_meta']
[0.088s] Level 1:colcon.colcon_core.package_identification:_identify(src/netft_reader) by extension 'colcon_meta'
[0.088s] Level 1:colcon.colcon_core.package_identification:_identify(src/netft_reader) by extensions ['ros']
[0.088s] Level 1:colcon.colcon_core.package_identification:_identify(src/netft_reader) by extension 'ros'
[0.089s] DEBUG:colcon.colcon_core.package_identification:Package 'src/netft_reader' with type 'ros.ament_cmake' and name 'netft_reader'
[0.089s] Level 1:colcon.colcon_core.package_identification:_identify(src/palpation_calibration) by extensions ['ignore', 'ignore_ament_install']
[0.089s] Level 1:colcon.colcon_core.package_identification:_identify(src/palpation_calibration) by extension 'ignore'
[0.089s] Level 1:colcon.colcon_core.package_identification:_identify(src/palpation_calibration) by extension 'ignore_ament_install'
[0.089s] Level 1:colcon.colcon_core.package_identification:_identify(src/palpation_calibration) by extensions ['colcon_pkg']
[0.089s] Level 1:colcon.colcon_core.package_identification:_identify(src/palpation_calibration) by extension 'colcon_pkg'
[0.089s] Level 1:colcon.colcon_core.package_identification:_identify(src/palpation_calibration) by extensions ['colcon_meta']
[0.089s] Level 1:colcon.colcon_core.package_identification:_identify(src/palpation_calibration) by extension 'colcon_meta'
[0.089s] Level 1:colcon.colcon_core.package_identification:_identify(src/palpation_calibration) by extensions ['ros']
[0.089s] Level 1:colcon.colcon_core.package_identification:_identify(src/palpation_calibration) by extension 'ros'
[0.089s] DEBUG:colcon.colcon_core.package_identification:Package 'src/palpation_calibration' with type 'ros.ament_python' and name 'palpation_calibration'
[0.089s] Level 1:colcon.colcon_core.package_identification:_identify(src/sync_logger_node) by extensions ['ignore', 'ignore_ament_install']
[0.089s] Level 1:colcon.colcon_core.package_identification:_identify(src/sync_logger_node) by extension 'ignore'
[0.089s] Level 1:colcon.colcon_core.package_identification:_identify(src/sync_logger_node) by extension 'ignore_ament_install'
[0.089s] Level 1:colcon.colcon_core.package_identification:_identify(src/sync_logger_node) by extensions ['colcon_pkg']
[0.089s] Level 1:colcon.colcon_core.package_identification:_identify(src/sync_logger_node) by extension 'colcon_pkg'
[0.089s] Level 1:colcon.colcon_core.package_identification:_identify(src/sync_logger_node) by extensions ['colcon_meta']
[0.089s] Level 1:colcon.colcon_core.package_identification:_identify(src/sync_logger_node) by extension 'colcon_meta'
[0.089s] Level 1:colcon.colcon_core.package_identification:_identify(src/sync_logger_node) by extensions ['ros']
[0.089s] Level 1:colcon.colcon_core.package_identification:_identify(src/sync_logger_node) by extension 'ros'
[0.090s] DEBUG:colcon.colcon_core.package_identification:Package 'src/sync_logger_node' with type 'ros.ament_cmake' and name 'sync_logger_node'
[0.090s] Level 1:colcon.colcon_core.package_discovery:discover_packages(recursive) using defaults
[0.090s] Level 1:colcon.colcon_core.package_discovery:discover_packages(ignore) discover
[0.090s] Level 1:colcon.colcon_core.package_discovery:discover_packages(ignore) using defaults
[0.090s] Level 1:colcon.colcon_core.package_discovery:discover_packages(path) discover
[0.090s] Level 1:colcon.colcon_core.package_discovery:discover_packages(path) using defaults
[0.100s] Level 1:colcon.colcon_core.package_discovery:discover_packages(prefix_path) check parameters
[0.100s] Level 1:colcon.colcon_core.package_discovery:discover_packages(prefix_path) discover
[0.101s] DEBUG:colcon.colcon_installed_package_information.package_discovery:Found 4 installed packages in /home/reach-lab/Palpation_smoother/ros2/install
[0.101s] DEBUG:colcon.colcon_installed_package_information.package_discovery:Found 285 installed packages in /opt/ros/jazzy
[0.102s] Level 1:colcon.colcon_core.package_discovery:discover_packages(prefix_path) using defaults
[0.120s] Level 5:colcon.colcon_core.verb:set package 'ndi_aurora_node' build argument 'cmake_args' from command line to 'None'
[0.120s] Level 5:colcon.colcon_core.verb:set package 'ndi_aurora_node' build argument 'cmake_target' from command line to 'None'
[0.120s] Level 5:colcon.colcon_core.verb:set package 'ndi_aurora_node' build argument 'cmake_target_skip_unavailable' from command line to 'False'
[0.120s] Level 5:colcon.colcon_core.verb:set package 'ndi_aurora_node' build argument 'cmake_clean_cache' from command line to 'False'
[0.120s] Level 5:colcon.colcon_core.verb:set package 'ndi_aurora_node' build argument 'cmake_clean_first' from command line to 'False'
[0.120s] Level 5:colcon.colcon_core.verb:set package 'ndi_aurora_node' build argument 'cmake_force_configure' from command line to 'False'
[0.120s] Level 5:colcon.colcon_core.verb:set package 'ndi_aurora_node' build argument 'ament_cmake_args' from command line to 'None'
[0.120s] Level 5:colcon.colcon_core.verb:set package 'ndi_aurora_node' build argument 'catkin_cmake_args' from command line to 'None'
[0.120s] Level 5:colcon.colcon_core.verb:set package 'ndi_aurora_node' build argument 'catkin_skip_building_tests' from command line to 'False'
[0.120s] DEBUG:colcon.colcon_core.verb:Building package 'ndi_aurora_node' with the following arguments: {'ament_cmake_args': None, 'build_base': '/home/reach-lab/Palpation_smoother/ros2/build/ndi_aurora_node', 'catkin_cmake_args': None, 'catkin_skip_building_tests': False, 'cmake_args': None, 'cmake_clean_cache': False, 'cmake_clean_first': False, 'cmake_force_configure': False, 'cmake_target': None, 'cmake_target_skip_unavailable': False, 'install_base': '/home/reach-lab/Palpation_smoother/ros2/install/ndi_aurora_node', 'merge_install': False, 'path': '/home/reach-lab/Palpation_smoother/ros2/src/ndi_aurora_node', 'symlink_install': False, 'test_result_base': None}
[0.120s] Level 5:colcon.colcon_core.verb:set package 'netft_reader' build argument 'cmake_args' from command line to 'None'
[0.120s] Level 5:colcon.colcon_core.verb:set package 'netft_reader' build argument 'cmake_target' from command line to 'None'
[0.120s] Level 5:colcon.colcon_core.verb:set package 'netft_reader' build argument 'cmake_target_skip_unavailable' from command line to 'False'
[0.120s] Level 5:colcon.colcon_core.verb:set package 'netft_reader' build argument 'cmake_clean_cache' from command line to 'False'
[0.120s] Level 5:colcon.colcon_core.verb:set package 'netft_reader' build argument 'cmake_clean_first' from command line to 'False'
[0.120s] Level 5:colcon.colcon_core.verb:set package 'netft_reader' build argument 'cmake_force_configure' from command line to 'False'
[0.120s] Level 5:colcon.colcon_core.verb:set package 'netft_reader' build argument 'ament_cmake_args' from command line to 'None'
[0.120s] Level 5:colcon.colcon_core.verb:set package 'netft_reader' build argument 'catkin_cmake_args' from command line to 'None'
[0.120s] Level 5:colcon.colcon_core.verb:set package 'netft_reader' build argument 'catkin_skip_building_tests' from command line to 'False'
[0.120s] DEBUG:colcon.colcon_core.verb:Building package 'netft_reader' with the following arguments: {'ament_cmake_args': None, 'build_base': '/home/reach-lab/Palpation_smoother/ros2/build/netft_reader', 'catkin_cmake_args': None, 'catkin_skip_building_tests': False, 'cmake_args': None, 'cmake_clean_cache': False, 'cmake_clean_first': False, 'cmake_force_configure': False, 'cmake_target': None, 'cmake_target_skip_unavailable': False, 'install_base': '/home/reach-lab/Palpation_smoother/ros2/install/netft_reader', 'merge_install': False, 'path': '/home/reach-lab/Palpation_smoother/ros2/src/netft_reader', 'symlink_install': False, 'test_result_base': None}
[0.121s] Level 5:colcon.colcon_core.verb:set package 'palpation_calibration' build argument 'cmake_args' from command line to 'None'
[0.121s] Level 5:colcon.colcon_core.verb:set package 'palpation_calibration' build argument 'cmake_target' from command line to 'None'
[0.121s] Level 5:colcon.colcon_core.verb:set package 'palpation_calibration' build argument 'cmake_target_skip_unavailable' from command line to 'False'
[0.121s] Level 5:colcon.colcon_core.verb:set package 'palpation_calibration' build argument 'cmake_clean_cache' from command line to 'False'
[0.121s] Level 5:colcon.colcon_core.verb:set package 'palpation_calibration' build argument 'cmake_clean_first' from command line to 'False'
[0.121s] Level 5:colcon.colcon_core.verb:set package 'palpation_calibration' build argument 'cmake_force_configure' from command line to 'False'
[0.121s] Level 5:colcon.colcon_core.verb:set package 'palpation_calibration' build argument 'ament_cmake_args' from command line to 'None'
[0.121s] Level 5:colcon.colcon_core.verb:set package 'palpation_calibration' build argument 'catkin_cmake_args' from command line to 'None'
[0.121s] Level 5:colcon.colcon_core.verb:set package 'palpation_calibration' build argument 'catkin_skip_building_tests' from command line to 'False'
[0.121s] DEBUG:colcon.colcon_core.verb:Building package 'palpation_calibration' with the following arguments: {'ament_cmake_args': None, 'build_base': '/home/reach-lab/Palpation_smoother/ros2/build/palpation_calibration', 'catkin_cmake_args': None, 'catkin_skip_building_tests': False, 'cmake_args': None, 'cmake_clean_cache': False, 'cmake_clean_first': False, 'cmake_force_configure': False, 'cmake_target': None, 'cmake_target_skip_unavailable': False, 'install_base': '/home/reach-lab/Palpation_smoother/ros2/install/palpation_calibration', 'merge_install': False, 'path': '/home/reach-lab/Palpation_smoother/ros2/src/palpation_calibration', 'symlink_install': False, 'test_result_base': None}
[0.121s] Level 5:colcon.colcon_core.verb:set package 'sync_logger_node' build argument 'cmake_args' from command line to 'None'
[0.121s] Level 5:colcon.colcon_core.verb:set package 'sync_logger_node' build argument 'cmake_target' from command line to 'None'
[0.121s] Level 5:colcon.colcon_core.verb:set package 'sync_logger_node' build argument 'cmake_target_skip_unavailable' from command line to 'False'
[0.121s] Level 5:colcon.colcon_core.verb:set package 'sync_logger_node' build argument 'cmake_clean_cache' from command line to 'False'
[0.121s] Level 5:colcon.colcon_core.verb:set package 'sync_logger_node' build argument 'cmake_clean_first' from command line to 'False'
[0.121s] Level 5:colcon.colcon_core.verb:set package 'sync_logger_node' build argument 'cmake_force_configure' from command line to 'False'
[0.121s] Level 5:colcon.colcon_core.verb:set package 'sync_logger_node' build argument 'ament_cmake_args' from command line to 'None'
[0.121s] Level 5:colcon.colcon_core.verb:set package 'sync_logger_node' build argument 'catkin_cmake_args' from command line to 'None'
[0.121s] Level 5:colcon.colcon_core.verb:set package 'sync_logger_node' build argument 'catkin_skip_building_tests' from command line to 'False'
[0.121s] DEBUG:colcon.colcon_core.verb:Building package 'sync_logger_node' with the following arguments: {'ament_cmake_args': None, 'build_base': '/home/reach-lab/Palpation_smoother/ros2/build/sync_logger_node', 'catkin_cmake_args': None, 'catkin_skip_building_tests': False, 'cmake_args': None, 'cmake_clean_cache': False, 'cmake_clean_first': False, 'cmake_force_configure': False, 'cmake_target': None, 'cmake_target_skip_unavailable': False, 'install_base': '/home/reach-lab/Palpation_smoother/ros2/install/sync_logger_node', 'merge_install': False, 'path': '/home/reach-lab/Palpation_smoother/ros2/src/sync_logger_node', 'symlink_install': False, 'test_result_base': None}
[0.121s] INFO:colcon.colcon_core.executor:Executing jobs using 'parallel' executor
[0.121s] DEBUG:colcon.colcon_parallel_executor.executor.parallel:run_until_complete
[0.122s] INFO:colcon.colcon_ros.task.ament_cmake.build:Building ROS package in '/home/reach-lab/Palpation_smoother/ros2/src/ndi_aurora_node' with build type 'ament_cmake'
[0.122s] INFO:colcon.colcon_cmake.task.cmake.build:Building CMake package in '/home/reach-lab/Palpation_smoother/ros2/src/ndi_aurora_node'
[0.123s] INFO:colcon.colcon_core.plugin_system:Skipping extension 'colcon_core.shell.bat': Not used on non-Windows systems
[0.123s] INFO:colcon.colcon_core.shell:Skip shell extension 'powershell' for command environment: Not usable outside of PowerShell
[0.123s] DEBUG:colcon.colcon_core.shell:Skip shell extension 'dsv' for command environment
[0.125s] INFO:colcon.colcon_ros.task.ament_cmake.build:Building ROS package in '/home/reach-lab/Palpation_smoother/ros2/src/netft_reader' with build type 'ament_cmake'
[0.125s] INFO:colcon.colcon_cmake.task.cmake.build:Building CMake package in '/home/reach-lab/Palpation_smoother/ros2/src/netft_reader'
[0.125s] INFO:colcon.colcon_core.shell:Skip shell extension 'powershell' for command environment: Not usable outside of PowerShell
[0.125s] DEBUG:colcon.colcon_core.shell:Skip shell extension 'dsv' for command environment
[0.126s] INFO:colcon.colcon_ros.task.ament_python.build:Building ROS package in '/home/reach-lab/Palpation_smoother/ros2/src/palpation_calibration' with build type 'ament_python'
[0.126s] Level 1:colcon.colcon_core.shell:create_environment_hook('palpation_calibration', 'ament_prefix_path')
[0.126s] INFO:colcon.colcon_core.shell:Creating environment hook '/home/reach-lab/Palpation_smoother/ros2/install/palpation_calibration/share/palpation_calibration/hook/ament_prefix_path.ps1'
[0.127s] INFO:colcon.colcon_core.shell:Creating environment descriptor '/home/reach-lab/Palpation_smoother/ros2/install/palpation_calibration/share/palpation_calibration/hook/ament_prefix_path.dsv'
[0.127s] INFO:colcon.colcon_core.shell:Creating environment hook '/home/reach-lab/Palpation_smoother/ros2/install/palpation_calibration/share/palpation_calibration/hook/ament_prefix_path.sh'
[0.127s] INFO:colcon.colcon_core.shell:Skip shell extension 'powershell' for command environment: Not usable outside of PowerShell
[0.127s] DEBUG:colcon.colcon_core.shell:Skip shell extension 'dsv' for command environment
[0.131s] DEBUG:colcon.colcon_core.event_handler.log_command:Invoking command in '/home/reach-lab/Palpation_smoother/ros2/build/ndi_aurora_node': CMAKE_PREFIX_PATH=${CMAKE_PREFIX_PATH}:/home/reach-lab/Palpation_smoother/ros2/install/palpation_calibration:/opt/ros/jazzy DEBUGINFOD_URLS=https://debuginfod.ubuntu.com /usr/bin/cmake --build /home/reach-lab/Palpation_smoother/ros2/build/ndi_aurora_node -- -j12 -l12
[0.132s] DEBUG:colcon.colcon_core.event_handler.log_command:Invoking command in '/home/reach-lab/Palpation_smoother/ros2/build/netft_reader': CMAKE_PREFIX_PATH=${CMAKE_PREFIX_PATH}:/home/reach-lab/Palpation_smoother/ros2/install/palpation_calibration:/opt/ros/jazzy DEBUGINFOD_URLS=https://debuginfod.ubuntu.com /usr/bin/cmake --build /home/reach-lab/Palpation_smoother/ros2/build/netft_reader -- -j12 -l12
[0.233s] INFO:colcon.colcon_core.task.python.build:Building Python package in '/home/reach-lab/Palpation_smoother/ros2/src/palpation_calibration'
[0.233s] INFO:colcon.colcon_core.shell:Skip shell extension 'powershell' for command environment: Not usable outside of PowerShell
[0.233s] DEBUG:colcon.colcon_core.shell:Skip shell extension 'dsv' for command environment
[0.236s] DEBUG:colcon.colcon_core.event_handler.log_command:Invoked command in '/home/reach-lab/Palpation_smoother/ros2/build/ndi_aurora_node' returned '0': CMAKE_PREFIX_PATH=${CMAKE_PREFIX_PATH}:/home/reach-lab/Palpation_smoother/ros2/install/palpation_calibration:/opt/ros/jazzy DEBUGINFOD_URLS=https://debuginfod.ubuntu.com /usr/bin/cmake --build /home/reach-lab/Palpation_smoother/ros2/build/ndi_aurora_node -- -j12 -l12
[0.240s] DEBUG:colcon.colcon_core.event_handler.log_command:Invoking command in '/home/reach-lab/Palpation_smoother/ros2/build/ndi_aurora_node': CMAKE_PREFIX_PATH=${CMAKE_PREFIX_PATH}:/home/reach-lab/Palpation_smoother/ros2/install/palpation_calibration:/opt/ros/jazzy DEBUGINFOD_URLS=https://debuginfod.ubuntu.com /usr/bin/cmake --install /home/reach-lab/Palpation_smoother/ros2/build/ndi_aurora_node
[0.240s] DEBUG:colcon.colcon_core.event_handler.log_command:Invoked command in '/home/reach-lab/Palpation_smoother/ros2/build/netft_reader' returned '2': CMAKE_PREFIX_PATH=${CMAKE_PREFIX_PATH}:/home/reach-lab/Palpation_smoother/ros2/install/palpation_calibration:/opt/ros/jazzy DEBUGINFOD_URLS=https://debuginfod.ubuntu.com /usr/bin/cmake --build /home/reach-lab/Palpation_smoother/ros2/build/netft_reader -- -j12 -l12
[0.240s] Level 1:colcon.colcon_core.environment:create_environment_scripts_only(netft_reader)
[0.241s] Level 1:colcon.colcon_core.environment:checking '/home/reach-lab/Palpation_smoother/ros2/install/netft_reader' for CMake module files
[0.241s] Level 1:colcon.colcon_core.environment:checking '/home/reach-lab/Palpation_smoother/ros2/install/netft_reader' for CMake config files
[0.241s] Level 1:colcon.colcon_core.shell:create_environment_hook('netft_reader', 'cmake_prefix_path')
[0.242s] INFO:colcon.colcon_core.shell:Creating environment hook '/home/reach-lab/Palpation_smoother/ros2/install/netft_reader/share/netft_reader/hook/cmake_prefix_path.ps1'
[0.242s] INFO:colcon.colcon_core.shell:Creating environment descriptor '/home/reach-lab/Palpation_smoother/ros2/install/netft_reader/share/netft_reader/hook/cmake_prefix_path.dsv'
[0.242s] INFO:colcon.colcon_core.shell:Creating environment hook '/home/reach-lab/Palpation_smoother/ros2/install/netft_reader/share/netft_reader/hook/cmake_prefix_path.sh'
[0.242s] Level 1:colcon.colcon_core.environment:checking '/home/reach-lab/Palpation_smoother/ros2/install/netft_reader/lib'
[0.242s] Level 1:colcon.colcon_core.environment:checking '/home/reach-lab/Palpation_smoother/ros2/install/netft_reader/bin'
[0.242s] Level 1:colcon.colcon_core.environment:checking '/home/reach-lab/Palpation_smoother/ros2/install/netft_reader/lib/pkgconfig/netft_reader.pc'
[0.242s] Level 1:colcon.colcon_core.environment:checking '/home/reach-lab/Palpation_smoother/ros2/install/netft_reader/lib/python3.12/site-packages'
[0.243s] Level 1:colcon.colcon_core.environment:checking '/home/reach-lab/Palpation_smoother/ros2/install/netft_reader/bin'
[0.243s] INFO:colcon.colcon_core.shell:Creating package script '/home/reach-lab/Palpation_smoother/ros2/install/netft_reader/share/netft_reader/package.ps1'
[0.243s] INFO:colcon.colcon_core.shell:Creating package descriptor '/home/reach-lab/Palpation_smoother/ros2/install/netft_reader/share/netft_reader/package.dsv'
[0.244s] INFO:colcon.colcon_core.shell:Creating package script '/home/reach-lab/Palpation_smoother/ros2/install/netft_reader/share/netft_reader/package.sh'
[0.245s] INFO:colcon.colcon_core.shell:Creating package script '/home/reach-lab/Palpation_smoother/ros2/install/netft_reader/share/netft_reader/package.bash'
[0.245s] INFO:colcon.colcon_core.shell:Creating package script '/home/reach-lab/Palpation_smoother/ros2/install/netft_reader/share/netft_reader/package.zsh'
[0.245s] Level 1:colcon.colcon_core.environment:create_file_with_runtime_dependencies(/home/reach-lab/Palpation_smoother/ros2/install/netft_reader/share/colcon-core/packages/netft_reader)
[0.256s] DEBUG:colcon.colcon_parallel_executor.executor.parallel:closing loop
[0.256s] DEBUG:colcon.colcon_parallel_executor.executor.parallel:loop closed
[0.256s] DEBUG:colcon.colcon_parallel_executor.executor.parallel:run_until_complete finished with '2'
[0.256s] DEBUG:colcon.colcon_core.event_reactor:joining thread
[0.258s] INFO:colcon.colcon_core.plugin_system:Skipping extension 'colcon_notification.desktop_notification.terminal_notifier': Not used on non-Darwin systems
[0.258s] INFO:colcon.colcon_core.plugin_system:Skipping extension 'colcon_notification.desktop_notification.win32': Not used on non-Windows systems
[0.258s] INFO:colcon.colcon_notification.desktop_notification:Sending desktop notification using 'notify2'
[0.265s] DEBUG:colcon.colcon_core.event_reactor:joined thread
[0.265s] INFO:colcon.colcon_core.shell:Creating prefix script '/home/reach-lab/Palpation_smoother/ros2/install/local_setup.ps1'
[0.266s] INFO:colcon.colcon_core.shell:Creating prefix util module '/home/reach-lab/Palpation_smoother/ros2/install/_local_setup_util_ps1.py'
[0.266s] INFO:colcon.colcon_core.shell:Creating prefix chain script '/home/reach-lab/Palpation_smoother/ros2/install/setup.ps1'
[0.266s] INFO:colcon.colcon_core.shell:Creating prefix script '/home/reach-lab/Palpation_smoother/ros2/install/local_setup.sh'
[0.266s] INFO:colcon.colcon_core.shell:Creating prefix util module '/home/reach-lab/Palpation_smoother/ros2/install/_local_setup_util_sh.py'
[0.267s] INFO:colcon.colcon_core.shell:Creating prefix chain script '/home/reach-lab/Palpation_smoother/ros2/install/setup.sh'
[0.267s] INFO:colcon.colcon_core.shell:Creating prefix script '/home/reach-lab/Palpation_smoother/ros2/install/local_setup.bash'
[0.267s] INFO:colcon.colcon_core.shell:Creating prefix chain script '/home/reach-lab/Palpation_smoother/ros2/install/setup.bash'
[0.268s] INFO:colcon.colcon_core.shell:Creating prefix script '/home/reach-lab/Palpation_smoother/ros2/install/local_setup.zsh'
[0.268s] INFO:colcon.colcon_core.shell:Creating prefix chain script '/home/reach-lab/Palpation_smoother/ros2/install/setup.zsh'
