[1.878s] Invoking command in '/home/yufei/code/Palpation_smoother/ros2/src/palpation_calibration': DEBUGINFOD_URLS=https://debuginfod.ubuntu.com PYTHONPATH=/home/yufei/code/Palpation_smoother/ros2/build/palpation_calibration/prefix_override:/usr/lib/python3/dist-packages/colcon_core/task/python/colcon_distutils_commands:/home/yufei/code/Palpation_smoother/ros2/install/palpation_calibration/lib/python3.12/site-packages:${PYTHONPATH} /usr/bin/python3 -W ignore:setup.py install is deprecated -W ignore:easy_install command is deprecated setup.py egg_info --egg-base ../../build/palpation_calibration build --build-base /home/yufei/code/Palpation_smoother/ros2/build/palpation_calibration/build install --record /home/yufei/code/Palpation_smoother/ros2/build/palpation_calibration/install.log --single-version-externally-managed install_data
[2.415s] running egg_info
[2.415s] creating ../../build/palpation_calibration/palpation_calibration.egg-info
[2.451s] writing ../../build/palpation_calibration/palpation_calibration.egg-info/PKG-INFO
[2.451s] writing dependency_links to ../../build/palpation_calibration/palpation_calibration.egg-info/dependency_links.txt
[2.452s] writing entry points to ../../build/palpation_calibration/palpation_calibration.egg-info/entry_points.txt
[2.452s] writing requirements to ../../build/palpation_calibration/palpation_calibration.egg-info/requires.txt
[2.452s] writing top-level names to ../../build/palpation_calibration/palpation_calibration.egg-info/top_level.txt
[2.452s] writing manifest file '../../build/palpation_calibration/palpation_calibration.egg-info/SOURCES.txt'
[2.523s] reading manifest file '../../build/palpation_calibration/palpation_calibration.egg-info/SOURCES.txt'
[2.525s] writing manifest file '../../build/palpation_calibration/palpation_calibration.egg-info/SOURCES.txt'
[2.525s] running build
[2.526s] running build_py
[2.526s] creating /home/yufei/code/Palpation_smoother/ros2/build/palpation_calibration/build
[2.526s] creating /home/yufei/code/Palpation_smoother/ros2/build/palpation_calibration/build/lib
[2.526s] creating /home/yufei/code/Palpation_smoother/ros2/build/palpation_calibration/build/lib/palpation_calibration
[2.527s] copying palpation_calibration/__init__.py -> /home/yufei/code/Palpation_smoother/ros2/build/palpation_calibration/build/lib/palpation_calibration
[2.527s] copying palpation_calibration/kinematic_calibration_runner.py -> /home/yufei/code/Palpation_smoother/ros2/build/palpation_calibration/build/lib/palpation_calibration
[2.527s] running install
[2.539s] running install_lib
[2.574s] running install_data
[2.574s] running install_egg_info
[2.611s] removing '/home/yufei/code/Palpation_smoother/ros2/install/palpation_calibration/lib/python3.12/site-packages/palpation_calibration-0.0.0-py3.12.egg-info' (and everything under it)
[2.611s] Copying ../../build/palpation_calibration/palpation_calibration.egg-info to /home/yufei/code/Palpation_smoother/ros2/install/palpation_calibration/lib/python3.12/site-packages/palpation_calibration-0.0.0-py3.12.egg-info
[2.612s] running install_scripts
[2.863s] Installing calibration_runner script to /home/yufei/code/Palpation_smoother/ros2/install/palpation_calibration/lib/palpation_calibration
[2.863s] writing list of installed files to '/home/yufei/code/Palpation_smoother/ros2/build/palpation_calibration/install.log'
[2.930s] Invoked command in '/home/yufei/code/Palpation_smoother/ros2/src/palpation_calibration' returned '0': DEBUGINFOD_URLS=https://debuginfod.ubuntu.com PYTHONPATH=/home/yufei/code/Palpation_smoother/ros2/build/palpation_calibration/prefix_override:/usr/lib/python3/dist-packages/colcon_core/task/python/colcon_distutils_commands:/home/yufei/code/Palpation_smoother/ros2/install/palpation_calibration/lib/python3.12/site-packages:${PYTHONPATH} /usr/bin/python3 -W ignore:setup.py install is deprecated -W ignore:easy_install command is deprecated setup.py egg_info --egg-base ../../build/palpation_calibration build --build-base /home/yufei/code/Palpation_smoother/ros2/build/palpation_calibration/build install --record /home/yufei/code/Palpation_smoother/ros2/build/palpation_calibration/install.log --single-version-externally-managed install_data
